{
	"id" : "A2xA1xA1xU1",
	"rank" : 5,
	"dim" : 15,
	"label" : "SU(3)xSU(2)xSU(2)xU(1)",
	"simple" : false,
	"semisimple" : false,
	"ngroups" : 4,
	"nabelians" : 1,
	"Casimir" : [
		3,
		2,
		2,
		0
	],
	"repsMaxDim" : 50,
	"hasReps" : false,
	"hasSubgroups" : true,
	"Reps" : [],
	"Subgroups" : [
		"A2(A)xA1(B)xU1(C)xU1(D)[A2xA1xA1xU1]",
		"A2(A)xA1(C)xU1(B)xU1(D)[A2xA1xA1xU1]",
		"A1(AA)xA1(B)xA1(C)xU1(AB)xU1(D)[A2xA1xA1xU1]",
		"A2(A)xU1(B)xU1(C)xU1(D)[A2xA1xA1xU1]",
		"A1(AA)xA1(C)xU1(AB)xU1(B)xU1(D)[A2xA1xA1xU1]",
		"A1(AA)xA1(B)xU1(AB)xU1(C)xU1(D)[A2xA1xA1xU1]",
		"A1(B)xA1(C)xU1(AA)xU1(AB)xU1(D)[A2xA1xA1xU1]",
		"A1(AA)xU1(AB)xU1(B)xU1(C)xU1(D)[A2xA1xA1xU1]",
		"A1(C)xU1(AA)xU1(AB)xU1(B)xU1(D)[A2xA1xA1xU1]",
		"A1(B)xU1(AA)xU1(AB)xU1(C)xU1(D)[A2xA1xA1xU1]",
		"U1(AA)xU1(AB)xU1(B)xU1(C)xU1(D)[A2xA1xA1xU1]",
		"A2(A)xA1(B)xA1(C)[A2xA1xA1xU1]",
		"A2(A)xA1(C)xU1(B)[A2xA1xA1xU1]",
		"A2(A)xA1(C)xU1(D)[A2xA1xA1xU1]",
		"A2(A)xA1(B)xU1(C)[A2xA1xA1xU1]",
		"A2(A)xA1(B)xU1(D)[A2xA1xA1xU1]",
		"A2(A)xU1(B)xU1(C)[A2xA1xA1xU1]",
		"A2(A)xU1(C)xU1(D)[A2xA1xA1xU1]",
		"A2(A)xU1(B)xU1(D)[A2xA1xA1xU1]",
		"A1(AA)xA1(B)xA1(C)xU1(D)[A2xA1xA1xU1]",
		"A1(AA)xA1(B)xA1(C)xU1(AB)[A2xA1xA1xU1]",
		"A1(B)xA1(C)xU1(AB)xU1(D)[A2xA1xA1xU1]",
		"A1(B)xA1(C)xU1(AA)xU1(AB)[A2xA1xA1xU1]",
		"A1(AA)xA1(B)xU1(C)xU1(D)[A2xA1xA1xU1]",
		"A1(AA)xA1(B)xU1(AB)xU1(C)[A2xA1xA1xU1]",
		"A1(AA)xA1(B)xU1(AB)xU1(D)[A2xA1xA1xU1]",
		"A1(AA)xA1(C)xU1(B)xU1(D)[A2xA1xA1xU1]",
		"A1(AA)xA1(C)xU1(AB)xU1(B)[A2xA1xA1xU1]",
		"A1(AA)xA1(C)xU1(AB)xU1(D)[A2xA1xA1xU1]",
		"A1(B)xA1(C)xU1(AA)xU1(D)[A2xA1xA1xU1]",
		"A1(AA)xU1(AB)xU1(B)xU1(D)[A2xA1xA1xU1]",
		"A1(C)xU1(AA)xU1(AB)xU1(B)[A2xA1xA1xU1]",
		"A1(C)xU1(AB)xU1(B)xU1(D)[A2xA1xA1xU1]",
		"A1(C)xU1(AA)xU1(B)xU1(D)[A2xA1xA1xU1]",
		"A1(C)xU1(AA)xU1(AB)xU1(D)[A2xA1xA1xU1]",
		"A1(AA)xU1(B)xU1(C)xU1(D)[A2xA1xA1xU1]",
		"A1(AA)xU1(AB)xU1(B)xU1(C)[A2xA1xA1xU1]",
		"A1(B)xU1(AA)xU1(AB)xU1(D)[A2xA1xA1xU1]",
		"A1(B)xU1(AA)xU1(C)xU1(D)[A2xA1xA1xU1]",
		"A1(B)xU1(AB)xU1(C)xU1(D)[A2xA1xA1xU1]",
		"A1(B)xU1(AA)xU1(AB)xU1(C)[A2xA1xA1xU1]",
		"A1(AA)xU1(AB)xU1(C)xU1(D)[A2xA1xA1xU1]",
		"U1(AA)xU1(B)xU1(C)xU1(D)[A2xA1xA1xU1]",
		"U1(AA)xU1(AB)xU1(B)xU1(C)[A2xA1xA1xU1]",
		"U1(AA)xU1(AB)xU1(C)xU1(D)[A2xA1xA1xU1]",
		"U1(AB)xU1(B)xU1(C)xU1(D)[A2xA1xA1xU1]",
		"U1(AA)xU1(AB)xU1(B)xU1(D)[A2xA1xA1xU1]",
		"A2(A)xA1(B)[A2xA1xA1xU1]",
		"A2(A)xA1(C)[A2xA1xA1xU1]",
		"A1(AA)xA1(B)xA1(C)[A2xA1xA1xU1]",
		"A2(A)xU1(B)[A2xA1xA1xU1]",
		"A2(A)xU1(C)[A2xA1xA1xU1]",
		"A2(A)xU1(D)[A2xA1xA1xU1]",
		"A1(AA)xA1(B)xU1(C)[A2xA1xA1xU1]",
		"A1(AA)xA1(B)xU1(AB)[A2xA1xA1xU1]",
		"A1(AA)xA1(B)xU1(D)[A2xA1xA1xU1]",
		"A1(B)xA1(C)xU1(AB)[A2xA1xA1xU1]",
		"A1(B)xA1(C)xU1(D)[A2xA1xA1xU1]",
		"A1(B)xA1(C)xU1(AA)[A2xA1xA1xU1]",
		"A1(AA)xA1(C)xU1(D)[A2xA1xA1xU1]",
		"A1(AA)xA1(C)xU1(AB)[A2xA1xA1xU1]",
		"A1(AA)xA1(C)xU1(B)[A2xA1xA1xU1]",
		"A1(C)xU1(AA)xU1(AB)[A2xA1xA1xU1]",
		"A1(C)xU1(B)xU1(D)[A2xA1xA1xU1]",
		"A1(AA)xU1(C)xU1(D)[A2xA1xA1xU1]",
		"A1(AA)xU1(AB)xU1(D)[A2xA1xA1xU1]",
		"A1(AA)xU1(B)xU1(C)[A2xA1xA1xU1]",
		"A1(C)xU1(AB)xU1(D)[A2xA1xA1xU1]",
		"A1(AA)xU1(AB)xU1(B)[A2xA1xA1xU1]",
		"A1(AA)xU1(AB)xU1(C)[A2xA1xA1xU1]",
		"A1(AA)xU1(B)xU1(D)[A2xA1xA1xU1]",
		"A1(C)xU1(AB)xU1(B)[A2xA1xA1xU1]",
		"A1(C)xU1(AA)xU1(B)[A2xA1xA1xU1]",
		"A1(B)xU1(AA)xU1(C)[A2xA1xA1xU1]",
		"A1(B)xU1(AA)xU1(AB)[A2xA1xA1xU1]",
		"A1(B)xU1(C)xU1(D)[A2xA1xA1xU1]",
		"A1(B)xU1(AB)xU1(D)[A2xA1xA1xU1]",
		"A1(B)xU1(AA)xU1(D)[A2xA1xA1xU1]",
		"A1(C)xU1(AA)xU1(D)[A2xA1xA1xU1]",
		"A1(B)xU1(AB)xU1(C)[A2xA1xA1xU1]",
		"U1(AA)xU1(AB)xU1(D)[A2xA1xA1xU1]",
		"U1(AA)xU1(AB)xU1(C)[A2xA1xA1xU1]",
		"U1(AA)xU1(AB)xU1(B)[A2xA1xA1xU1]",
		"U1(AA)xU1(B)xU1(C)[A2xA1xA1xU1]",
		"U1(AB)xU1(B)xU1(D)[A2xA1xA1xU1]",
		"U1(AA)xU1(C)xU1(D)[A2xA1xA1xU1]",
		"U1(AB)xU1(C)xU1(D)[A2xA1xA1xU1]",
		"U1(B)xU1(C)xU1(D)[A2xA1xA1xU1]",
		"U1(AA)xU1(B)xU1(D)[A2xA1xA1xU1]",
		"U1(AB)xU1(B)xU1(C)[A2xA1xA1xU1]",
		"A2(A)[A2xA1xA1xU1]",
		"A1(AA)xA1(B)[A2xA1xA1xU1]",
		"A1(AA)xA1(C)[A2xA1xA1xU1]",
		"A1(B)xA1(C)[A2xA1xA1xU1]",
		"A1(B)xU1(D)[A2xA1xA1xU1]",
		"A1(B)xU1(AA)[A2xA1xA1xU1]",
		"A1(B)xU1(AB)[A2xA1xA1xU1]",
		"A1(B)xU1(C)[A2xA1xA1xU1]",
		"A1(C)xU1(B)[A2xA1xA1xU1]",
		"A1(C)xU1(AB)[A2xA1xA1xU1]",
		"A1(C)xU1(AA)[A2xA1xA1xU1]",
		"A1(AA)xU1(C)[A2xA1xA1xU1]",
		"A1(AA)xU1(B)[A2xA1xA1xU1]",
		"A1(AA)xU1(D)[A2xA1xA1xU1]",
		"A1(C)xU1(D)[A2xA1xA1xU1]",
		"A1(AA)xU1(AB)[A2xA1xA1xU1]",
		"U1(C)xU1(D)[A2xA1xA1xU1]",
		"U1(AB)xU1(D)[A2xA1xA1xU1]",
		"U1(AB)xU1(B)[A2xA1xA1xU1]",
		"U1(AA)xU1(B)[A2xA1xA1xU1]",
		"U1(AB)xU1(C)[A2xA1xA1xU1]",
		"U1(AA)xU1(C)[A2xA1xA1xU1]",
		"U1(AA)xU1(AB)[A2xA1xA1xU1]",
		"U1(B)xU1(D)[A2xA1xA1xU1]",
		"U1(AA)xU1(D)[A2xA1xA1xU1]",
		"U1(B)xU1(C)[A2xA1xA1xU1]",
		"A1(AA)[A2xA1xA1xU1]",
		"A1(C)[A2xA1xA1xU1]",
		"A1(B)[A2xA1xA1xU1]",
		"U1(AB)[A2xA1xA1xU1]",
		"U1(C)[A2xA1xA1xU1]",
		"U1(B)[A2xA1xA1xU1]",
		"U1(AA)[A2xA1xA1xU1]",
		"U1(D)[A2xA1xA1xU1]"
	]
}
