{
	"id" : "(0,1,0,1,1)A3xA1xU1",
	"Group" : "A3(A)xA1(B)xU1(C)[D5]",
	"GroupRank" : 5,
	"HWeight" : [
		[
			0,
			1,
			0,
			1,
			1
		]
	],
	"dim" : 12,
	"real" : true,
	"label" : "{6, 2, 1.000}",
	"nirreps" : 3,
	"Casimir" : [
		2.5,
		0.75,
		1
	],
	"DynkinIndex" : [
		2,
		3,
		12
	],
	"hasWeights" : true,
	"Weights" : [
		"(0,1,0,1,1)A3xA1xU1",
		"(0,1,0,-1,1)A3xA1xU1",
		"(1,-1,1,1,1)A3xA1xU1",
		"(1,-1,1,-1,1)A3xA1xU1",
		"(-1,0,1,1,1)A3xA1xU1",
		"(-1,0,1,-1,1)A3xA1xU1",
		"(1,0,-1,1,1)A3xA1xU1",
		"(1,0,-1,-1,1)A3xA1xU1",
		"(-1,1,-1,1,1)A3xA1xU1",
		"(-1,1,-1,-1,1)A3xA1xU1",
		"(0,-1,0,1,1)A3xA1xU1",
		"(0,-1,0,-1,1)A3xA1xU1"
	]
}
