{
	"id" : "(1,0,0,1,0)A3xA1xU1",
	"Group" : "A3(A)xA1(B)xU1(C)[D5]",
	"GroupRank" : 5,
	"HWeight" : [
		[
			1,
			0,
			0,
			1,
			0
		]
	],
	"dim" : 8,
	"real" : false,
	"label" : "{4, 2, 0.000}",
	"nirreps" : 3,
	"Casimir" : [
		1.875,
		0.75,
		0
	],
	"DynkinIndex" : [
		1,
		2,
		0
	],
	"hasWeights" : true,
	"Weights" : [
		"(1,0,0,1,0)A3xA1xU1",
		"(1,0,0,-1,0)A3xA1xU1",
		"(-1,1,0,1,0)A3xA1xU1",
		"(-1,1,0,-1,0)A3xA1xU1",
		"(0,-1,1,1,0)A3xA1xU1",
		"(0,-1,1,-1,0)A3xA1xU1",
		"(0,0,-1,1,0)A3xA1xU1",
		"(0,0,-1,-1,0)A3xA1xU1"
	]
}
