{
	"rank" : 2,
	"dim" : 4,
	"label" : "SU(2)xU(1)",
	"simple" : false,
	"semisimple" : false,
	"ngroups" : 2,
	"nabelians" : 1,
	"Casimir" : [
		2,
		0
	],
	"repsMaxDim" : 50,
	"hasReps" : false,
	"hasSubgroups" : false,
	"Reps" : [],
	"Subgroups" : [],
	"id" : "A1(AAA)xU1(AAB)[A3xU1xU1]",
	"SuperGroups" : [
		{
			"A3(A)" : [
				{
					"A2(AA)" : [
						{
							"A1(AAA)" : []
						},
						{
							"U1(AAB)" : []
						}
					]
				}
			]
		},
		{
			"U1(B)" : []
		},
		{
			"U1(C)" : []
		}
	],
	"Projection" : [
		[
			0,
			0,
			-1,
			0,
			0
		],
		[
			0,
			-0.666667,
			-0.333333,
			0,
			0
		]
	],
	"labels" : [
		"AAA",
		"AAB"
	],
	"maximal" : false,
	"regular" : true,
	"special" : false
}
