[
	{
		"Group" : "D5",
		"BreakingChain" : [
			{
				"D5(A)" : [
					{
						"A2(A)" : [
							{
								"A2(A)" : []
							}
						]
					},
					{
						"A1(B)" : [
							{
								"A1(B)" : []
							}
						]
					},
					{
						"A1(C)" : [
							{
								"U1(D+C)" : []
							}
						]
					},
					{
						"U1(D)" : [
							{
								"U1(D+C)" : []
							}
						]
					}
				]
			}
		],
		"Fields" : [
			"(0,0,0,1,0)D5 (1,0)A1xA1",
			"(0,0,0,1,0)D5 (1,0)A1xA1",
			"(0,0,0,1,0)D5 (1,0)A1xA1",
			"(1,0,0,0,0)D5 (0,0)A1xA1",
			"(0,1,0,0,0)D5 (0,0)A1xA1",
			"(0,1,0,0,0)D5 (0,0)A1xA1",
			"(0,0,0,2,0)D5 (0,0)A1xA1",
			"(0,0,0,0,2)D5 (0,0)A1xA1"
		],
		"AnomalyFree" : true
	},
	{
		"Group" : "A2xA1xA1xU1",
		"BreakingChain" : [
			{
				"A2(A)" : [
					{
						"A2(A)" : []
					}
				]
			},
			{
				"A1(B)" : [
					{
						"A1(B)" : []
					}
				]
			},
			{
				"A1(C)" : [
					{
						"U1(D+C)" : []
					}
				]
			},
			{
				"U1(D)" : [
					{
						"U1(D+C)" : []
					}
				]
			}
		],
		"Fields" : [
			"(1,0,1,0,0.204)A2xA1xA1xU1 (1,0)A1xA1",
			"(1,0,1,0,0.204)A2xA1xA1xU1 (1,0)A1xA1",
			"(1,0,1,0,0.204)A2xA1xA1xU1 (1,0)A1xA1",
			"(0,1,0,1,-0.204)A2xA1xA1xU1 (1,0)A1xA1",
			"(0,1,0,1,-0.204)A2xA1xA1xU1 (1,0)A1xA1",
			"(0,1,0,1,-0.204)A2xA1xA1xU1 (1,0)A1xA1",
			"(0,0,1,0,-0.612)A2xA1xA1xU1 (1,0)A1xA1",
			"(0,0,1,0,-0.612)A2xA1xA1xU1 (1,0)A1xA1",
			"(0,0,1,0,-0.612)A2xA1xA1xU1 (1,0)A1xA1",
			"(0,0,0,1,0.612)A2xA1xA1xU1 (1,0)A1xA1",
			"(0,0,0,1,0.612)A2xA1xA1xU1 (1,0)A1xA1",
			"(0,0,0,1,0.612)A2xA1xA1xU1 (1,0)A1xA1",
			"(0,0,1,1,-0)A2xA1xA1xU1 (0,0)A1xA1",
			"(0,0,2,0,-0)A2xA1xA1xU1 (0,0)A1xA1",
			"(0,0,0,2,1.22)A2xA1xA1xU1 (0,0)A1xA1",
			"(0,0,0,2,-1.22)A2xA1xA1xU1 (0,0)A1xA1",
			"(0,0,0,2,-0)A2xA1xA1xU1 (0,0)A1xA1"
		],
		"norm" : -0.408248,
		"Mixing" : [
			[
				0.632456,
				0.774597
			]
		],
		"AnomalyFree" : true
	},
	{
		"Group" : "A2xA1xU1",
		"BreakingChain" : [
			{
				"A2(A)" : []
			},
			{
				"A1(B)" : []
			},
			{
				"U1(D+C)" : []
			},
			{
				"U1(D+C)" : []
			}
		],
		"Fields" : [
			"(1,0,1,0.129)A2xA1xU1 (1,0)A1xA1",
			"(1,0,1,0.129)A2xA1xU1 (1,0)A1xA1",
			"(1,0,1,0.129)A2xA1xU1 (1,0)A1xA1",
			"(0,1,0,-0.516)A2xA1xU1 (1,0)A1xA1",
			"(0,1,0,-0.516)A2xA1xU1 (1,0)A1xA1",
			"(0,1,0,-0.516)A2xA1xU1 (1,0)A1xA1",
			"(0,1,0,0.258)A2xA1xU1 (1,0)A1xA1",
			"(0,1,0,0.258)A2xA1xU1 (1,0)A1xA1",
			"(0,1,0,0.258)A2xA1xU1 (1,0)A1xA1",
			"(0,0,1,-0.387)A2xA1xU1 (1,0)A1xA1",
			"(0,0,1,-0.387)A2xA1xU1 (1,0)A1xA1",
			"(0,0,1,-0.387)A2xA1xU1 (1,0)A1xA1",
			"(0,0,0,0.774597)A2xA1xU1 (1,0)A1xA1",
			"(0,0,0,0.774597)A2xA1xU1 (1,0)A1xA1",
			"(0,0,0,0.774597)A2xA1xU1 (1,0)A1xA1",
			"(0,0,0,-0)A2xA1xU1 (1,0)A1xA1",
			"(0,0,0,-0)A2xA1xU1 (1,0)A1xA1",
			"(0,0,0,-0)A2xA1xU1 (1,0)A1xA1",
			"(0,0,1,-0.387)A2xA1xU1 (0,0)A1xA1",
			"(0,0,0,1.54919)A2xA1xU1 (0,0)A1xA1",
			"(0,0,0,0.774597)A2xA1xU1 (0,0)A1xA1",
			"(0,0,0,0.774597)A2xA1xU1 (0,0)A1xA1"
		],
		"AnomalyFree" : true
	}
]
