{
	"rank" : 4,
	"dim" : 10,
	"label" : "SU(2)xSU(2)xSU(2)xU(1)",
	"simple" : false,
	"semisimple" : false,
	"ngroups" : 4,
	"nabelians" : 1,
	"Casimir" : [
		2,
		2,
		2,
		0
	],
	"repsMaxDim" : 50,
	"hasReps" : false,
	"hasSubgroups" : false,
	"Reps" : [],
	"Subgroups" : [],
	"id" : "A1(AB)xA1(B)xA1(C)xU1(AA)[A3xA1xA1]",
	"SuperGroups" : [
		{
			"A3(A)" : [
				{
					"A1(AA)" : [
						{
							"A1(AA)" : []
						}
					]
				},
				{
					"A1(AB)" : [
						{
							"A1(AB)" : []
						}
					]
				},
				{
					"U1(AC)" : [
						{
							"A1(AC)" : []
						}
					]
				}
			]
		},
		{
			"A1(B)" : [
				{
					"A1(B)" : [
						{
							"U1(B)" : []
						}
					]
				}
			]
		},
		{
			"A1(C)" : []
		}
	],
	"Projection" : [
		[
			0,
			0,
			-1,
			0,
			0
		],
		[
			0,
			0,
			0,
			1,
			0
		],
		[
			0,
			0,
			0,
			0,
			1
		],
		[
			-0.5,
			0,
			0,
			0,
			0
		]
	],
	"labels" : [
		"AB",
		"B",
		"C",
		"AA"
	],
	"maximal" : false,
	"regular" : true,
	"special" : false
}
