{
	"rank" : 3,
	"dim" : 7,
	"label" : "SU(2)xSU(2)xU(1)",
	"simple" : false,
	"semisimple" : false,
	"ngroups" : 3,
	"nabelians" : 1,
	"Casimir" : [
		2,
		2,
		0
	],
	"repsMaxDim" : 50,
	"hasReps" : false,
	"hasSubgroups" : false,
	"Reps" : [],
	"Subgroups" : [],
	"id" : "A1(AAA)xA1(B)xU1(C)[A3xA1xA1]",
	"SuperGroups" : [
		{
			"A3(A)" : [
				{
					"A2(AA)" : [
						{
							"A1(AAA)" : []
						},
						{
							"A1(AAB)" : []
						}
					]
				}
			]
		},
		{
			"A1(B)" : []
		},
		{
			"A1(C)" : [
				{
					"U1(C)" : [
						{
							"U1(C)" : []
						}
					]
				}
			]
		}
	],
	"Projection" : [
		[
			0,
			0,
			-1,
			0,
			0
		],
		[
			0,
			0,
			0,
			1,
			0
		],
		[
			0,
			0,
			0,
			0,
			0.5
		]
	],
	"labels" : [
		"AAA",
		"B",
		"C"
	],
	"maximal" : false,
	"regular" : true,
	"special" : false
}
