{
	"rank" : 4,
	"dim" : 6,
	"label" : "SU(2)xU(1)xU(1)xU(1)",
	"simple" : false,
	"semisimple" : false,
	"ngroups" : 4,
	"nabelians" : 3,
	"Casimir" : [
		2,
		0,
		0,
		0
	],
	"repsMaxDim" : 50,
	"hasReps" : false,
	"hasSubgroups" : false,
	"Reps" : [],
	"Subgroups" : [],
	"id" : "A1(AAA)xU1(AAB)xU1(B)xU1(C)[A3xA1xA1]",
	"SuperGroups" : [
		{
			"A3(A)" : [
				{
					"A2(AA)" : [
						{
							"A1(AAA)" : []
						},
						{
							"U1(AAB)" : []
						}
					]
				}
			]
		},
		{
			"A1(B)" : [
				{
					"U1(B)" : [
						{
							"U1(B)" : []
						}
					]
				}
			]
		},
		{
			"A1(C)" : [
				{
					"U1(C)" : [
						{
							"U1(C)" : []
						}
					]
				}
			]
		}
	],
	"Projection" : [
		[
			0,
			0,
			-1,
			0,
			0
		],
		[
			0,
			-0.666667,
			-0.333333,
			0,
			0
		],
		[
			0,
			0,
			0,
			0.5,
			0
		],
		[
			0,
			0,
			0,
			0,
			0.5
		]
	],
	"labels" : [
		"AAA",
		"AAB",
		"B",
		"C"
	],
	"maximal" : false,
	"regular" : true,
	"special" : false
}
