{
	"rank" : 4,
	"dim" : 8,
	"label" : "SU(2)xSU(2)xU(1)xU(1)",
	"simple" : false,
	"semisimple" : false,
	"ngroups" : 4,
	"nabelians" : 2,
	"Casimir" : [
		2,
		2,
		0,
		0
	],
	"repsMaxDim" : 50,
	"hasReps" : false,
	"hasSubgroups" : false,
	"Reps" : [],
	"Subgroups" : [],
	"id" : "A1(B)xA1(C)xU1(AA)xU1(AB)[A3xA1xA1]",
	"SuperGroups" : [
		{
			"A3(A)" : [
				{
					"A1(AA)" : [
						{
							"U1(AA)" : [
								{
									"A1(A)" : []
								}
							]
						}
					]
				},
				{
					"A1(AB)" : [
						{
							"A1(AB)" : [
								{
									"A1(B)" : []
								}
							]
						}
					]
				},
				{
					"U1(AC)" : [
						{
							"A1(AC)" : [
								{
									"U1(C)" : []
								}
							]
						}
					]
				}
			]
		},
		{
			"A1(B)" : [
				{
					"A1(B)" : [
						{
							"A1(B)" : [
								{
									"U1(D)" : []
								}
							]
						}
					]
				}
			]
		},
		{
			"A1(C)" : []
		}
	],
	"Projection" : [
		[
			0,
			0,
			0,
			1,
			0
		],
		[
			0,
			0,
			0,
			0,
			1
		],
		[
			-0.5,
			0,
			0,
			0,
			0
		],
		[
			0,
			0,
			-0.5,
			0,
			0
		]
	],
	"labels" : [
		"B",
		"C",
		"AA",
		"AB"
	],
	"maximal" : false,
	"regular" : true,
	"special" : false
}
