{
	"rank" : 4,
	"dim" : 18,
	"label" : "SU(4)xSU(2)",
	"simple" : false,
	"semisimple" : true,
	"ngroups" : 2,
	"nabelians" : 0,
	"Casimir" : [
		4,
		2
	],
	"repsMaxDim" : 50,
	"hasReps" : false,
	"hasSubgroups" : false,
	"Reps" : [],
	"Subgroups" : [],
	"id" : "A3(A)xA1(C)[A3xA1xA1]",
	"SuperGroups" : [
		{
			"A3(A)" : [
				{
					"A3(A)" : []
				}
			]
		},
		{
			"A1(B)" : [
				{
					"A1(B)" : []
				}
			]
		},
		{
			"A1(C)" : []
		}
	],
	"Projection" : [
		[
			1,
			0,
			0,
			0,
			0
		],
		[
			0,
			1,
			0,
			0,
			0
		],
		[
			0,
			0,
			1,
			0,
			0
		],
		[
			0,
			0,
			0,
			0,
			1
		]
	],
	"labels" : [
		"A",
		"C"
	],
	"maximal" : true,
	"regular" : true,
	"special" : false
}
