{
	"rank" : 3,
	"dim" : 3,
	"label" : "U(1)xU(1)xU(1)",
	"simple" : false,
	"semisimple" : false,
	"ngroups" : 3,
	"nabelians" : 3,
	"Casimir" : [
		0,
		0,
		0
	],
	"repsMaxDim" : 50,
	"hasReps" : false,
	"hasSubgroups" : false,
	"Reps" : [],
	"Subgroups" : [],
	"id" : "U1(AA)xU1(B)xU1(C)[A3xA1xA1]",
	"SuperGroups" : [
		{
			"A3(A)" : [
				{
					"A1(AB)" : [
						{
							"U1(AB)" : []
						}
					]
				}
			]
		},
		{
			"A1(B)" : [
				{
					"U1(B)" : [
						{
							"U1(B)" : []
						}
					]
				}
			]
		},
		{
			"A1(C)" : [
				{
					"U1(C)" : [
						{
							"U1(C)" : []
						}
					]
				}
			]
		}
	],
	"Projection" : [
		[
			-0.5,
			0,
			0,
			0,
			0
		],
		[
			0,
			0,
			0,
			0.5,
			0
		],
		[
			0,
			0,
			0,
			0,
			0.5
		]
	],
	"labels" : [
		"AA",
		"B",
		"C"
	],
	"maximal" : false,
	"regular" : true,
	"special" : false
}
