{
	"rank" : 4,
	"dim" : 4,
	"label" : "U(1)xU(1)xU(1)xU(1)",
	"simple" : false,
	"semisimple" : false,
	"ngroups" : 4,
	"nabelians" : 4,
	"Casimir" : [
		0,
		0,
		0,
		0
	],
	"repsMaxDim" : 50,
	"hasReps" : false,
	"hasSubgroups" : false,
	"Reps" : [],
	"Subgroups" : [],
	"id" : "U1(AA)xU1(AB)xU1(AC)xU1(C)[A3xA1xA1]",
	"SuperGroups" : [
		{
			"A3(A)" : [
				{
					"A1(AA)" : [
						{
							"U1(AA)" : [
								{
									"U1(A)" : []
								}
							]
						}
					]
				},
				{
					"A1(AB)" : [
						{
							"A1(AB)" : [
								{
									"U1(B)" : []
								}
							]
						}
					]
				},
				{
					"U1(AC)" : [
						{
							"U1(AC)" : [
								{
									"U1(C)" : []
								}
							]
						}
					]
				}
			]
		},
		{
			"A1(B)" : []
		},
		{
			"A1(C)" : [
				{
					"U1(C)" : [
						{
							"U1(C)" : [
								{
									"U1(E)" : []
								}
							]
						}
					]
				}
			]
		}
	],
	"Projection" : [
		[
			-0.5,
			0,
			0,
			0,
			0
		],
		[
			0,
			0,
			-0.5,
			0,
			0
		],
		[
			-0.5,
			-1,
			-0.5,
			0,
			0
		],
		[
			0,
			0,
			0,
			0,
			0.5
		]
	],
	"labels" : [
		"AA",
		"AB",
		"AC",
		"C"
	],
	"maximal" : false,
	"regular" : true,
	"special" : false
}
