{
	"rank" : 2,
	"dim" : 2,
	"label" : "U(1)xU(1)",
	"simple" : false,
	"semisimple" : false,
	"ngroups" : 2,
	"nabelians" : 2,
	"Casimir" : [
		0,
		0
	],
	"repsMaxDim" : 50,
	"hasReps" : false,
	"hasSubgroups" : false,
	"Reps" : [],
	"Subgroups" : [],
	"id" : "U1(AAB)xU1(AB)[A3xA1xA1]",
	"SuperGroups" : [
		{
			"A3(A)" : [
				{
					"A2(AA)" : [
						{
							"U1(AA)" : []
						}
					]
				},
				{
					"U1(AB)" : [
						{
							"U1(AB)" : []
						}
					]
				}
			]
		},
		{
			"A1(B)" : []
		},
		{
			"A1(C)" : []
		}
	],
	"Projection" : [
		[
			0,
			-0.666667,
			-0.333333,
			0,
			0
		],
		[
			0.75,
			0.5,
			0.25,
			0,
			0
		]
	],
	"labels" : [
		"AAB",
		"AB"
	],
	"maximal" : false,
	"regular" : true,
	"special" : false
}
