{
	"rank" : 3,
	"dim" : 5,
	"label" : "SU(2)xU(1)xU(1)",
	"simple" : false,
	"semisimple" : false,
	"ngroups" : 3,
	"nabelians" : 2,
	"Casimir" : [
		2,
		0,
		0
	],
	"repsMaxDim" : 50,
	"hasReps" : false,
	"hasSubgroups" : false,
	"Reps" : [],
	"Subgroups" : [],
	"id" : "A1(AAA)xU1(AC)xU1(B)[A4xU1]",
	"SuperGroups" : [
		{
			"A4(A)" : [
				{
					"A2(AA)" : [
						{
							"A1(A)" : []
						}
					]
				},
				{
					"U1(AC)" : [
						{
							"U1(C)" : []
						}
					]
				}
			]
		},
		{
			"U1(B)" : [
				{
					"U1(B)" : [
						{
							"U1(D)" : []
						}
					]
				}
			]
		}
	],
	"Projection" : [
		[
			0,
			0,
			0,
			-1,
			0
		],
		[
			0.6,
			1.2,
			0.8,
			0.4,
			0
		],
		[
			0,
			0,
			0,
			0,
			1
		]
	],
	"labels" : [
		"AAA",
		"AC",
		"B"
	],
	"maximal" : false,
	"regular" : true,
	"special" : false
}
