{
	"rank" : 4,
	"dim" : 8,
	"label" : "SU(2)xSU(2)xU(1)xU(1)",
	"simple" : false,
	"semisimple" : false,
	"ngroups" : 4,
	"nabelians" : 2,
	"Casimir" : [
		2,
		2,
		0,
		0
	],
	"repsMaxDim" : 50,
	"hasReps" : false,
	"hasSubgroups" : false,
	"Reps" : [],
	"Subgroups" : [],
	"id" : "A1(AAA)xA1(AB)xU1(AAB)xU1(AC)[A4xU1]",
	"SuperGroups" : [
		{
			"A4(A)" : [
				{
					"A2(AA)" : [
						{
							"A1(AAA)" : []
						},
						{
							"A1(AAB)" : []
						}
					]
				},
				{
					"A1(AB)" : [
						{
							"U1(AB)" : []
						}
					]
				},
				{
					"U1(AC)" : [
						{
							"U1(AC)" : []
						}
					]
				}
			]
		},
		{
			"U1(B)" : []
		}
	],
	"Projection" : [
		[
			0,
			0,
			0,
			-1,
			0
		],
		[
			1,
			0,
			0,
			0,
			0
		],
		[
			0,
			0,
			-0.666667,
			-0.333333,
			0
		],
		[
			0.6,
			1.2,
			0.8,
			0.4,
			0
		]
	],
	"labels" : [
		"AAA",
		"AB",
		"AAB",
		"AC"
	],
	"maximal" : false,
	"regular" : true,
	"special" : false
}
