{
	"rank" : 2,
	"dim" : 6,
	"label" : "SU(2)xSU(2)",
	"simple" : false,
	"semisimple" : true,
	"ngroups" : 2,
	"nabelians" : 0,
	"Casimir" : [
		2,
		2
	],
	"repsMaxDim" : 50,
	"hasReps" : false,
	"hasSubgroups" : false,
	"Reps" : [],
	"Subgroups" : [],
	"id" : "A1(AAA)xA1(AB)[A4xU1]",
	"SuperGroups" : [
		{
			"A4(A)" : [
				{
					"A2(AA)" : [
						{
							"A1(AAA)" : []
						},
						{
							"A1(AAB)" : []
						}
					]
				}
			]
		},
		{
			"U1(B)" : []
		}
	],
	"Projection" : [
		[
			0,
			0,
			0,
			-1,
			0
		],
		[
			1,
			0,
			0,
			0,
			0
		]
	],
	"labels" : [
		"AAA",
		"AB"
	],
	"maximal" : false,
	"regular" : true,
	"special" : false
}
