{
	"rank" : 4,
	"dim" : 6,
	"label" : "SU(2)xU(1)xU(1)xU(1)",
	"simple" : false,
	"semisimple" : false,
	"ngroups" : 4,
	"nabelians" : 3,
	"Casimir" : [
		2,
		0,
		0,
		0
	],
	"repsMaxDim" : 50,
	"hasReps" : false,
	"hasSubgroups" : false,
	"Reps" : [],
	"Subgroups" : [],
	"id" : "A1(AAA)xU1(AAB)xU1(AAC)xU1(B)[A4xU1]",
	"SuperGroups" : [
		{
			"A4(A)" : [
				{
					"A3(AA)" : [
						{
							"A1(AAA)" : [
								{
									"A1(AA)" : []
								}
							]
						},
						{
							"A1(AAB)" : [
								{
									"U1(AB)" : []
								}
							]
						},
						{
							"U1(AAC)" : [
								{
									"U1(AC)" : []
								}
							]
						}
					]
				}
			]
		},
		{
			"U1(B)" : [
				{
					"U1(B)" : [
						{
							"U1(B)" : [
								{
									"U1(C)" : []
								}
							]
						}
					]
				}
			]
		}
	],
	"Projection" : [
		[
			0,
			1,
			0,
			0,
			0
		],
		[
			0,
			0,
			0,
			0.5,
			0
		],
		[
			0,
			0.5,
			1,
			0.5,
			0
		],
		[
			0,
			0,
			0,
			0,
			1
		]
	],
	"labels" : [
		"AAA",
		"AAB",
		"AAC",
		"B"
	],
	"maximal" : false,
	"regular" : true,
	"special" : false
}
