{
	"rank" : 1,
	"type" : "A",
	"dim" : 3,
	"order" : 2,
	"label" : "SU(2)",
	"abelian" : false,
	"Cartan" : [
		[
			2
		]
	],
	"G" : [
		[
			0.5
		]
	],
	"Casimir" : 2,
	"repsMaxDim" : 50,
	"hasReps" : false,
	"hasSubgroups" : false,
	"Reps" : [],
	"Subgroups" : [],
	"id" : "A1(AB)[A4xU1]",
	"SuperGroups" : [
		{
			"A4(A)" : [
				{
					"A2(AA)" : [
						{
							"A1(AA)" : []
						}
					]
				}
			]
		},
		{
			"U1(B)" : []
		}
	],
	"Projection" : [
		[
			1,
			0,
			0,
			0,
			0
		]
	],
	"labels" : [
		"AB"
	],
	"maximal" : false,
	"regular" : true,
	"special" : false
}
