{
	"rank" : 4,
	"dim" : 10,
	"label" : "SU(3)xU(1)xU(1)",
	"simple" : false,
	"semisimple" : false,
	"ngroups" : 3,
	"nabelians" : 2,
	"Casimir" : [
		3,
		0,
		0
	],
	"repsMaxDim" : 50,
	"hasReps" : false,
	"hasSubgroups" : false,
	"Reps" : [],
	"Subgroups" : [],
	"id" : "A2(AA)xU1(AC)xU1(B)[A4xU1]",
	"SuperGroups" : [
		{
			"A4(A)" : [
				{
					"A2(AA)" : []
				},
				{
					"U1(AC)" : []
				}
			]
		},
		{
			"U1(B)" : [
				{
					"U1(B)" : []
				}
			]
		}
	],
	"Projection" : [
		[
			0,
			0,
			1,
			0,
			0
		],
		[
			0,
			0,
			0,
			1,
			0
		],
		[
			0.6,
			1.2,
			0.8,
			0.4,
			0
		],
		[
			0,
			0,
			0,
			0,
			1
		]
	],
	"labels" : [
		"AA",
		"AC",
		"B"
	],
	"maximal" : true,
	"regular" : true,
	"special" : false
}
