{
	"rank" : 5,
	"dim" : 17,
	"label" : "SU(4)xU(1)xU(1)",
	"simple" : false,
	"semisimple" : false,
	"ngroups" : 3,
	"nabelians" : 2,
	"Casimir" : [
		4,
		0,
		0
	],
	"repsMaxDim" : 50,
	"hasReps" : false,
	"hasSubgroups" : false,
	"Reps" : [],
	"Subgroups" : [],
	"id" : "A3(AA)xU1(AB)xU1(B)[A4xU1]",
	"SuperGroups" : [
		{
			"A4(A)" : [
				{
					"A3(AA)" : []
				},
				{
					"U1(AB)" : []
				}
			]
		},
		{
			"U1(B)" : [
				{
					"U1(B)" : []
				}
			]
		}
	],
	"Projection" : [
		[
			0,
			-1,
			0,
			0,
			0
		],
		[
			0,
			0,
			-1,
			0,
			0
		],
		[
			0,
			0,
			0,
			-1,
			0
		],
		[
			-0.8,
			-0.6,
			-0.4,
			-0.2,
			0
		],
		[
			0,
			0,
			0,
			0,
			1
		]
	],
	"labels" : [
		"AA",
		"AB",
		"B"
	],
	"maximal" : false,
	"regular" : false,
	"special" : false
}
