{
	"rank" : 5,
	"dim" : 25,
	"label" : "SU(5)xU(1)",
	"simple" : false,
	"semisimple" : false,
	"ngroups" : 2,
	"nabelians" : 1,
	"Casimir" : [
		5,
		0
	],
	"repsMaxDim" : 50,
	"hasReps" : false,
	"hasSubgroups" : false,
	"Reps" : [],
	"Subgroups" : [],
	"id" : "A4(A)xU1(B)[A4xU1]",
	"SuperGroups" : [
		{
			"A4(A)" : [
				{
					"A4(A)" : []
				}
			]
		},
		{
			"U1(B)" : [
				{
					"U1(B)" : []
				}
			]
		}
	],
	"Projection" : [
		[
			1,
			0,
			0,
			0,
			0
		],
		[
			0,
			1,
			0,
			0,
			0
		],
		[
			0,
			0,
			1,
			0,
			0
		],
		[
			0,
			0,
			0,
			1,
			0
		],
		[
			0,
			0,
			0,
			0,
			1
		]
	],
	"labels" : [
		"A",
		"B"
	],
	"maximal" : true,
	"regular" : true,
	"special" : false
}
