{
	"rank" : 4,
	"type" : "A",
	"dim" : 24,
	"order" : 5,
	"label" : "SU(5)",
	"abelian" : false,
	"Cartan" : [
		[
			2,
			-1,
			0,
			0
		],
		[
			-1,
			2,
			-1,
			0
		],
		[
			0,
			-1,
			2,
			-1
		],
		[
			0,
			0,
			-1,
			2
		]
	],
	"G" : [
		[
			0.8,
			0.6,
			0.4,
			0.2
		],
		[
			0.6,
			1.2,
			0.8,
			0.4
		],
		[
			0.4,
			0.8,
			1.2,
			0.6
		],
		[
			0.2,
			0.4,
			0.6,
			0.8
		]
	],
	"Casimir" : 5,
	"repsMaxDim" : 50,
	"hasReps" : false,
	"hasSubgroups" : false,
	"Reps" : [],
	"Subgroups" : [],
	"id" : "A4(A)[A4xU1]",
	"SuperGroups" : [
		{
			"A4(A)" : [
				{
					"A4(A)" : []
				}
			]
		},
		{
			"U1(B)" : []
		}
	],
	"Projection" : [
		[
			1,
			0,
			0,
			0,
			0
		],
		[
			0,
			1,
			0,
			0,
			0
		],
		[
			0,
			0,
			1,
			0,
			0
		],
		[
			0,
			0,
			0,
			1,
			0
		]
	],
	"labels" : [
		"A"
	],
	"maximal" : false,
	"regular" : true,
	"special" : false
}
