{
	"rank" : 1,
	"type" : "U",
	"dim" : 1,
	"order" : 1,
	"label" : "U(1)",
	"abelian" : true,
	"Cartan" : [
		[
			1
		]
	],
	"G" : [
		[
			1
		]
	],
	"Casimir" : 0,
	"repsMaxDim" : 50,
	"hasReps" : false,
	"hasSubgroups" : false,
	"Reps" : [],
	"Subgroups" : [],
	"id" : "U1(AAC)[A4xU1]",
	"SuperGroups" : [
		{
			"A4(A)" : [
				{
					"A3(AA)" : [
						{
							"U1(AA)" : []
						}
					]
				}
			]
		},
		{
			"U1(B)" : []
		}
	],
	"Projection" : [
		[
			0,
			0.5,
			1,
			0.5,
			0
		]
	],
	"labels" : [
		"AAC"
	],
	"maximal" : false,
	"regular" : true,
	"special" : false
}
