{
	"rank" : 3,
	"dim" : 3,
	"label" : "U(1)xU(1)xU(1)",
	"simple" : false,
	"semisimple" : false,
	"ngroups" : 3,
	"nabelians" : 3,
	"Casimir" : [
		0,
		0,
		0
	],
	"repsMaxDim" : 50,
	"hasReps" : false,
	"hasSubgroups" : false,
	"Reps" : [],
	"Subgroups" : [],
	"id" : "U1(AAA)xU1(AB)xU1(AC)[A4xU1]",
	"SuperGroups" : [
		{
			"A4(A)" : [
				{
					"A2(AA)" : [
						{
							"A2(AA)" : [
								{
									"A1(A)" : [
										{
											"U1(AA)" : []
										}
									]
								}
							]
						}
					]
				},
				{
					"A1(AB)" : [
						{
							"U1(AB)" : [
								{
									"U1(B)" : [
										{
											"U1(B)" : []
										}
									]
								}
							]
						}
					]
				},
				{
					"U1(AC)" : [
						{
							"U1(AC)" : [
								{
									"U1(C)" : [
										{
											"U1(C)" : []
										}
									]
								}
							]
						}
					]
				}
			]
		},
		{
			"U1(B)" : []
		}
	],
	"Projection" : [
		[
			0,
			0,
			0,
			-0.5,
			0
		],
		[
			0.5,
			0,
			0,
			0,
			0
		],
		[
			0.6,
			1.2,
			0.8,
			0.4,
			0
		]
	],
	"labels" : [
		"AAA",
		"AB",
		"AC"
	],
	"maximal" : false,
	"regular" : true,
	"special" : false
}
