{
	"rank" : 1,
	"type" : "U",
	"dim" : 1,
	"order" : 1,
	"label" : "U(1)",
	"abelian" : true,
	"Cartan" : [
		[
			1
		]
	],
	"G" : [
		[
			1
		]
	],
	"Casimir" : 0,
	"repsMaxDim" : 50,
	"hasReps" : false,
	"hasSubgroups" : false,
	"Reps" : [],
	"Subgroups" : [],
	"id" : "U1(AC)[A4xU1]",
	"SuperGroups" : [
		{
			"A4(A)" : [
				{
					"U1(AC)" : []
				}
			]
		},
		{
			"U1(B)" : []
		}
	],
	"Projection" : [
		[
			0.6,
			1.2,
			0.8,
			0.4,
			0
		]
	],
	"labels" : [
		"AC"
	],
	"maximal" : true,
	"regular" : true,
	"special" : false
}
