{
	"id" : "D4xU1",
	"rank" : 5,
	"dim" : 29,
	"label" : "SO(8)xU(1)",
	"simple" : false,
	"semisimple" : false,
	"ngroups" : 2,
	"nabelians" : 1,
	"Casimir" : [
		6,
		0
	],
	"repsMaxDim" : 50,
	"hasReps" : false,
	"hasSubgroups" : true,
	"Reps" : [],
	"Subgroups" : [
		"A3(AA)xU1(AB)xU1(B)[D4xU1]",
		"A1(AA)xA1(AB)xA1(AC)xA1(AD)xU1(B)[D4xU1]",
		"A1(AA)xA1(AB)xA1(AD)xU1(AC)xU1(B)[D4xU1]",
		"A2(AAA)xU1(AAB)xU1(AB)xU1(B)[D4xU1]",
		"A1(AA)xA1(AC)xA1(AD)xU1(AB)xU1(B)[D4xU1]",
		"A1(AB)xA1(AC)xA1(AD)xU1(AA)xU1(B)[D4xU1]",
		"A1(AA)xA1(AB)xA1(AC)xU1(AD)xU1(B)[D4xU1]",
		"A1(AA)xA1(AB)xU1(AC)xU1(AD)xU1(B)[D4xU1]",
		"A1(AAA)xA1(AAB)xU1(AAC)xU1(AB)xU1(B)[D4xU1]",
		"A1(AA)xA1(AC)xU1(AB)xU1(AD)xU1(B)[D4xU1]",
		"A1(AC)xA1(AD)xU1(AA)xU1(AB)xU1(B)[D4xU1]",
		"A1(AB)xA1(AD)xU1(AA)xU1(AC)xU1(B)[D4xU1]",
		"A1(AB)xA1(AC)xU1(AA)xU1(AD)xU1(B)[D4xU1]",
		"A1(AA)xA1(AD)xU1(AB)xU1(AC)xU1(B)[D4xU1]",
		"A1(AB)xU1(AA)xU1(AC)xU1(AD)xU1(B)[D4xU1]",
		"A1(AC)xU1(AA)xU1(AB)xU1(AD)xU1(B)[D4xU1]",
		"A1(AD)xU1(AA)xU1(AB)xU1(AC)xU1(B)[D4xU1]",
		"A1(AAB)xU1(AAA)xU1(AAC)xU1(AB)xU1(B)[D4xU1]",
		"A1(AAA)xU1(AAB)xU1(AAC)xU1(AB)xU1(B)[D4xU1]",
		"A1(AAAA)xU1(AAAB)xU1(AAB)xU1(AB)xU1(B)[D4xU1]",
		"A1(AA)xU1(AB)xU1(AC)xU1(AD)xU1(B)[D4xU1]",
		"U1(AA)xU1(AB)xU1(AC)xU1(AD)xU1(B)[D4xU1]",
		"U1(AAA)xU1(AAB)xU1(AAC)xU1(AB)xU1(B)[D4xU1]",
		"U1(AAAA)xU1(AAAB)xU1(AAB)xU1(AB)xU1(B)[D4xU1]",
		"D4(A)[D4xU1]",
		"A3(AA)xU1(AB)[D4xU1]",
		"A3(AA)xU1(B)[D4xU1]",
		"A1(AA)xA1(AB)xA1(AC)xA1(AD)[D4xU1]",
		"A2(AAA)xU1(AAB)xU1(AB)[D4xU1]",
		"A2(AAA)xU1(AAB)xU1(B)[D4xU1]",
		"A2(AAA)xU1(AB)xU1(B)[D4xU1]",
		"A1(AB)xA1(AC)xA1(AD)xU1(AA)[D4xU1]",
		"A1(AA)xA1(AB)xA1(AC)xU1(B)[D4xU1]",
		"A1(AA)xA1(AB)xA1(AC)xU1(AD)[D4xU1]",
		"A1(AA)xA1(AC)xA1(AD)xU1(B)[D4xU1]",
		"A1(AA)xA1(AC)xA1(AD)xU1(AB)[D4xU1]",
		"A1(AA)xA1(AB)xA1(AD)xU1(B)[D4xU1]",
		"A1(AA)xA1(AB)xA1(AD)xU1(AC)[D4xU1]",
		"A1(AB)xA1(AC)xA1(AD)xU1(B)[D4xU1]",
		"A1(AA)xA1(AC)xU1(AD)xU1(B)[D4xU1]",
		"A1(AA)xA1(AC)xU1(AB)xU1(B)[D4xU1]",
		"A1(AA)xA1(AD)xU1(AC)xU1(B)[D4xU1]",
		"A1(AA)xA1(AB)xU1(AD)xU1(B)[D4xU1]",
		"A1(AB)xA1(AD)xU1(AA)xU1(B)[D4xU1]",
		"A1(AB)xA1(AD)xU1(AA)xU1(AC)[D4xU1]",
		"A1(AC)xA1(AD)xU1(AB)xU1(B)[D4xU1]",
		"A1(AC)xA1(AD)xU1(AA)xU1(B)[D4xU1]",
		"A1(AB)xA1(AC)xU1(AD)xU1(B)[D4xU1]",
		"A1(AB)xA1(AC)xU1(AA)xU1(AD)[D4xU1]",
		"A1(AB)xA1(AD)xU1(AC)xU1(B)[D4xU1]",
		"A1(AC)xA1(AD)xU1(AA)xU1(AB)[D4xU1]",
		"A1(AA)xA1(AC)xU1(AB)xU1(AD)[D4xU1]",
		"A1(AA)xA1(AD)xU1(AB)xU1(AC)[D4xU1]",
		"A1(AA)xA1(AD)xU1(AB)xU1(B)[D4xU1]",
		"A1(AA)xA1(AB)xU1(AC)xU1(AD)[D4xU1]",
		"A1(AA)xA1(AB)xU1(AC)xU1(B)[D4xU1]",
		"A1(AB)xA1(AC)xU1(AA)xU1(B)[D4xU1]",
		"A1(AAA)xA1(AAB)xU1(AAC)xU1(AB)[D4xU1]",
		"A1(AAA)xA1(AAB)xU1(AB)xU1(B)[D4xU1]",
		"A1(AAA)xA1(AAB)xU1(AAC)xU1(B)[D4xU1]",
		"A1(AB)xU1(AA)xU1(AC)xU1(B)[D4xU1]",
		"A1(AD)xU1(AB)xU1(AC)xU1(B)[D4xU1]",
		"A1(AA)xU1(AC)xU1(AD)xU1(B)[D4xU1]",
		"A1(AC)xU1(AA)xU1(AB)xU1(B)[D4xU1]",
		"A1(AD)xU1(AA)xU1(AB)xU1(B)[D4xU1]",
		"A1(AA)xU1(AB)xU1(AC)xU1(AD)[D4xU1]",
		"A1(AB)xU1(AC)xU1(AD)xU1(B)[D4xU1]",
		"A1(AB)xU1(AA)xU1(AC)xU1(AD)[D4xU1]",
		"A1(AC)xU1(AA)xU1(AD)xU1(B)[D4xU1]",
		"A1(AA)xU1(AB)xU1(AC)xU1(B)[D4xU1]",
		"A1(AB)xU1(AA)xU1(AD)xU1(B)[D4xU1]",
		"A1(AC)xU1(AB)xU1(AD)xU1(B)[D4xU1]",
		"A1(AD)xU1(AA)xU1(AB)xU1(AC)[D4xU1]",
		"A1(AC)xU1(AA)xU1(AB)xU1(AD)[D4xU1]",
		"A1(AAA)xU1(AAB)xU1(AAC)xU1(AB)[D4xU1]",
		"A1(AAAA)xU1(AAB)xU1(AB)xU1(B)[D4xU1]",
		"A1(AAA)xU1(AAB)xU1(AB)xU1(B)[D4xU1]",
		"A1(AAA)xU1(AAC)xU1(AB)xU1(B)[D4xU1]",
		"A1(AAA)xU1(AAB)xU1(AAC)xU1(B)[D4xU1]",
		"A1(AAAA)xU1(AAAB)xU1(AB)xU1(B)[D4xU1]",
		"A1(AAAA)xU1(AAAB)xU1(AAB)xU1(AB)[D4xU1]",
		"A1(AAAA)xU1(AAAB)xU1(AAB)xU1(B)[D4xU1]",
		"A1(AAB)xU1(AAC)xU1(AB)xU1(B)[D4xU1]",
		"A1(AD)xU1(AA)xU1(AC)xU1(B)[D4xU1]",
		"A1(AAB)xU1(AAA)xU1(AB)xU1(B)[D4xU1]",
		"A1(AAB)xU1(AAA)xU1(AAC)xU1(B)[D4xU1]",
		"A1(AAB)xU1(AAA)xU1(AAC)xU1(AB)[D4xU1]",
		"A1(AA)xU1(AB)xU1(AD)xU1(B)[D4xU1]",
		"U1(AAA)xU1(AAB)xU1(AAC)xU1(B)[D4xU1]",
		"U1(AAA)xU1(AAB)xU1(AB)xU1(B)[D4xU1]",
		"U1(AAB)xU1(AAC)xU1(AB)xU1(B)[D4xU1]",
		"U1(AAA)xU1(AAC)xU1(AB)xU1(B)[D4xU1]",
		"U1(AAA)xU1(AAB)xU1(AAC)xU1(AB)[D4xU1]",
		"U1(AAAA)xU1(AAAB)xU1(AAB)xU1(B)[D4xU1]",
		"U1(AAAB)xU1(AAB)xU1(AB)xU1(B)[D4xU1]",
		"U1(AAAA)xU1(AAB)xU1(AB)xU1(B)[D4xU1]",
		"U1(AAAA)xU1(AAAB)xU1(AAB)xU1(AB)[D4xU1]",
		"U1(AAAA)xU1(AAAB)xU1(AB)xU1(B)[D4xU1]",
		"U1(AB)xU1(AC)xU1(AD)xU1(B)[D4xU1]",
		"U1(AA)xU1(AB)xU1(AC)xU1(B)[D4xU1]",
		"U1(AA)xU1(AC)xU1(AD)xU1(B)[D4xU1]",
		"U1(AA)xU1(AB)xU1(AC)xU1(AD)[D4xU1]",
		"U1(AA)xU1(AB)xU1(AD)xU1(B)[D4xU1]",
		"A3(AA)[D4xU1]",
		"A1(AA)xA1(AC)xA1(AD)[D4xU1]",
		"A1(AA)xA1(AB)xA1(AD)[D4xU1]",
		"A1(AB)xA1(AC)xA1(AD)[D4xU1]",
		"A1(AA)xA1(AB)xA1(AC)[D4xU1]",
		"A2(AAA)xU1(B)[D4xU1]",
		"A2(AAA)xU1(AAB)[D4xU1]",
		"A2(AAA)xU1(AB)[D4xU1]",
		"A1(AB)xA1(AC)xU1(AD)[D4xU1]",
		"A1(AB)xA1(AC)xU1(AA)[D4xU1]",
		"A1(AC)xA1(AD)xU1(B)[D4xU1]",
		"A1(AA)xA1(AB)xU1(B)[D4xU1]",
		"A1(AA)xA1(AD)xU1(AB)[D4xU1]",
		"A1(AA)xA1(AD)xU1(B)[D4xU1]",
		"A1(AA)xA1(AD)xU1(AC)[D4xU1]",
		"A1(AA)xA1(AC)xU1(B)[D4xU1]",
		"A1(AA)xA1(AC)xU1(AD)[D4xU1]",
		"A1(AC)xA1(AD)xU1(AA)[D4xU1]",
		"A1(AA)xA1(AB)xU1(AC)[D4xU1]",
		"A1(AA)xA1(AB)xU1(AD)[D4xU1]",
		"A1(AC)xA1(AD)xU1(AB)[D4xU1]",
		"A1(AB)xA1(AC)xU1(B)[D4xU1]",
		"A1(AB)xA1(AD)xU1(AC)[D4xU1]",
		"A1(AB)xA1(AD)xU1(B)[D4xU1]",
		"A1(AB)xA1(AD)xU1(AA)[D4xU1]",
		"A1(AA)xA1(AC)xU1(AB)[D4xU1]",
		"A1(AAA)xA1(AAB)xU1(AAC)[D4xU1]",
		"A1(AAA)xA1(AAB)xU1(B)[D4xU1]",
		"A1(AAA)xA1(AAB)xU1(AB)[D4xU1]",
		"A1(AD)xU1(AC)xU1(B)[D4xU1]",
		"A1(AC)xU1(AA)xU1(AB)[D4xU1]",
		"A1(AB)xU1(AC)xU1(B)[D4xU1]",
		"A1(AA)xU1(AC)xU1(B)[D4xU1]",
		"A1(AA)xU1(AD)xU1(B)[D4xU1]",
		"A1(AA)xU1(AB)xU1(B)[D4xU1]",
		"A1(AA)xU1(AC)xU1(AD)[D4xU1]",
		"A1(AA)xU1(AB)xU1(AD)[D4xU1]",
		"A1(AB)xU1(AA)xU1(AC)[D4xU1]",
		"A1(AD)xU1(AA)xU1(AB)[D4xU1]",
		"A1(AB)xU1(AA)xU1(AD)[D4xU1]",
		"A1(AB)xU1(AC)xU1(AD)[D4xU1]",
		"A1(AB)xU1(AA)xU1(B)[D4xU1]",
		"A1(AB)xU1(AD)xU1(B)[D4xU1]",
		"A1(AC)xU1(AD)xU1(B)[D4xU1]",
		"A1(AD)xU1(AA)xU1(AC)[D4xU1]",
		"A1(AD)xU1(AB)xU1(B)[D4xU1]",
		"A1(AD)xU1(AA)xU1(B)[D4xU1]",
		"A1(AD)xU1(AB)xU1(AC)[D4xU1]",
		"A1(AC)xU1(AB)xU1(B)[D4xU1]",
		"A1(AC)xU1(AA)xU1(B)[D4xU1]",
		"A1(AC)xU1(AB)xU1(AD)[D4xU1]",
		"A1(AC)xU1(AA)xU1(AD)[D4xU1]",
		"A1(AA)xU1(AB)xU1(AC)[D4xU1]",
		"A1(AAB)xU1(AAA)xU1(AAC)[D4xU1]",
		"A1(AAA)xU1(AAB)xU1(B)[D4xU1]",
		"A1(AAA)xU1(AB)xU1(B)[D4xU1]",
		"A1(AAA)xU1(AAB)xU1(AAC)[D4xU1]",
		"A1(AAA)xU1(AAB)xU1(AB)[D4xU1]",
		"A1(AAA)xU1(AAC)xU1(AB)[D4xU1]",
		"A1(AAB)xU1(AAA)xU1(B)[D4xU1]",
		"A1(AAB)xU1(AAC)xU1(AB)[D4xU1]",
		"A1(AAB)xU1(AB)xU1(B)[D4xU1]",
		"A1(AAB)xU1(AAA)xU1(AB)[D4xU1]",
		"A1(AAA)xU1(AAC)xU1(B)[D4xU1]",
		"A1(AAB)xU1(AAC)xU1(B)[D4xU1]",
		"A1(AAAA)xU1(AB)xU1(B)[D4xU1]",
		"A1(AAAA)xU1(AAAB)xU1(AB)[D4xU1]",
		"A1(AAAA)xU1(AAB)xU1(AB)[D4xU1]",
		"A1(AAAA)xU1(AAAB)xU1(B)[D4xU1]",
		"A1(AAAA)xU1(AAB)xU1(B)[D4xU1]",
		"A1(AAAA)xU1(AAAB)xU1(AAB)[D4xU1]",
		"U1(AAB)xU1(AAC)xU1(AB)[D4xU1]",
		"U1(AAC)xU1(AB)xU1(B)[D4xU1]",
		"U1(AAA)xU1(AAC)xU1(B)[D4xU1]",
		"U1(AAB)xU1(AAC)xU1(B)[D4xU1]",
		"U1(AAA)xU1(AB)xU1(B)[D4xU1]",
		"U1(AAA)xU1(AAB)xU1(AAC)[D4xU1]",
		"U1(AAA)xU1(AAB)xU1(AB)[D4xU1]",
		"U1(AAA)xU1(AAC)xU1(AB)[D4xU1]",
		"U1(AAA)xU1(AAB)xU1(B)[D4xU1]",
		"U1(AAAA)xU1(AAAB)xU1(AB)[D4xU1]",
		"U1(AAAA)xU1(AB)xU1(B)[D4xU1]",
		"U1(AAB)xU1(AB)xU1(B)[D4xU1]",
		"U1(AAAB)xU1(AAB)xU1(B)[D4xU1]",
		"U1(AAAA)xU1(AAB)xU1(B)[D4xU1]",
		"U1(AAAB)xU1(AAB)xU1(AB)[D4xU1]",
		"U1(AAAA)xU1(AAB)xU1(AB)[D4xU1]",
		"U1(AAAA)xU1(AAAB)xU1(AAB)[D4xU1]",
		"U1(AAAB)xU1(AB)xU1(B)[D4xU1]",
		"U1(AAAA)xU1(AAAB)xU1(B)[D4xU1]",
		"U1(AA)xU1(AB)xU1(B)[D4xU1]",
		"U1(AA)xU1(AD)xU1(B)[D4xU1]",
		"U1(AA)xU1(AB)xU1(AD)[D4xU1]",
		"U1(AB)xU1(AC)xU1(AD)[D4xU1]",
		"U1(AA)xU1(AC)xU1(AD)[D4xU1]",
		"U1(AA)xU1(AB)xU1(AC)[D4xU1]",
		"U1(AC)xU1(AD)xU1(B)[D4xU1]",
		"U1(AA)xU1(AC)xU1(B)[D4xU1]",
		"U1(AB)xU1(AD)xU1(B)[D4xU1]",
		"U1(AB)xU1(AC)xU1(B)[D4xU1]",
		"A2(AAA)[D4xU1]",
		"A1(AA)xA1(AC)[D4xU1]",
		"A1(AA)xA1(AD)[D4xU1]",
		"A1(AB)xA1(AC)[D4xU1]",
		"A1(AB)xA1(AD)[D4xU1]",
		"A1(AC)xA1(AD)[D4xU1]",
		"A1(AA)xA1(AB)[D4xU1]",
		"A1(AAA)xA1(AAB)[D4xU1]",
		"A1(AC)xU1(AD)[D4xU1]",
		"A1(AC)xU1(AB)[D4xU1]",
		"A1(AC)xU1(B)[D4xU1]",
		"A1(AD)xU1(B)[D4xU1]",
		"A1(AD)xU1(AA)[D4xU1]",
		"A1(AA)xU1(B)[D4xU1]",
		"A1(AA)xU1(AB)[D4xU1]",
		"A1(AA)xU1(AC)[D4xU1]",
		"A1(AA)xU1(AD)[D4xU1]",
		"A1(AB)xU1(B)[D4xU1]",
		"A1(AB)xU1(AA)[D4xU1]",
		"A1(AB)xU1(AC)[D4xU1]",
		"A1(AB)xU1(AD)[D4xU1]",
		"A1(AD)xU1(AC)[D4xU1]",
		"A1(AC)xU1(AA)[D4xU1]",
		"A1(AAAA)xU1(AAB)[D4xU1]",
		"A1(AAAA)xU1(AAAB)[D4xU1]",
		"A1(AAB)xU1(AAA)[D4xU1]",
		"A1(AAB)xU1(AAC)[D4xU1]",
		"A1(AAB)xU1(AB)[D4xU1]",
		"A1(AAB)xU1(B)[D4xU1]",
		"A1(AAA)xU1(AAB)[D4xU1]",
		"A1(AAA)xU1(AB)[D4xU1]",
		"A1(AAA)xU1(B)[D4xU1]",
		"A1(AAAA)xU1(B)[D4xU1]",
		"A1(AAAA)xU1(AB)[D4xU1]",
		"A1(AD)xU1(AB)[D4xU1]",
		"A1(AAA)xU1(AAC)[D4xU1]",
		"U1(AAB)xU1(AAC)[D4xU1]",
		"U1(AAA)xU1(AB)[D4xU1]",
		"U1(AAAB)xU1(B)[D4xU1]",
		"U1(AAA)xU1(AAC)[D4xU1]",
		"U1(AAC)xU1(AB)[D4xU1]",
		"U1(AAC)xU1(B)[D4xU1]",
		"U1(AAA)xU1(B)[D4xU1]",
		"U1(AAB)xU1(B)[D4xU1]",
		"U1(AB)xU1(AC)[D4xU1]",
		"U1(AAB)xU1(AB)[D4xU1]",
		"U1(AA)xU1(B)[D4xU1]",
		"U1(AC)xU1(AD)[D4xU1]",
		"U1(AB)xU1(AD)[D4xU1]",
		"U1(AA)xU1(AD)[D4xU1]",
		"U1(AA)xU1(AC)[D4xU1]",
		"U1(AA)xU1(AB)[D4xU1]",
		"U1(AD)xU1(B)[D4xU1]",
		"U1(AC)xU1(B)[D4xU1]",
		"U1(AAAA)xU1(B)[D4xU1]",
		"U1(AB)xU1(B)[D4xU1]",
		"U1(AAAA)xU1(AAAB)[D4xU1]",
		"U1(AAAA)xU1(AAB)[D4xU1]",
		"U1(AAAB)xU1(AAB)[D4xU1]",
		"U1(AAAA)xU1(AB)[D4xU1]",
		"U1(AAA)xU1(AAB)[D4xU1]",
		"U1(AAAB)xU1(AB)[D4xU1]",
		"A1(AAB)[D4xU1]",
		"A1(AAAA)[D4xU1]",
		"A1(AAA)[D4xU1]",
		"A1(AA)[D4xU1]",
		"A1(AC)[D4xU1]",
		"A1(AB)[D4xU1]",
		"A1(AD)[D4xU1]",
		"U1(AD)[D4xU1]",
		"U1(AC)[D4xU1]",
		"U1(AA)[D4xU1]",
		"U1(AAB)[D4xU1]",
		"U1(AAAB)[D4xU1]",
		"U1(AAAA)[D4xU1]",
		"U1(B)[D4xU1]",
		"U1(AAA)[D4xU1]",
		"U1(AAC)[D4xU1]",
		"U1(AB)[D4xU1]"
	]
}
