{
	"id" : "A3xU1xU1",
	"rank" : 5,
	"dim" : 17,
	"label" : "SU(4)xU(1)xU(1)",
	"simple" : false,
	"semisimple" : false,
	"ngroups" : 3,
	"nabelians" : 2,
	"Casimir" : [
		4,
		0,
		0
	],
	"repsMaxDim" : 50,
	"hasReps" : false,
	"hasSubgroups" : true,
	"Reps" : [],
	"Subgroups" : [
		"A2(AA)xU1(AB)xU1(B)xU1(C)[A3xU1xU1]",
		"A1(AA)xA1(AB)xU1(AC)xU1(B)xU1(C)[A3xU1xU1]",
		"A1(AAA)xU1(AAB)xU1(AB)xU1(B)xU1(C)[A3xU1xU1]",
		"A1(AA)xU1(AB)xU1(AC)xU1(B)xU1(C)[A3xU1xU1]",
		"A1(AB)xU1(AA)xU1(AC)xU1(B)xU1(C)[A3xU1xU1]",
		"U1(AAA)xU1(AAB)xU1(AB)xU1(B)xU1(C)[A3xU1xU1]",
		"U1(AA)xU1(AB)xU1(AC)xU1(B)xU1(C)[A3xU1xU1]",
		"A3(A)xU1(B)[A3xU1xU1]",
		"A3(A)xU1(C)[A3xU1xU1]",
		"A2(AA)xU1(AB)xU1(B)[A3xU1xU1]",
		"A2(AA)xU1(AB)xU1(C)[A3xU1xU1]",
		"A2(AA)xU1(B)xU1(C)[A3xU1xU1]",
		"A1(AA)xA1(AB)xU1(AC)xU1(C)[A3xU1xU1]",
		"A1(AA)xA1(AB)xU1(B)xU1(C)[A3xU1xU1]",
		"A1(AA)xA1(AB)xU1(AC)xU1(B)[A3xU1xU1]",
		"A1(AB)xU1(AA)xU1(B)xU1(C)[A3xU1xU1]",
		"A1(AB)xU1(AC)xU1(B)xU1(C)[A3xU1xU1]",
		"A1(AA)xU1(AB)xU1(AC)xU1(B)[A3xU1xU1]",
		"A1(AAA)xU1(AB)xU1(B)xU1(C)[A3xU1xU1]",
		"A1(AA)xU1(AB)xU1(B)xU1(C)[A3xU1xU1]",
		"A1(AA)xU1(AC)xU1(B)xU1(C)[A3xU1xU1]",
		"A1(AA)xU1(AB)xU1(AC)xU1(C)[A3xU1xU1]",
		"A1(AAA)xU1(AAB)xU1(B)xU1(C)[A3xU1xU1]",
		"A1(AAA)xU1(AAB)xU1(AB)xU1(B)[A3xU1xU1]",
		"A1(AAA)xU1(AAB)xU1(AB)xU1(C)[A3xU1xU1]",
		"A1(AB)xU1(AA)xU1(AC)xU1(B)[A3xU1xU1]",
		"A1(AB)xU1(AA)xU1(AC)xU1(C)[A3xU1xU1]",
		"U1(AAA)xU1(AB)xU1(B)xU1(C)[A3xU1xU1]",
		"U1(AAA)xU1(AAB)xU1(AB)xU1(B)[A3xU1xU1]",
		"U1(AAA)xU1(AAB)xU1(B)xU1(C)[A3xU1xU1]",
		"U1(AAB)xU1(AB)xU1(B)xU1(C)[A3xU1xU1]",
		"U1(AAA)xU1(AAB)xU1(AB)xU1(C)[A3xU1xU1]",
		"U1(AA)xU1(AB)xU1(AC)xU1(C)[A3xU1xU1]",
		"U1(AA)xU1(AC)xU1(B)xU1(C)[A3xU1xU1]",
		"U1(AA)xU1(AB)xU1(B)xU1(C)[A3xU1xU1]",
		"U1(AA)xU1(AB)xU1(AC)xU1(B)[A3xU1xU1]",
		"U1(AB)xU1(AC)xU1(B)xU1(C)[A3xU1xU1]",
		"A3(A)[A3xU1xU1]",
		"A2(AA)xU1(C)[A3xU1xU1]",
		"A2(AA)xU1(AB)[A3xU1xU1]",
		"A2(AA)xU1(B)[A3xU1xU1]",
		"A1(AA)xA1(AB)xU1(AC)[A3xU1xU1]",
		"A1(AA)xA1(AB)xU1(C)[A3xU1xU1]",
		"A1(AA)xA1(AB)xU1(B)[A3xU1xU1]",
		"A1(AAA)xU1(B)xU1(C)[A3xU1xU1]",
		"A1(AAA)xU1(AAB)xU1(B)[A3xU1xU1]",
		"A1(AAA)xU1(AB)xU1(B)[A3xU1xU1]",
		"A1(AAA)xU1(AAB)xU1(C)[A3xU1xU1]",
		"A1(AAA)xU1(AB)xU1(C)[A3xU1xU1]",
		"A1(AAA)xU1(AAB)xU1(AB)[A3xU1xU1]",
		"A1(AB)xU1(AA)xU1(AC)[A3xU1xU1]",
		"A1(AA)xU1(AC)xU1(C)[A3xU1xU1]",
		"A1(AA)xU1(AB)xU1(C)[A3xU1xU1]",
		"A1(AA)xU1(B)xU1(C)[A3xU1xU1]",
		"A1(AA)xU1(AB)xU1(AC)[A3xU1xU1]",
		"A1(AA)xU1(AB)xU1(B)[A3xU1xU1]",
		"A1(AA)xU1(AC)xU1(B)[A3xU1xU1]",
		"A1(AB)xU1(AC)xU1(C)[A3xU1xU1]",
		"A1(AB)xU1(AA)xU1(C)[A3xU1xU1]",
		"A1(AB)xU1(AC)xU1(B)[A3xU1xU1]",
		"A1(AB)xU1(B)xU1(C)[A3xU1xU1]",
		"A1(AB)xU1(AA)xU1(B)[A3xU1xU1]",
		"U1(AAB)xU1(B)xU1(C)[A3xU1xU1]",
		"U1(AAA)xU1(AAB)xU1(AB)[A3xU1xU1]",
		"U1(AAA)xU1(AB)xU1(B)[A3xU1xU1]",
		"U1(AAB)xU1(AB)xU1(B)[A3xU1xU1]",
		"U1(AAA)xU1(AAB)xU1(C)[A3xU1xU1]",
		"U1(AAA)xU1(AB)xU1(C)[A3xU1xU1]",
		"U1(AAB)xU1(AB)xU1(C)[A3xU1xU1]",
		"U1(AB)xU1(B)xU1(C)[A3xU1xU1]",
		"U1(AAA)xU1(B)xU1(C)[A3xU1xU1]",
		"U1(AAA)xU1(AAB)xU1(B)[A3xU1xU1]",
		"U1(AA)xU1(B)xU1(C)[A3xU1xU1]",
		"U1(AA)xU1(AB)xU1(C)[A3xU1xU1]",
		"U1(AA)xU1(AC)xU1(B)[A3xU1xU1]",
		"U1(AA)xU1(AB)xU1(B)[A3xU1xU1]",
		"U1(AA)xU1(AB)xU1(AC)[A3xU1xU1]",
		"U1(AB)xU1(AC)xU1(C)[A3xU1xU1]",
		"U1(AA)xU1(AC)xU1(C)[A3xU1xU1]",
		"U1(AC)xU1(B)xU1(C)[A3xU1xU1]",
		"U1(AB)xU1(AC)xU1(B)[A3xU1xU1]",
		"A2(AA)[A3xU1xU1]",
		"A1(AA)xA1(AB)[A3xU1xU1]",
		"A1(AAA)xU1(AB)[A3xU1xU1]",
		"A1(AAA)xU1(B)[A3xU1xU1]",
		"A1(AAA)xU1(C)[A3xU1xU1]",
		"A1(AA)xU1(C)[A3xU1xU1]",
		"A1(AA)xU1(B)[A3xU1xU1]",
		"A1(AA)xU1(AC)[A3xU1xU1]",
		"A1(AA)xU1(AB)[A3xU1xU1]",
		"A1(AB)xU1(C)[A3xU1xU1]",
		"A1(AB)xU1(B)[A3xU1xU1]",
		"A1(AB)xU1(AC)[A3xU1xU1]",
		"A1(AB)xU1(AA)[A3xU1xU1]",
		"A1(AAA)xU1(AAB)[A3xU1xU1]",
		"U1(AB)xU1(C)[A3xU1xU1]",
		"U1(AA)xU1(C)[A3xU1xU1]",
		"U1(AC)xU1(C)[A3xU1xU1]",
		"U1(AC)xU1(B)[A3xU1xU1]",
		"U1(AA)xU1(B)[A3xU1xU1]",
		"U1(AA)xU1(AC)[A3xU1xU1]",
		"U1(AB)xU1(AC)[A3xU1xU1]",
		"U1(AA)xU1(AB)[A3xU1xU1]",
		"U1(AB)xU1(B)[A3xU1xU1]",
		"U1(AAB)xU1(C)[A3xU1xU1]",
		"U1(AAB)xU1(B)[A3xU1xU1]",
		"U1(AAA)xU1(B)[A3xU1xU1]",
		"U1(AAB)xU1(AB)[A3xU1xU1]",
		"U1(AAA)xU1(AB)[A3xU1xU1]",
		"U1(AAA)xU1(AAB)[A3xU1xU1]",
		"U1(B)xU1(C)[A3xU1xU1]",
		"U1(AAA)xU1(C)[A3xU1xU1]",
		"A1(AA)[A3xU1xU1]",
		"A1(AAA)[A3xU1xU1]",
		"A1(AB)[A3xU1xU1]",
		"U1(B)[A3xU1xU1]",
		"U1(AB)[A3xU1xU1]",
		"U1(AAB)[A3xU1xU1]",
		"U1(AAA)[A3xU1xU1]",
		"U1(C)[A3xU1xU1]",
		"U1(AA)[A3xU1xU1]",
		"U1(AC)[A3xU1xU1]"
	]
}
