{
	"id" : "A1xU1xU1xU1xU1",
	"rank" : 5,
	"dim" : 7,
	"label" : "SU(2)xU(1)xU(1)xU(1)xU(1)",
	"simple" : false,
	"semisimple" : false,
	"ngroups" : 5,
	"nabelians" : 4,
	"Casimir" : [
		2,
		0,
		0,
		0,
		0
	],
	"repsMaxDim" : 50,
	"hasReps" : false,
	"hasSubgroups" : true,
	"Reps" : [],
	"Subgroups" : [
		"U1(A)xU1(B)xU1(C)xU1(D)xU1(E)[A1xU1xU1xU1xU1]",
		"A1(A)xU1(B)xU1(C)xU1(D)[A1xU1xU1xU1xU1]",
		"A1(A)xU1(B)xU1(C)xU1(E)[A1xU1xU1xU1xU1]",
		"A1(A)xU1(B)xU1(D)xU1(E)[A1xU1xU1xU1xU1]",
		"A1(A)xU1(C)xU1(D)xU1(E)[A1xU1xU1xU1xU1]",
		"U1(A)xU1(C)xU1(D)xU1(E)[A1xU1xU1xU1xU1]",
		"U1(A)xU1(B)xU1(C)xU1(D)[A1xU1xU1xU1xU1]",
		"U1(A)xU1(B)xU1(D)xU1(E)[A1xU1xU1xU1xU1]",
		"U1(B)xU1(C)xU1(D)xU1(E)[A1xU1xU1xU1xU1]",
		"U1(A)xU1(B)xU1(C)xU1(E)[A1xU1xU1xU1xU1]",
		"A1(A)xU1(C)xU1(E)[A1xU1xU1xU1xU1]",
		"A1(A)xU1(B)xU1(E)[A1xU1xU1xU1xU1]",
		"A1(A)xU1(C)xU1(D)[A1xU1xU1xU1xU1]",
		"A1(A)xU1(B)xU1(D)[A1xU1xU1xU1xU1]",
		"A1(A)xU1(B)xU1(C)[A1xU1xU1xU1xU1]",
		"A1(A)xU1(D)xU1(E)[A1xU1xU1xU1xU1]",
		"U1(A)xU1(B)xU1(C)[A1xU1xU1xU1xU1]",
		"U1(A)xU1(B)xU1(D)[A1xU1xU1xU1xU1]",
		"U1(A)xU1(C)xU1(D)[A1xU1xU1xU1xU1]",
		"U1(B)xU1(C)xU1(D)[A1xU1xU1xU1xU1]",
		"U1(A)xU1(B)xU1(E)[A1xU1xU1xU1xU1]",
		"U1(B)xU1(D)xU1(E)[A1xU1xU1xU1xU1]",
		"U1(A)xU1(C)xU1(E)[A1xU1xU1xU1xU1]",
		"U1(B)xU1(C)xU1(E)[A1xU1xU1xU1xU1]",
		"U1(C)xU1(D)xU1(E)[A1xU1xU1xU1xU1]",
		"U1(A)xU1(D)xU1(E)[A1xU1xU1xU1xU1]",
		"A1(A)xU1(E)[A1xU1xU1xU1xU1]",
		"A1(A)xU1(D)[A1xU1xU1xU1xU1]",
		"A1(A)xU1(C)[A1xU1xU1xU1xU1]",
		"A1(A)xU1(B)[A1xU1xU1xU1xU1]",
		"U1(D)xU1(E)[A1xU1xU1xU1xU1]",
		"U1(A)xU1(B)[A1xU1xU1xU1xU1]",
		"U1(A)xU1(C)[A1xU1xU1xU1xU1]",
		"U1(B)xU1(C)[A1xU1xU1xU1xU1]",
		"U1(A)xU1(D)[A1xU1xU1xU1xU1]",
		"U1(B)xU1(D)[A1xU1xU1xU1xU1]",
		"U1(C)xU1(D)[A1xU1xU1xU1xU1]",
		"U1(C)xU1(E)[A1xU1xU1xU1xU1]",
		"U1(A)xU1(E)[A1xU1xU1xU1xU1]",
		"U1(B)xU1(E)[A1xU1xU1xU1xU1]",
		"A1(A)[A1xU1xU1xU1xU1]",
		"U1(D)[A1xU1xU1xU1xU1]",
		"U1(C)[A1xU1xU1xU1xU1]",
		"U1(B)[A1xU1xU1xU1xU1]",
		"U1(A)[A1xU1xU1xU1xU1]",
		"U1(E)[A1xU1xU1xU1xU1]"
	]
}
