{
	"rank" : 4,
	"dim" : 4,
	"label" : "U(1)xU(1)xU(1)xU(1)",
	"simple" : false,
	"semisimple" : false,
	"ngroups" : 4,
	"nabelians" : 4,
	"Casimir" : [
		0,
		0,
		0,
		0
	],
	"repsMaxDim" : 50,
	"hasReps" : false,
	"hasSubgroups" : false,
	"Reps" : [],
	"Subgroups" : [],
	"id" : "U1(A)xU1(B)xU1(C)xU1(D)[U1xU1xU1xU1xU1]",
	"SuperGroups" : [
		{
			"U1(A)" : [
				{
					"U1(A)" : []
				}
			]
		},
		{
			"U1(B)" : [
				{
					"U1(B)" : []
				}
			]
		},
		{
			"U1(C)" : [
				{
					"U1(C)" : []
				}
			]
		},
		{
			"U1(D)" : [
				{
					"U1(D)" : []
				}
			]
		},
		{
			"U1(E)" : []
		}
	],
	"Projection" : [
		[
			1,
			0,
			0,
			0,
			0
		],
		[
			0,
			1,
			0,
			0,
			0
		],
		[
			0,
			0,
			1,
			0,
			0
		],
		[
			0,
			0,
			0,
			1,
			0
		]
	],
	"labels" : [
		"A",
		"B",
		"C",
		"D"
	],
	"maximal" : false,
	"regular" : true,
	"special" : false
}
