{
	"rank" : 2,
	"dim" : 2,
	"label" : "U(1)xU(1)",
	"simple" : false,
	"semisimple" : false,
	"ngroups" : 2,
	"nabelians" : 2,
	"Casimir" : [
		0,
		0
	],
	"repsMaxDim" : 50,
	"hasReps" : false,
	"hasSubgroups" : false,
	"Reps" : [],
	"Subgroups" : [],
	"id" : "U1(B)xU1(E)[U1xU1xU1xU1xU1]",
	"SuperGroups" : [
		{
			"U1(A)" : []
		},
		{
			"U1(B)" : [
				{
					"U1(B)" : []
				}
			]
		},
		{
			"U1(C)" : []
		},
		{
			"U1(D)" : []
		},
		{
			"U1(E)" : [
				{
					"U1(E)" : []
				}
			]
		}
	],
	"Projection" : [
		[
			0,
			1,
			0,
			0,
			0
		],
		[
			0,
			0,
			0,
			0,
			1
		]
	],
	"labels" : [
		"B",
		"E"
	],
	"maximal" : true,
	"regular" : true,
	"special" : false
}
