{
	"id" : "A2",
	"rank" : 2,
	"type" : "A",
	"dim" : 8,
	"order" : 3,
	"label" : "SU(3)",
	"abelian" : false,
	"Cartan" : [
		[
			2,
			-1
		],
		[
			-1,
			2
		]
	],
	"G" : [
		[
			0.666667,
			0.333333
		],
		[
			0.333333,
			0.666667
		]
	],
	"Casimir" : 3,
	"repsMaxDim" : 50,
	"hasReps" : true,
	"hasSubgroups" : false,
	"Irreps" : [
		"(0,0)A2",
		"(1,0)A2",
		"(0,1)A2",
		"(2,0)A2",
		"(0,2)A2",
		"(1,1)A2",
		"(3,0)A2",
		"(0,3)A2",
		"(2,1)A2",
		"(1,2)A2",
		"(0,4)A2",
		"(4,0)A2",
		"(5,0)A2",
		"(0,5)A2",
		"(3,1)A2",
		"(1,3)A2",
		"(2,2)A2",
		"(6,0)A2",
		"(0,6)A2",
		"(1,4)A2",
		"(4,1)A2",
		"(7,0)A2",
		"(0,7)A2",
		"(3,2)A2",
		"(2,3)A2",
		"(8,0)A2",
		"(0,8)A2",
		"(5,1)A2",
		"(1,5)A2"
	],
	"Subgroups" : []
}
