{
	"id" : "(0,1,2,0.258)A2xA1xU1",
	"Group" : "A2(A)xA1(B)xU1(D+C)[A2xA1xA1xU1]",
	"GroupRank" : 4,
	"HWeight" : [
		[
			0,
			1,
			2,
			0.258199
		]
	],
	"dim" : 9,
	"real" : false,
	"label" : "{3*, 3, 0.258}",
	"nirreps" : 3,
	"Casimir" : [
		1.333333,
		2,
		0.066667
	],
	"DynkinIndex" : [
		1.5,
		6,
		0.6
	],
	"hasWeights" : true,
	"Weights" : [
		"(0,1,2,0.258)A2xA1xU1",
		"(0,1,0,0.258)A2xA1xU1",
		"(0,1,-2,0.258)A2xA1xU1",
		"(1,-1,2,0.258)A2xA1xU1",
		"(1,-1,0,0.258)A2xA1xU1",
		"(1,-1,-2,0.258)A2xA1xU1",
		"(-1,0,2,0.258)A2xA1xU1",
		"(-1,0,0,0.258)A2xA1xU1",
		"(-1,0,-2,0.258)A2xA1xU1"
	]
}
