{
	"id" : "(0,1,1,0.645)A2xA1xU1",
	"Group" : "A2(A)xA1(B)xU1(D+C)[A2xA1xA1xU1]",
	"GroupRank" : 4,
	"HWeight" : [
		[
			0,
			1,
			1,
			0.645497
		]
	],
	"dim" : 6,
	"real" : false,
	"label" : "{3*, 2, 0.645}",
	"nirreps" : 3,
	"Casimir" : [
		1.333333,
		0.75,
		0.416667
	],
	"DynkinIndex" : [
		1,
		1.5,
		2.5
	],
	"hasWeights" : true,
	"Weights" : [
		"(0,1,1,0.645)A2xA1xU1",
		"(0,1,-1,0.645)A2xA1xU1",
		"(1,-1,1,0.645)A2xA1xU1",
		"(1,-1,-1,0.645)A2xA1xU1",
		"(-1,0,1,0.645)A2xA1xU1",
		"(-1,0,-1,0.645)A2xA1xU1"
	]
}
