{
	"id" : "(0,2,2,1)A2xA1xU1",
	"Group" : "A2xA1xU1",
	"HWeight" : [
		[
			0,
			2,
			2,
			1
		]
	],
	"dim" : 18,
	"real" : false,
	"label" : "{6*, 3, 1.000}",
	"nirreps" : 3,
	"Casimir" : [
		3.333333,
		2,
		1
	],
	"DynkinIndex" : [
		7.5,
		12,
		18
	],
	"hasWeights" : true,
	"Weights" : [
		"(0,2,2,1)A2xA1xU1",
		"(0,2,0,1)A2xA1xU1",
		"(0,2,-2,1)A2xA1xU1",
		"(1,0,2,1)A2xA1xU1",
		"(1,0,0,1)A2xA1xU1",
		"(1,0,-2,1)A2xA1xU1",
		"(2,-2,2,1)A2xA1xU1",
		"(2,-2,0,1)A2xA1xU1",
		"(2,-2,-2,1)A2xA1xU1",
		"(-1,1,2,1)A2xA1xU1",
		"(-1,1,0,1)A2xA1xU1",
		"(-1,1,-2,1)A2xA1xU1",
		"(0,-1,2,1)A2xA1xU1",
		"(0,-1,0,1)A2xA1xU1",
		"(0,-1,-2,1)A2xA1xU1",
		"(-2,0,2,1)A2xA1xU1",
		"(-2,0,0,1)A2xA1xU1",
		"(-2,0,-2,1)A2xA1xU1"
	]
}
