{
	"id" : "(1,1,2,0)A2xA1xU1",
	"Group" : "A2(A)xA1(B)xU1(D+C)[A2xA1xA1xU1]",
	"GroupRank" : 4,
	"HWeight" : [
		[
			1,
			1,
			2,
			0
		]
	],
	"dim" : 24,
	"real" : true,
	"label" : "{8, 3, 0.000}",
	"nirreps" : 3,
	"Casimir" : [
		3,
		2,
		0
	],
	"DynkinIndex" : [
		9,
		16,
		0
	],
	"hasWeights" : true,
	"Weights" : [
		"(1,1,2,0)A2xA1xU1",
		"(1,1,0,0)A2xA1xU1",
		"(1,1,-2,0)A2xA1xU1",
		"(-1,2,2,0)A2xA1xU1",
		"(-1,2,0,0)A2xA1xU1",
		"(-1,2,-2,0)A2xA1xU1",
		"(2,-1,2,0)A2xA1xU1",
		"(2,-1,0,0)A2xA1xU1",
		"(2,-1,-2,0)A2xA1xU1",
		"(0,0,2,0)A2xA1xU1",
		"(0,0,0,0)A2xA1xU1",
		"(0,0,-2,0)A2xA1xU1",
		"(0,0,2,0)A2xA1xU1",
		"(0,0,0,0)A2xA1xU1",
		"(0,0,-2,0)A2xA1xU1",
		"(1,-2,2,0)A2xA1xU1",
		"(1,-2,0,0)A2xA1xU1",
		"(1,-2,-2,0)A2xA1xU1",
		"(-2,1,2,0)A2xA1xU1",
		"(-2,1,0,0)A2xA1xU1",
		"(-2,1,-2,0)A2xA1xU1",
		"(-1,-1,2,0)A2xA1xU1",
		"(-1,-1,0,0)A2xA1xU1",
		"(-1,-1,-2,0)A2xA1xU1"
	]
}
