{
	"id" : "(1,1,0,-0.775)A2xA1xU1",
	"Group" : "A2(A)xA1(B)xU1(D+C)[A2xA1xA1xU1]",
	"GroupRank" : 4,
	"HWeight" : [
		[
			1,
			1,
			0,
			-0.774597
		]
	],
	"dim" : 8,
	"real" : true,
	"label" : "{8, 1, -0.775}",
	"nirreps" : 3,
	"Casimir" : [
		3,
		0,
		0.6
	],
	"DynkinIndex" : [
		3,
		0,
		4.8
	],
	"hasWeights" : true,
	"Weights" : [
		"(1,1,0,-0.775)A2xA1xU1",
		"(-1,2,0,-0.775)A2xA1xU1",
		"(2,-1,0,-0.775)A2xA1xU1",
		"(0,0,0,-0.774597)A2xA1xU1",
		"(0,0,0,-0.774597)A2xA1xU1",
		"(1,-2,0,-0.775)A2xA1xU1",
		"(-2,1,0,-0.775)A2xA1xU1",
		"(-1,-1,0,-0.775)A2xA1xU1"
	]
}
