{
	"id" : "(1,1,1,0)A2xA1xU1",
	"Group" : "A2xA1xU1",
	"HWeight" : [
		[
			1,
			1,
			1,
			0
		]
	],
	"dim" : 16,
	"real" : true,
	"label" : "{8, 2, 0.000}",
	"nirreps" : 3,
	"Casimir" : [
		3,
		0.75,
		0
	],
	"DynkinIndex" : [
		6,
		4,
		0
	],
	"hasWeights" : true,
	"Weights" : [
		"(1,1,1,0)A2xA1xU1",
		"(1,1,-1,0)A2xA1xU1",
		"(-1,2,1,0)A2xA1xU1",
		"(-1,2,-1,0)A2xA1xU1",
		"(2,-1,1,0)A2xA1xU1",
		"(2,-1,-1,0)A2xA1xU1",
		"(0,0,1,0)A2xA1xU1",
		"(0,0,-1,0)A2xA1xU1",
		"(0,0,1,0)A2xA1xU1",
		"(0,0,-1,0)A2xA1xU1",
		"(1,-2,1,0)A2xA1xU1",
		"(1,-2,-1,0)A2xA1xU1",
		"(-2,1,1,0)A2xA1xU1",
		"(-2,1,-1,0)A2xA1xU1",
		"(-1,-1,1,0)A2xA1xU1",
		"(-1,-1,-1,0)A2xA1xU1"
	]
}
