{
	"id" : "(1,1,1,-0.387)A2xA1xU1",
	"Group" : "A2(A)xA1(B)xU1(D+C)[A2xA1xA1xU1]",
	"GroupRank" : 4,
	"HWeight" : [
		[
			1,
			1,
			1,
			-0.387298
		]
	],
	"dim" : 16,
	"real" : true,
	"label" : "{8, 2, -0.387}",
	"nirreps" : 3,
	"Casimir" : [
		3,
		0.75,
		0.15
	],
	"DynkinIndex" : [
		6,
		4,
		2.4
	],
	"hasWeights" : true,
	"Weights" : [
		"(1,1,1,-0.387)A2xA1xU1",
		"(1,1,-1,-0.387)A2xA1xU1",
		"(-1,2,1,-0.387)A2xA1xU1",
		"(-1,2,-1,-0.387)A2xA1xU1",
		"(2,-1,1,-0.387)A2xA1xU1",
		"(2,-1,-1,-0.387)A2xA1xU1",
		"(0,0,1,-0.387)A2xA1xU1",
		"(0,0,-1,-0.387)A2xA1xU1",
		"(0,0,1,-0.387)A2xA1xU1",
		"(0,0,-1,-0.387)A2xA1xU1",
		"(1,-2,1,-0.387)A2xA1xU1",
		"(1,-2,-1,-0.387)A2xA1xU1",
		"(-2,1,1,-0.387)A2xA1xU1",
		"(-2,1,-1,-0.387)A2xA1xU1",
		"(-1,-1,1,-0.387)A2xA1xU1",
		"(-1,-1,-1,-0.387)A2xA1xU1"
	]
}
