{
	"id" : "(1,1,1,1.5)A2xA1xU1",
	"Group" : "A2(A)xA1(B)xU1(D+C)[A2xA1xA1xU1]",
	"GroupRank" : 4,
	"HWeight" : [
		[
			1,
			1,
			1,
			1.5
		]
	],
	"dim" : 16,
	"real" : false,
	"label" : "{8, 2, 1.500}",
	"nirreps" : 3,
	"Casimir" : [
		3,
		0.75,
		2.25
	],
	"DynkinIndex" : [
		6,
		4,
		36
	],
	"hasWeights" : true,
	"Weights" : [
		"(1,1,1,1.5)A2xA1xU1",
		"(1,1,-1,1.5)A2xA1xU1",
		"(-1,2,1,1.5)A2xA1xU1",
		"(-1,2,-1,1.5)A2xA1xU1",
		"(2,-1,1,1.5)A2xA1xU1",
		"(2,-1,-1,1.5)A2xA1xU1",
		"(0,0,1,1.5)A2xA1xU1",
		"(0,0,-1,1.5)A2xA1xU1",
		"(0,0,1,1.5)A2xA1xU1",
		"(0,0,-1,1.5)A2xA1xU1",
		"(1,-2,1,1.5)A2xA1xU1",
		"(1,-2,-1,1.5)A2xA1xU1",
		"(-2,1,1,1.5)A2xA1xU1",
		"(-2,1,-1,1.5)A2xA1xU1",
		"(-1,-1,1,1.5)A2xA1xU1",
		"(-1,-1,-1,1.5)A2xA1xU1"
	]
}
