{
	"id" : "(2,0,2,-1)A2xA1xU1",
	"Group" : "A2(A)xA1(B)xU1(D+C)[A2xA1xA1xU1]",
	"GroupRank" : 4,
	"HWeight" : [
		[
			2,
			0,
			2,
			-1
		]
	],
	"dim" : 18,
	"real" : false,
	"label" : "{6, 3, -1.000}",
	"nirreps" : 3,
	"Casimir" : [
		3.333334,
		2,
		1
	],
	"DynkinIndex" : [
		7.500001,
		12,
		18
	],
	"hasWeights" : true,
	"Weights" : [
		"(2,0,2,-1)A2xA1xU1",
		"(2,0,0,-1)A2xA1xU1",
		"(2,0,-2,-1)A2xA1xU1",
		"(0,1,2,-1)A2xA1xU1",
		"(0,1,0,-1)A2xA1xU1",
		"(0,1,-2,-1)A2xA1xU1",
		"(-2,2,2,-1)A2xA1xU1",
		"(-2,2,0,-1)A2xA1xU1",
		"(-2,2,-2,-1)A2xA1xU1",
		"(1,-1,2,-1)A2xA1xU1",
		"(1,-1,0,-1)A2xA1xU1",
		"(1,-1,-2,-1)A2xA1xU1",
		"(-1,0,2,-1)A2xA1xU1",
		"(-1,0,0,-1)A2xA1xU1",
		"(-1,0,-2,-1)A2xA1xU1",
		"(0,-2,2,-1)A2xA1xU1",
		"(0,-2,0,-1)A2xA1xU1",
		"(0,-2,-2,-1)A2xA1xU1"
	]
}
