{
	"id" : "A2xA1xA1",
	"rank" : 4,
	"dim" : 14,
	"label" : "SU(3)xSU(2)xSU(2)",
	"simple" : false,
	"semisimple" : true,
	"ngroups" : 3,
	"nabelians" : 0,
	"Casimir" : [
		3,
		2,
		2
	],
	"repsMaxDim" : 50,
	"hasReps" : true,
	"hasSubgroups" : false,
	"Reps" : [
		"(0,0,0,0)A2xA1xA1",
		"(0,0,0,1)A2xA1xA1",
		"(0,0,0,2)A2xA1xA1",
		"(0,0,0,3)A2xA1xA1",
		"(0,0,0,4)A2xA1xA1",
		"(0,0,0,5)A2xA1xA1",
		"(0,0,0,6)A2xA1xA1",
		"(0,0,0,7)A2xA1xA1",
		"(0,0,0,8)A2xA1xA1",
		"(0,0,0,9)A2xA1xA1",
		"(0,0,0,10)A2xA1xA1",
		"(0,0,0,11)A2xA1xA1",
		"(0,0,0,12)A2xA1xA1",
		"(0,0,0,13)A2xA1xA1",
		"(0,0,0,14)A2xA1xA1",
		"(0,0,0,15)A2xA1xA1",
		"(0,0,0,16)A2xA1xA1",
		"(0,0,0,17)A2xA1xA1",
		"(0,0,0,18)A2xA1xA1",
		"(0,0,0,19)A2xA1xA1",
		"(0,0,0,20)A2xA1xA1",
		"(0,0,0,21)A2xA1xA1",
		"(0,0,0,22)A2xA1xA1",
		"(0,0,0,23)A2xA1xA1",
		"(0,0,0,24)A2xA1xA1",
		"(0,0,0,25)A2xA1xA1",
		"(0,0,0,26)A2xA1xA1",
		"(0,0,0,27)A2xA1xA1",
		"(0,0,0,28)A2xA1xA1",
		"(0,0,0,29)A2xA1xA1",
		"(0,0,0,30)A2xA1xA1",
		"(0,0,0,31)A2xA1xA1",
		"(0,0,0,32)A2xA1xA1",
		"(0,0,0,33)A2xA1xA1",
		"(0,0,0,34)A2xA1xA1",
		"(0,0,0,35)A2xA1xA1",
		"(0,0,0,36)A2xA1xA1",
		"(0,0,0,37)A2xA1xA1",
		"(0,0,0,38)A2xA1xA1",
		"(0,0,0,39)A2xA1xA1",
		"(0,0,0,40)A2xA1xA1",
		"(0,0,0,41)A2xA1xA1",
		"(0,0,0,42)A2xA1xA1",
		"(0,0,0,43)A2xA1xA1",
		"(0,0,0,44)A2xA1xA1",
		"(0,0,0,45)A2xA1xA1",
		"(0,0,0,46)A2xA1xA1",
		"(0,0,0,47)A2xA1xA1",
		"(0,0,0,48)A2xA1xA1",
		"(0,0,0,49)A2xA1xA1",
		"(0,0,1,0)A2xA1xA1",
		"(0,0,1,1)A2xA1xA1",
		"(0,0,1,2)A2xA1xA1",
		"(0,0,1,3)A2xA1xA1",
		"(0,0,1,4)A2xA1xA1",
		"(0,0,1,5)A2xA1xA1",
		"(0,0,1,6)A2xA1xA1",
		"(0,0,1,7)A2xA1xA1",
		"(0,0,1,8)A2xA1xA1",
		"(0,0,1,9)A2xA1xA1",
		"(0,0,1,10)A2xA1xA1",
		"(0,0,1,11)A2xA1xA1",
		"(0,0,1,12)A2xA1xA1",
		"(0,0,1,13)A2xA1xA1",
		"(0,0,1,14)A2xA1xA1",
		"(0,0,1,15)A2xA1xA1",
		"(0,0,1,16)A2xA1xA1",
		"(0,0,1,17)A2xA1xA1",
		"(0,0,1,18)A2xA1xA1",
		"(0,0,1,19)A2xA1xA1",
		"(0,0,1,20)A2xA1xA1",
		"(0,0,1,21)A2xA1xA1",
		"(0,0,1,22)A2xA1xA1",
		"(0,0,1,23)A2xA1xA1",
		"(0,0,1,24)A2xA1xA1",
		"(0,0,2,0)A2xA1xA1",
		"(0,0,2,1)A2xA1xA1",
		"(0,0,2,2)A2xA1xA1",
		"(0,0,2,3)A2xA1xA1",
		"(0,0,2,4)A2xA1xA1",
		"(0,0,2,5)A2xA1xA1",
		"(0,0,2,6)A2xA1xA1",
		"(0,0,2,7)A2xA1xA1",
		"(0,0,2,8)A2xA1xA1",
		"(0,0,2,9)A2xA1xA1",
		"(0,0,2,10)A2xA1xA1",
		"(0,0,2,11)A2xA1xA1",
		"(0,0,2,12)A2xA1xA1",
		"(0,0,2,13)A2xA1xA1",
		"(0,0,2,14)A2xA1xA1",
		"(0,0,2,15)A2xA1xA1",
		"(0,0,3,0)A2xA1xA1",
		"(0,0,3,1)A2xA1xA1",
		"(0,0,3,2)A2xA1xA1",
		"(0,0,3,3)A2xA1xA1",
		"(0,0,3,4)A2xA1xA1",
		"(0,0,3,5)A2xA1xA1",
		"(0,0,3,6)A2xA1xA1",
		"(0,0,3,7)A2xA1xA1",
		"(0,0,3,8)A2xA1xA1",
		"(0,0,3,9)A2xA1xA1",
		"(0,0,3,10)A2xA1xA1",
		"(0,0,3,11)A2xA1xA1",
		"(0,0,4,0)A2xA1xA1",
		"(0,0,4,1)A2xA1xA1",
		"(0,0,4,2)A2xA1xA1",
		"(0,0,4,3)A2xA1xA1",
		"(0,0,4,4)A2xA1xA1",
		"(0,0,4,5)A2xA1xA1",
		"(0,0,4,6)A2xA1xA1",
		"(0,0,4,7)A2xA1xA1",
		"(0,0,4,8)A2xA1xA1",
		"(0,0,4,9)A2xA1xA1",
		"(0,0,5,0)A2xA1xA1",
		"(0,0,5,1)A2xA1xA1",
		"(0,0,5,2)A2xA1xA1",
		"(0,0,5,3)A2xA1xA1",
		"(0,0,5,4)A2xA1xA1",
		"(0,0,5,5)A2xA1xA1",
		"(0,0,5,6)A2xA1xA1",
		"(0,0,5,7)A2xA1xA1",
		"(0,0,6,0)A2xA1xA1",
		"(0,0,6,1)A2xA1xA1",
		"(0,0,6,2)A2xA1xA1",
		"(0,0,6,3)A2xA1xA1",
		"(0,0,6,4)A2xA1xA1",
		"(0,0,6,5)A2xA1xA1",
		"(0,0,6,6)A2xA1xA1",
		"(0,0,7,0)A2xA1xA1",
		"(0,0,7,1)A2xA1xA1",
		"(0,0,7,2)A2xA1xA1",
		"(0,0,7,3)A2xA1xA1",
		"(0,0,7,4)A2xA1xA1",
		"(0,0,7,5)A2xA1xA1",
		"(0,0,8,0)A2xA1xA1",
		"(0,0,8,1)A2xA1xA1",
		"(0,0,8,2)A2xA1xA1",
		"(0,0,8,3)A2xA1xA1",
		"(0,0,8,4)A2xA1xA1",
		"(0,0,9,0)A2xA1xA1",
		"(0,0,9,1)A2xA1xA1",
		"(0,0,9,2)A2xA1xA1",
		"(0,0,9,3)A2xA1xA1",
		"(0,0,9,4)A2xA1xA1",
		"(0,0,10,0)A2xA1xA1",
		"(0,0,10,1)A2xA1xA1",
		"(0,0,10,2)A2xA1xA1",
		"(0,0,10,3)A2xA1xA1",
		"(0,0,11,0)A2xA1xA1",
		"(0,0,11,1)A2xA1xA1",
		"(0,0,11,2)A2xA1xA1",
		"(0,0,11,3)A2xA1xA1",
		"(0,0,12,0)A2xA1xA1",
		"(0,0,12,1)A2xA1xA1",
		"(0,0,12,2)A2xA1xA1",
		"(0,0,13,0)A2xA1xA1",
		"(0,0,13,1)A2xA1xA1",
		"(0,0,13,2)A2xA1xA1",
		"(0,0,14,0)A2xA1xA1",
		"(0,0,14,1)A2xA1xA1",
		"(0,0,14,2)A2xA1xA1",
		"(0,0,15,0)A2xA1xA1",
		"(0,0,15,1)A2xA1xA1",
		"(0,0,15,2)A2xA1xA1",
		"(0,0,16,0)A2xA1xA1",
		"(0,0,16,1)A2xA1xA1",
		"(0,0,17,0)A2xA1xA1",
		"(0,0,17,1)A2xA1xA1",
		"(0,0,18,0)A2xA1xA1",
		"(0,0,18,1)A2xA1xA1",
		"(0,0,19,0)A2xA1xA1",
		"(0,0,19,1)A2xA1xA1",
		"(0,0,20,0)A2xA1xA1",
		"(0,0,20,1)A2xA1xA1",
		"(0,0,21,0)A2xA1xA1",
		"(0,0,21,1)A2xA1xA1",
		"(0,0,22,0)A2xA1xA1",
		"(0,0,22,1)A2xA1xA1",
		"(0,0,23,0)A2xA1xA1",
		"(0,0,23,1)A2xA1xA1",
		"(0,0,24,0)A2xA1xA1",
		"(0,0,24,1)A2xA1xA1",
		"(0,0,25,0)A2xA1xA1",
		"(0,0,26,0)A2xA1xA1",
		"(0,0,27,0)A2xA1xA1",
		"(0,0,28,0)A2xA1xA1",
		"(0,0,29,0)A2xA1xA1",
		"(0,0,30,0)A2xA1xA1",
		"(0,0,31,0)A2xA1xA1",
		"(0,0,32,0)A2xA1xA1",
		"(0,0,33,0)A2xA1xA1",
		"(0,0,34,0)A2xA1xA1",
		"(0,0,35,0)A2xA1xA1",
		"(0,0,36,0)A2xA1xA1",
		"(0,0,37,0)A2xA1xA1",
		"(0,0,38,0)A2xA1xA1",
		"(0,0,39,0)A2xA1xA1",
		"(0,0,40,0)A2xA1xA1",
		"(0,0,41,0)A2xA1xA1",
		"(0,0,42,0)A2xA1xA1",
		"(0,0,43,0)A2xA1xA1",
		"(0,0,44,0)A2xA1xA1",
		"(0,0,45,0)A2xA1xA1",
		"(0,0,46,0)A2xA1xA1",
		"(0,0,47,0)A2xA1xA1",
		"(0,0,48,0)A2xA1xA1",
		"(0,0,49,0)A2xA1xA1",
		"(1,0,0,0)A2xA1xA1",
		"(1,0,0,1)A2xA1xA1",
		"(1,0,0,2)A2xA1xA1",
		"(1,0,0,3)A2xA1xA1",
		"(1,0,0,4)A2xA1xA1",
		"(1,0,0,5)A2xA1xA1",
		"(1,0,0,6)A2xA1xA1",
		"(1,0,0,7)A2xA1xA1",
		"(1,0,0,8)A2xA1xA1",
		"(1,0,0,9)A2xA1xA1",
		"(1,0,0,10)A2xA1xA1",
		"(1,0,0,11)A2xA1xA1",
		"(1,0,0,12)A2xA1xA1",
		"(1,0,0,13)A2xA1xA1",
		"(1,0,0,14)A2xA1xA1",
		"(1,0,0,15)A2xA1xA1",
		"(1,0,1,0)A2xA1xA1",
		"(1,0,1,1)A2xA1xA1",
		"(1,0,1,2)A2xA1xA1",
		"(1,0,1,3)A2xA1xA1",
		"(1,0,1,4)A2xA1xA1",
		"(1,0,1,5)A2xA1xA1",
		"(1,0,1,6)A2xA1xA1",
		"(1,0,1,7)A2xA1xA1",
		"(1,0,2,0)A2xA1xA1",
		"(1,0,2,1)A2xA1xA1",
		"(1,0,2,2)A2xA1xA1",
		"(1,0,2,3)A2xA1xA1",
		"(1,0,2,4)A2xA1xA1",
		"(1,0,3,0)A2xA1xA1",
		"(1,0,3,1)A2xA1xA1",
		"(1,0,3,2)A2xA1xA1",
		"(1,0,3,3)A2xA1xA1",
		"(1,0,4,0)A2xA1xA1",
		"(1,0,4,1)A2xA1xA1",
		"(1,0,4,2)A2xA1xA1",
		"(1,0,5,0)A2xA1xA1",
		"(1,0,5,1)A2xA1xA1",
		"(1,0,6,0)A2xA1xA1",
		"(1,0,6,1)A2xA1xA1",
		"(1,0,7,0)A2xA1xA1",
		"(1,0,7,1)A2xA1xA1",
		"(1,0,8,0)A2xA1xA1",
		"(1,0,9,0)A2xA1xA1",
		"(1,0,10,0)A2xA1xA1",
		"(1,0,11,0)A2xA1xA1",
		"(1,0,12,0)A2xA1xA1",
		"(1,0,13,0)A2xA1xA1",
		"(1,0,14,0)A2xA1xA1",
		"(1,0,15,0)A2xA1xA1",
		"(0,1,0,0)A2xA1xA1",
		"(0,1,0,1)A2xA1xA1",
		"(0,1,0,2)A2xA1xA1",
		"(0,1,0,3)A2xA1xA1",
		"(0,1,0,4)A2xA1xA1",
		"(0,1,0,5)A2xA1xA1",
		"(0,1,0,6)A2xA1xA1",
		"(0,1,0,7)A2xA1xA1",
		"(0,1,0,8)A2xA1xA1",
		"(0,1,0,9)A2xA1xA1",
		"(0,1,0,10)A2xA1xA1",
		"(0,1,0,11)A2xA1xA1",
		"(0,1,0,12)A2xA1xA1",
		"(0,1,0,13)A2xA1xA1",
		"(0,1,0,14)A2xA1xA1",
		"(0,1,0,15)A2xA1xA1",
		"(0,1,1,0)A2xA1xA1",
		"(0,1,1,1)A2xA1xA1",
		"(0,1,1,2)A2xA1xA1",
		"(0,1,1,3)A2xA1xA1",
		"(0,1,1,4)A2xA1xA1",
		"(0,1,1,5)A2xA1xA1",
		"(0,1,1,6)A2xA1xA1",
		"(0,1,1,7)A2xA1xA1",
		"(0,1,2,0)A2xA1xA1",
		"(0,1,2,1)A2xA1xA1",
		"(0,1,2,2)A2xA1xA1",
		"(0,1,2,3)A2xA1xA1",
		"(0,1,2,4)A2xA1xA1",
		"(0,1,3,0)A2xA1xA1",
		"(0,1,3,1)A2xA1xA1",
		"(0,1,3,2)A2xA1xA1",
		"(0,1,3,3)A2xA1xA1",
		"(0,1,4,0)A2xA1xA1",
		"(0,1,4,1)A2xA1xA1",
		"(0,1,4,2)A2xA1xA1",
		"(0,1,5,0)A2xA1xA1",
		"(0,1,5,1)A2xA1xA1",
		"(0,1,6,0)A2xA1xA1",
		"(0,1,6,1)A2xA1xA1",
		"(0,1,7,0)A2xA1xA1",
		"(0,1,7,1)A2xA1xA1",
		"(0,1,8,0)A2xA1xA1",
		"(0,1,9,0)A2xA1xA1",
		"(0,1,10,0)A2xA1xA1",
		"(0,1,11,0)A2xA1xA1",
		"(0,1,12,0)A2xA1xA1",
		"(0,1,13,0)A2xA1xA1",
		"(0,1,14,0)A2xA1xA1",
		"(0,1,15,0)A2xA1xA1",
		"(2,0,0,0)A2xA1xA1",
		"(2,0,0,1)A2xA1xA1",
		"(2,0,0,2)A2xA1xA1",
		"(2,0,0,3)A2xA1xA1",
		"(2,0,0,4)A2xA1xA1",
		"(2,0,0,5)A2xA1xA1",
		"(2,0,0,6)A2xA1xA1",
		"(2,0,0,7)A2xA1xA1",
		"(2,0,1,0)A2xA1xA1",
		"(2,0,1,1)A2xA1xA1",
		"(2,0,1,2)A2xA1xA1",
		"(2,0,1,3)A2xA1xA1",
		"(2,0,2,0)A2xA1xA1",
		"(2,0,2,1)A2xA1xA1",
		"(2,0,3,0)A2xA1xA1",
		"(2,0,3,1)A2xA1xA1",
		"(2,0,4,0)A2xA1xA1",
		"(2,0,5,0)A2xA1xA1",
		"(2,0,6,0)A2xA1xA1",
		"(2,0,7,0)A2xA1xA1",
		"(0,2,0,0)A2xA1xA1",
		"(0,2,0,1)A2xA1xA1",
		"(0,2,0,2)A2xA1xA1",
		"(0,2,0,3)A2xA1xA1",
		"(0,2,0,4)A2xA1xA1",
		"(0,2,0,5)A2xA1xA1",
		"(0,2,0,6)A2xA1xA1",
		"(0,2,0,7)A2xA1xA1",
		"(0,2,1,0)A2xA1xA1",
		"(0,2,1,1)A2xA1xA1",
		"(0,2,1,2)A2xA1xA1",
		"(0,2,1,3)A2xA1xA1",
		"(0,2,2,0)A2xA1xA1",
		"(0,2,2,1)A2xA1xA1",
		"(0,2,3,0)A2xA1xA1",
		"(0,2,3,1)A2xA1xA1",
		"(0,2,4,0)A2xA1xA1",
		"(0,2,5,0)A2xA1xA1",
		"(0,2,6,0)A2xA1xA1",
		"(0,2,7,0)A2xA1xA1",
		"(1,1,0,0)A2xA1xA1",
		"(1,1,0,1)A2xA1xA1",
		"(1,1,0,2)A2xA1xA1",
		"(1,1,0,3)A2xA1xA1",
		"(1,1,0,4)A2xA1xA1",
		"(1,1,0,5)A2xA1xA1",
		"(1,1,1,0)A2xA1xA1",
		"(1,1,1,1)A2xA1xA1",
		"(1,1,1,2)A2xA1xA1",
		"(1,1,2,0)A2xA1xA1",
		"(1,1,2,1)A2xA1xA1",
		"(1,1,3,0)A2xA1xA1",
		"(1,1,4,0)A2xA1xA1",
		"(1,1,5,0)A2xA1xA1",
		"(3,0,0,0)A2xA1xA1",
		"(3,0,0,1)A2xA1xA1",
		"(3,0,0,2)A2xA1xA1",
		"(3,0,0,3)A2xA1xA1",
		"(3,0,0,4)A2xA1xA1",
		"(3,0,1,0)A2xA1xA1",
		"(3,0,1,1)A2xA1xA1",
		"(3,0,2,0)A2xA1xA1",
		"(3,0,3,0)A2xA1xA1",
		"(3,0,4,0)A2xA1xA1",
		"(0,3,0,0)A2xA1xA1",
		"(0,3,0,1)A2xA1xA1",
		"(0,3,0,2)A2xA1xA1",
		"(0,3,0,3)A2xA1xA1",
		"(0,3,0,4)A2xA1xA1",
		"(0,3,1,0)A2xA1xA1",
		"(0,3,1,1)A2xA1xA1",
		"(0,3,2,0)A2xA1xA1",
		"(0,3,3,0)A2xA1xA1",
		"(0,3,4,0)A2xA1xA1",
		"(2,1,0,0)A2xA1xA1",
		"(2,1,0,1)A2xA1xA1",
		"(2,1,0,2)A2xA1xA1",
		"(2,1,1,0)A2xA1xA1",
		"(2,1,2,0)A2xA1xA1",
		"(1,2,0,0)A2xA1xA1",
		"(1,2,0,1)A2xA1xA1",
		"(1,2,0,2)A2xA1xA1",
		"(1,2,1,0)A2xA1xA1",
		"(1,2,2,0)A2xA1xA1",
		"(0,4,0,0)A2xA1xA1",
		"(0,4,0,1)A2xA1xA1",
		"(0,4,0,2)A2xA1xA1",
		"(0,4,1,0)A2xA1xA1",
		"(0,4,2,0)A2xA1xA1",
		"(4,0,0,0)A2xA1xA1",
		"(4,0,0,1)A2xA1xA1",
		"(4,0,0,2)A2xA1xA1",
		"(4,0,1,0)A2xA1xA1",
		"(4,0,2,0)A2xA1xA1",
		"(5,0,0,0)A2xA1xA1",
		"(5,0,0,1)A2xA1xA1",
		"(5,0,1,0)A2xA1xA1",
		"(0,5,0,0)A2xA1xA1",
		"(0,5,0,1)A2xA1xA1",
		"(0,5,1,0)A2xA1xA1",
		"(3,1,0,0)A2xA1xA1",
		"(3,1,0,1)A2xA1xA1",
		"(3,1,1,0)A2xA1xA1",
		"(1,3,0,0)A2xA1xA1",
		"(1,3,0,1)A2xA1xA1",
		"(1,3,1,0)A2xA1xA1",
		"(2,2,0,0)A2xA1xA1",
		"(6,0,0,0)A2xA1xA1",
		"(0,6,0,0)A2xA1xA1",
		"(1,4,0,0)A2xA1xA1",
		"(4,1,0,0)A2xA1xA1",
		"(7,0,0,0)A2xA1xA1",
		"(0,7,0,0)A2xA1xA1",
		"(3,2,0,0)A2xA1xA1",
		"(2,3,0,0)A2xA1xA1",
		"(8,0,0,0)A2xA1xA1",
		"(0,8,0,0)A2xA1xA1",
		"(5,1,0,0)A2xA1xA1",
		"(1,5,0,0)A2xA1xA1"
	],
	"Subgroups" : []
}
