{
	"id" : "A2xA1",
	"rank" : 3,
	"dim" : 11,
	"label" : "SU(3)xSU(2)",
	"simple" : false,
	"semisimple" : true,
	"ngroups" : 2,
	"nabelians" : 0,
	"Casimir" : [
		3,
		2
	],
	"repsMaxDim" : 50,
	"hasReps" : true,
	"hasSubgroups" : false,
	"Reps" : [
		"(0,0,0)A2xA1",
		"(0,0,1)A2xA1",
		"(0,0,2)A2xA1",
		"(0,0,3)A2xA1",
		"(0,0,4)A2xA1",
		"(0,0,5)A2xA1",
		"(0,0,6)A2xA1",
		"(0,0,7)A2xA1",
		"(0,0,8)A2xA1",
		"(0,0,9)A2xA1",
		"(0,0,10)A2xA1",
		"(0,0,11)A2xA1",
		"(0,0,12)A2xA1",
		"(0,0,13)A2xA1",
		"(0,0,14)A2xA1",
		"(0,0,15)A2xA1",
		"(0,0,16)A2xA1",
		"(0,0,17)A2xA1",
		"(0,0,18)A2xA1",
		"(0,0,19)A2xA1",
		"(0,0,20)A2xA1",
		"(0,0,21)A2xA1",
		"(0,0,22)A2xA1",
		"(0,0,23)A2xA1",
		"(0,0,24)A2xA1",
		"(0,0,25)A2xA1",
		"(0,0,26)A2xA1",
		"(0,0,27)A2xA1",
		"(0,0,28)A2xA1",
		"(0,0,29)A2xA1",
		"(0,0,30)A2xA1",
		"(0,0,31)A2xA1",
		"(0,0,32)A2xA1",
		"(0,0,33)A2xA1",
		"(0,0,34)A2xA1",
		"(0,0,35)A2xA1",
		"(0,0,36)A2xA1",
		"(0,0,37)A2xA1",
		"(0,0,38)A2xA1",
		"(0,0,39)A2xA1",
		"(0,0,40)A2xA1",
		"(0,0,41)A2xA1",
		"(0,0,42)A2xA1",
		"(0,0,43)A2xA1",
		"(0,0,44)A2xA1",
		"(0,0,45)A2xA1",
		"(0,0,46)A2xA1",
		"(0,0,47)A2xA1",
		"(0,0,48)A2xA1",
		"(0,0,49)A2xA1",
		"(1,0,0)A2xA1",
		"(1,0,1)A2xA1",
		"(1,0,2)A2xA1",
		"(1,0,3)A2xA1",
		"(1,0,4)A2xA1",
		"(1,0,5)A2xA1",
		"(1,0,6)A2xA1",
		"(1,0,7)A2xA1",
		"(1,0,8)A2xA1",
		"(1,0,9)A2xA1",
		"(1,0,10)A2xA1",
		"(1,0,11)A2xA1",
		"(1,0,12)A2xA1",
		"(1,0,13)A2xA1",
		"(1,0,14)A2xA1",
		"(1,0,15)A2xA1",
		"(0,1,0)A2xA1",
		"(0,1,1)A2xA1",
		"(0,1,2)A2xA1",
		"(0,1,3)A2xA1",
		"(0,1,4)A2xA1",
		"(0,1,5)A2xA1",
		"(0,1,6)A2xA1",
		"(0,1,7)A2xA1",
		"(0,1,8)A2xA1",
		"(0,1,9)A2xA1",
		"(0,1,10)A2xA1",
		"(0,1,11)A2xA1",
		"(0,1,12)A2xA1",
		"(0,1,13)A2xA1",
		"(0,1,14)A2xA1",
		"(0,1,15)A2xA1",
		"(2,0,0)A2xA1",
		"(2,0,1)A2xA1",
		"(2,0,2)A2xA1",
		"(2,0,3)A2xA1",
		"(2,0,4)A2xA1",
		"(2,0,5)A2xA1",
		"(2,0,6)A2xA1",
		"(2,0,7)A2xA1",
		"(0,2,0)A2xA1",
		"(0,2,1)A2xA1",
		"(0,2,2)A2xA1",
		"(0,2,3)A2xA1",
		"(0,2,4)A2xA1",
		"(0,2,5)A2xA1",
		"(0,2,6)A2xA1",
		"(0,2,7)A2xA1",
		"(1,1,0)A2xA1",
		"(1,1,1)A2xA1",
		"(1,1,2)A2xA1",
		"(1,1,3)A2xA1",
		"(1,1,4)A2xA1",
		"(1,1,5)A2xA1",
		"(3,0,0)A2xA1",
		"(3,0,1)A2xA1",
		"(3,0,2)A2xA1",
		"(3,0,3)A2xA1",
		"(3,0,4)A2xA1",
		"(0,3,0)A2xA1",
		"(0,3,1)A2xA1",
		"(0,3,2)A2xA1",
		"(0,3,3)A2xA1",
		"(0,3,4)A2xA1",
		"(2,1,0)A2xA1",
		"(2,1,1)A2xA1",
		"(2,1,2)A2xA1",
		"(1,2,0)A2xA1",
		"(1,2,1)A2xA1",
		"(1,2,2)A2xA1",
		"(0,4,0)A2xA1",
		"(0,4,1)A2xA1",
		"(0,4,2)A2xA1",
		"(4,0,0)A2xA1",
		"(4,0,1)A2xA1",
		"(4,0,2)A2xA1",
		"(5,0,0)A2xA1",
		"(5,0,1)A2xA1",
		"(0,5,0)A2xA1",
		"(0,5,1)A2xA1",
		"(3,1,0)A2xA1",
		"(3,1,1)A2xA1",
		"(1,3,0)A2xA1",
		"(1,3,1)A2xA1",
		"(2,2,0)A2xA1",
		"(6,0,0)A2xA1",
		"(0,6,0)A2xA1",
		"(1,4,0)A2xA1",
		"(4,1,0)A2xA1",
		"(7,0,0)A2xA1",
		"(0,7,0)A2xA1",
		"(3,2,0)A2xA1",
		"(2,3,0)A2xA1",
		"(8,0,0)A2xA1",
		"(0,8,0)A2xA1",
		"(5,1,0)A2xA1",
		"(1,5,0)A2xA1"
	],
	"Subgroups" : []
}
