{
	"rank" : 4,
	"dim" : 16,
	"label" : "SU(4)xU(1)",
	"simple" : false,
	"semisimple" : false,
	"ngroups" : 2,
	"nabelians" : 1,
	"Casimir" : [
		4,
		0
	],
	"repsMaxDim" : 50,
	"hasReps" : false,
	"hasSubgroups" : false,
	"Reps" : [],
	"Subgroups" : [],
	"id" : "A3(A)xU1(B)[A4]",
	"SuperGroups" : [
		{
			"A4" : [
				{
					"A3(A)" : []
				},
				{
					"U1(B)" : []
				}
			]
		}
	],
	"Projection" : [
		[
			1,
			0,
			0,
			0
		],
		[
			0,
			1,
			0,
			0
		],
		[
			0,
			0,
			1,
			0
		],
		[
			0.2,
			0.4,
			0.6,
			0.8
		]
	],
	"labels" : [
		"A",
		"B"
	],
	"maximal" : true,
	"regular" : true,
	"special" : false
}
