{
	"rank" : 2,
	"dim" : 4,
	"label" : "SU(2)xU(1)",
	"simple" : false,
	"semisimple" : false,
	"ngroups" : 2,
	"nabelians" : 1,
	"Casimir" : [
		2,
		0
	],
	"repsMaxDim" : 50,
	"hasReps" : false,
	"hasSubgroups" : false,
	"Reps" : [],
	"Subgroups" : [],
	"id" : "A1(A)xU1(B)[A2]",
	"SuperGroups" : [
		{
			"A2" : [
				{
					"A1(A)" : []
				},
				{
					"U1(B)" : []
				}
			]
		}
	],
	"Projection" : [
		[
			1,
			0
		],
		[
			0.333333,
			0.666667
		]
	],
	"labels" : [
		"A",
		"B"
	],
	"maximal" : true,
	"regular" : true,
	"special" : false
}
