{
	"id" : "(0,0,1,0,-0.5)D4xU1",
	"Group" : "D4(A)xU1(B)[D5]",
	"GroupRank" : 5,
	"HWeight" : [
		[
			0,
			0,
			1,
			0,
			-0.5
		]
	],
	"dim" : 8,
	"real" : true,
	"label" : "{8, -0.500}",
	"nirreps" : 2,
	"Casimir" : [
		3.5,
		0.25
	],
	"DynkinIndex" : [
		1,
		2
	],
	"hasWeights" : true,
	"Weights" : [
		"(0,0,1,0,-0.5)D4xU1",
		"(0,1,-1,0,-0.5)D4xU1",
		"(1,-1,0,1,-0.5)D4xU1",
		"(-1,0,0,1,-0.5)D4xU1",
		"(1,0,0,-1,-0.5)D4xU1",
		"(-1,1,0,-1,-0.5)D4xU1",
		"(0,-1,1,0,-0.5)D4xU1",
		"(0,0,-1,0,-0.5)D4xU1"
	]
}
