{
	"id" : "(0,1,0,0,0)D4xU1",
	"Group" : "D4(A)xU1(B)[D5]",
	"GroupRank" : 5,
	"HWeight" : [
		[
			0,
			1,
			0,
			0,
			0
		]
	],
	"dim" : 28,
	"real" : true,
	"label" : "{28, 0.000}",
	"nirreps" : 2,
	"Casimir" : [
		6,
		0
	],
	"DynkinIndex" : [
		6,
		0
	],
	"hasWeights" : true,
	"Weights" : [
		"(0,1,0,0,0)D4xU1",
		"(1,-1,1,1,0)D4xU1",
		"(-1,0,1,1,0)D4xU1",
		"(1,0,-1,1,0)D4xU1",
		"(1,0,1,-1,0)D4xU1",
		"(-1,1,-1,1,0)D4xU1",
		"(-1,1,1,-1,0)D4xU1",
		"(1,1,-1,-1,0)D4xU1",
		"(0,-1,0,2,0)D4xU1",
		"(-1,2,-1,-1,0)D4xU1",
		"(0,-1,2,0,0)D4xU1",
		"(2,-1,0,0,0)D4xU1",
		"(0,0,0,0,0)D4xU1",
		"(0,0,0,0,0)D4xU1",
		"(0,0,0,0,0)D4xU1",
		"(0,0,0,0,0)D4xU1",
		"(0,1,0,-2,0)D4xU1",
		"(1,-2,1,1,0)D4xU1",
		"(0,1,-2,0,0)D4xU1",
		"(-2,1,0,0,0)D4xU1",
		"(1,-1,1,-1,0)D4xU1",
		"(-1,-1,1,1,0)D4xU1",
		"(1,-1,-1,1,0)D4xU1",
		"(-1,0,1,-1,0)D4xU1",
		"(1,0,-1,-1,0)D4xU1",
		"(-1,0,-1,1,0)D4xU1",
		"(-1,1,-1,-1,0)D4xU1",
		"(0,-1,0,0,0)D4xU1"
	]
}
