{
	"id" : "(0,1,0,2,0.408)A2xA1xA1xU1",
	"Group" : "A2xA1xA1xU1",
	"GroupRank" : 5,
	"HWeight" : [
		[
			0,
			1,
			0,
			2,
			0.408248
		]
	],
	"dim" : 9,
	"real" : false,
	"label" : "{3*, 1, 3, 0.408}",
	"nirreps" : 4,
	"Casimir" : [
		1.333333,
		0,
		2,
		0.166667
	],
	"DynkinIndex" : [
		1.5,
		0,
		6,
		1.5
	],
	"hasWeights" : true,
	"Weights" : [
		"(0,1,0,2,0.408)A2xA1xA1xU1",
		"(0,1,0,0,0.408)A2xA1xA1xU1",
		"(0,1,0,-2,0.408)A2xA1xA1xU1",
		"(1,-1,0,2,0.408)A2xA1xA1xU1",
		"(1,-1,0,0,0.408)A2xA1xA1xU1",
		"(1,-1,0,-2,0.408)A2xA1xA1xU1",
		"(-1,0,0,2,0.408)A2xA1xA1xU1",
		"(-1,0,0,0,0.408)A2xA1xA1xU1",
		"(-1,0,0,-2,0.408)A2xA1xA1xU1"
	]
}
