{
	"id" : "(0,2,0,2,-0.408)A2xA1xA1xU1",
	"Group" : "A2xA1xA1xU1",
	"GroupRank" : 5,
	"HWeight" : [
		[
			0,
			2,
			0,
			2,
			-0.408248
		]
	],
	"dim" : 18,
	"real" : false,
	"label" : "{6*, 1, 3, -0.408}",
	"nirreps" : 4,
	"Casimir" : [
		3.333333,
		0,
		2,
		0.166667
	],
	"DynkinIndex" : [
		7.5,
		0,
		12,
		3
	],
	"hasWeights" : true,
	"Weights" : [
		"(0,2,0,2,-0.408)A2xA1xA1xU1",
		"(0,2,0,0,-0.408)A2xA1xA1xU1",
		"(0,2,0,-2,-0.408)A2xA1xA1xU1",
		"(1,0,0,2,-0.408)A2xA1xA1xU1",
		"(1,0,0,0,-0.408)A2xA1xA1xU1",
		"(1,0,0,-2,-0.408)A2xA1xA1xU1",
		"(2,-2,0,2,-0.408)A2xA1xA1xU1",
		"(2,-2,0,0,-0.408)A2xA1xA1xU1",
		"(2,-2,0,-2,-0.408)A2xA1xA1xU1",
		"(-1,1,0,2,-0.408)A2xA1xA1xU1",
		"(-1,1,0,0,-0.408)A2xA1xA1xU1",
		"(-1,1,0,-2,-0.408)A2xA1xA1xU1",
		"(0,-1,0,2,-0.408)A2xA1xA1xU1",
		"(0,-1,0,0,-0.408)A2xA1xA1xU1",
		"(0,-1,0,-2,-0.408)A2xA1xA1xU1",
		"(-2,0,0,2,-0.408)A2xA1xA1xU1",
		"(-2,0,0,0,-0.408)A2xA1xA1xU1",
		"(-2,0,0,-2,-0.408)A2xA1xA1xU1"
	]
}
