{
	"id" : "(0,2,0,2,1)A2xA1xA1xU1",
	"Group" : "A2(A)xA1(B)xA1(C)xU1(D)[D5]",
	"GroupRank" : 5,
	"HWeight" : [
		[
			0,
			2,
			0,
			2,
			1
		]
	],
	"dim" : 18,
	"real" : false,
	"label" : "{6*, 1, 3, 1.000}",
	"nirreps" : 4,
	"Casimir" : [
		3.333334,
		0,
		2,
		1
	],
	"DynkinIndex" : [
		7.500001,
		0,
		12,
		18
	],
	"hasWeights" : true,
	"Weights" : [
		"(0,2,0,2,1)A2xA1xA1xU1",
		"(0,2,0,0,1)A2xA1xA1xU1",
		"(0,2,0,-2,1)A2xA1xA1xU1",
		"(1,0,0,2,1)A2xA1xA1xU1",
		"(1,0,0,0,1)A2xA1xA1xU1",
		"(1,0,0,-2,1)A2xA1xA1xU1",
		"(2,-2,0,2,1)A2xA1xA1xU1",
		"(2,-2,0,0,1)A2xA1xA1xU1",
		"(2,-2,0,-2,1)A2xA1xA1xU1",
		"(-1,1,0,2,1)A2xA1xA1xU1",
		"(-1,1,0,0,1)A2xA1xA1xU1",
		"(-1,1,0,-2,1)A2xA1xA1xU1",
		"(0,-1,0,2,1)A2xA1xA1xU1",
		"(0,-1,0,0,1)A2xA1xA1xU1",
		"(0,-1,0,-2,1)A2xA1xA1xU1",
		"(-2,0,0,2,1)A2xA1xA1xU1",
		"(-2,0,0,0,1)A2xA1xA1xU1",
		"(-2,0,0,-2,1)A2xA1xA1xU1"
	]
}
