{
	"id" : "(1,0,1,1,1)A2xA1xA1xU1",
	"Group" : "A2xA1xA1xU1",
	"HWeight" : [
		[
			1,
			0,
			1,
			1,
			1
		]
	],
	"dim" : 12,
	"real" : false,
	"label" : "{3, 2, 2, 1.000}",
	"nirreps" : 4,
	"Casimir" : [
		1.333333,
		0.75,
		0.75,
		1
	],
	"DynkinIndex" : [
		2,
		3,
		3,
		12
	],
	"hasWeights" : true,
	"Weights" : [
		"(1,0,1,1,1)A2xA1xA1xU1",
		"(1,0,1,-1,1)A2xA1xA1xU1",
		"(1,0,-1,1,1)A2xA1xA1xU1",
		"(1,0,-1,-1,1)A2xA1xA1xU1",
		"(-1,1,1,1,1)A2xA1xA1xU1",
		"(-1,1,1,-1,1)A2xA1xA1xU1",
		"(-1,1,-1,1,1)A2xA1xA1xU1",
		"(-1,1,-1,-1,1)A2xA1xA1xU1",
		"(0,-1,1,1,1)A2xA1xA1xU1",
		"(0,-1,1,-1,1)A2xA1xA1xU1",
		"(0,-1,-1,1,1)A2xA1xA1xU1",
		"(0,-1,-1,-1,1)A2xA1xA1xU1"
	]
}
