{
	"id" : "(1,0,0,2,1)A2xA1xA1xU1",
	"Group" : "A2xA1xA1xU1",
	"HWeight" : [
		[
			1,
			0,
			0,
			2,
			1
		]
	],
	"dim" : 9,
	"real" : false,
	"label" : "{3, 1, 3, 1.000}",
	"nirreps" : 4,
	"Casimir" : [
		1.333333,
		0,
		2,
		1
	],
	"DynkinIndex" : [
		1.5,
		0,
		6,
		9
	],
	"hasWeights" : true,
	"Weights" : [
		"(1,0,0,2,1)A2xA1xA1xU1",
		"(1,0,0,0,1)A2xA1xA1xU1",
		"(1,0,0,-2,1)A2xA1xA1xU1",
		"(-1,1,0,2,1)A2xA1xA1xU1",
		"(-1,1,0,0,1)A2xA1xA1xU1",
		"(-1,1,0,-2,1)A2xA1xA1xU1",
		"(0,-1,0,2,1)A2xA1xA1xU1",
		"(0,-1,0,0,1)A2xA1xA1xU1",
		"(0,-1,0,-2,1)A2xA1xA1xU1"
	]
}
