{
	"id" : "(1,0,1,0,-0.5)A2xA1xA1xU1",
	"Group" : "A2xA1xA1xU1",
	"HWeight" : [
		[
			1,
			0,
			1,
			0,
			-0.5
		]
	],
	"dim" : 6,
	"real" : false,
	"label" : "{3, 2, 1, -0.500}",
	"nirreps" : 4,
	"Casimir" : [
		1.333333,
		0.75,
		0,
		0.25
	],
	"DynkinIndex" : [
		1,
		1.5,
		0,
		1.5
	],
	"hasWeights" : true,
	"Weights" : [
		"(1,0,1,0,-0.5)A2xA1xA1xU1",
		"(1,0,-1,0,-0.5)A2xA1xA1xU1",
		"(-1,1,1,0,-0.5)A2xA1xA1xU1",
		"(-1,1,-1,0,-0.5)A2xA1xA1xU1",
		"(0,-1,1,0,-0.5)A2xA1xA1xU1",
		"(0,-1,-1,0,-0.5)A2xA1xA1xU1"
	]
}
