{
	"id" : "(1,0,2,0,1)A2xA1xA1xU1",
	"Group" : "A2(A)xA1(B)xA1(C)xU1(D)[D5]",
	"GroupRank" : 5,
	"HWeight" : [
		[
			1,
			0,
			2,
			0,
			1
		]
	],
	"dim" : 9,
	"real" : false,
	"label" : "{3, 3, 1, 1.000}",
	"nirreps" : 4,
	"Casimir" : [
		1.333333,
		2,
		0,
		1
	],
	"DynkinIndex" : [
		1.5,
		6,
		0,
		9
	],
	"hasWeights" : true,
	"Weights" : [
		"(1,0,2,0,1)A2xA1xA1xU1",
		"(1,0,0,0,1)A2xA1xA1xU1",
		"(1,0,-2,0,1)A2xA1xA1xU1",
		"(-1,1,2,0,1)A2xA1xA1xU1",
		"(-1,1,0,0,1)A2xA1xA1xU1",
		"(-1,1,-2,0,1)A2xA1xA1xU1",
		"(0,-1,2,0,1)A2xA1xA1xU1",
		"(0,-1,0,0,1)A2xA1xA1xU1",
		"(0,-1,-2,0,1)A2xA1xA1xU1"
	]
}
