{
	"id" : "(1,0,1,1,-2)A2xA1xA1xU1",
	"Group" : "A2(A)xA1(B)xA1(C)xU1(D)[D5]",
	"GroupRank" : 5,
	"HWeight" : [
		[
			1,
			0,
			1,
			1,
			-2
		]
	],
	"dim" : 12,
	"real" : false,
	"label" : "{3, 2, 2, -2.000}",
	"nirreps" : 4,
	"Casimir" : [
		1.333334,
		0.75,
		0.75,
		4
	],
	"DynkinIndex" : [
		2,
		3,
		3,
		48
	],
	"hasWeights" : true,
	"Weights" : [
		"(1,0,1,1,-2)A2xA1xA1xU1",
		"(1,0,1,-1,-2)A2xA1xA1xU1",
		"(1,0,-1,1,-2)A2xA1xA1xU1",
		"(1,0,-1,-1,-2)A2xA1xA1xU1",
		"(-1,1,1,1,-2)A2xA1xA1xU1",
		"(-1,1,1,-1,-2)A2xA1xA1xU1",
		"(-1,1,-1,1,-2)A2xA1xA1xU1",
		"(-1,1,-1,-1,-2)A2xA1xA1xU1",
		"(0,-1,1,1,-2)A2xA1xA1xU1",
		"(0,-1,1,-1,-2)A2xA1xA1xU1",
		"(0,-1,-1,1,-2)A2xA1xA1xU1",
		"(0,-1,-1,-1,-2)A2xA1xA1xU1"
	]
}
