{
	"id" : "(1,1,0,2,-0)A2xA1xA1xU1",
	"Group" : "A2xA1xA1xU1",
	"GroupRank" : 5,
	"HWeight" : [
		[
			1,
			1,
			0,
			2,
			0
		]
	],
	"dim" : 24,
	"real" : true,
	"label" : "{8, 1, 3, -0.000}",
	"nirreps" : 4,
	"Casimir" : [
		3,
		0,
		2,
		0
	],
	"DynkinIndex" : [
		9,
		0,
		16,
		0
	],
	"hasWeights" : true,
	"Weights" : [
		"(1,1,0,2,-0)A2xA1xA1xU1",
		"(1,1,0,0,-0)A2xA1xA1xU1",
		"(1,1,0,-2,-0)A2xA1xA1xU1",
		"(-1,2,0,2,-0)A2xA1xA1xU1",
		"(-1,2,0,0,-0)A2xA1xA1xU1",
		"(-1,2,0,-2,-0)A2xA1xA1xU1",
		"(2,-1,0,2,-0)A2xA1xA1xU1",
		"(2,-1,0,0,-0)A2xA1xA1xU1",
		"(2,-1,0,-2,-0)A2xA1xA1xU1",
		"(0,0,0,2,-0)A2xA1xA1xU1",
		"(0,0,0,0,-0)A2xA1xA1xU1",
		"(0,0,0,-2,-0)A2xA1xA1xU1",
		"(0,0,0,2,-0)A2xA1xA1xU1",
		"(0,0,0,0,-0)A2xA1xA1xU1",
		"(0,0,0,-2,-0)A2xA1xA1xU1",
		"(1,-2,0,2,-0)A2xA1xA1xU1",
		"(1,-2,0,0,-0)A2xA1xA1xU1",
		"(1,-2,0,-2,-0)A2xA1xA1xU1",
		"(-2,1,0,2,-0)A2xA1xA1xU1",
		"(-2,1,0,0,-0)A2xA1xA1xU1",
		"(-2,1,0,-2,-0)A2xA1xA1xU1",
		"(-1,-1,0,2,-0)A2xA1xA1xU1",
		"(-1,-1,0,0,-0)A2xA1xA1xU1",
		"(-1,-1,0,-2,-0)A2xA1xA1xU1"
	]
}
