{
	"id" : "(1,1,0,0,0)A2xA1xA1xU1",
	"Group" : "A2(A)xA1(B)xA1(C)xU1(D)[D5]",
	"GroupRank" : 5,
	"HWeight" : [
		[
			1,
			1,
			0,
			0,
			0
		]
	],
	"dim" : 8,
	"real" : false,
	"label" : "{8, 1, 1, 0.000}",
	"nirreps" : 4,
	"Casimir" : [
		3,
		0,
		0,
		0
	],
	"DynkinIndex" : [
		3,
		0,
		0,
		0
	],
	"hasWeights" : true,
	"Weights" : [
		"(1,1,0,0,0)A2xA1xA1xU1",
		"(-1,2,0,0,0)A2xA1xA1xU1",
		"(2,-1,0,0,0)A2xA1xA1xU1",
		"(0,0,0,0,0)A2xA1xA1xU1",
		"(0,0,0,0,0)A2xA1xA1xU1",
		"(1,-2,0,0,0)A2xA1xA1xU1",
		"(-2,1,0,0,0)A2xA1xA1xU1",
		"(-1,-1,0,0,0)A2xA1xA1xU1"
	]
}
