{
	"id" : "(1,1,1,1,0)A2xA1xA1xU1",
	"Group" : "A2(A)xA1(B)xA1(C)xU1(D)[D5]",
	"GroupRank" : 5,
	"HWeight" : [
		[
			1,
			1,
			1,
			1,
			0
		]
	],
	"dim" : 32,
	"real" : false,
	"label" : "{8, 2, 2, 0.000}",
	"nirreps" : 4,
	"Casimir" : [
		3,
		0.75,
		0.75,
		0
	],
	"DynkinIndex" : [
		12,
		8,
		8,
		0
	],
	"hasWeights" : true,
	"Weights" : [
		"(1,1,1,1,0)A2xA1xA1xU1",
		"(1,1,1,-1,0)A2xA1xA1xU1",
		"(1,1,-1,1,0)A2xA1xA1xU1",
		"(1,1,-1,-1,0)A2xA1xA1xU1",
		"(-1,2,1,1,0)A2xA1xA1xU1",
		"(-1,2,1,-1,0)A2xA1xA1xU1",
		"(-1,2,-1,1,0)A2xA1xA1xU1",
		"(-1,2,-1,-1,0)A2xA1xA1xU1",
		"(2,-1,1,1,0)A2xA1xA1xU1",
		"(2,-1,1,-1,0)A2xA1xA1xU1",
		"(2,-1,-1,1,0)A2xA1xA1xU1",
		"(2,-1,-1,-1,0)A2xA1xA1xU1",
		"(0,0,1,1,0)A2xA1xA1xU1",
		"(0,0,1,-1,0)A2xA1xA1xU1",
		"(0,0,-1,1,0)A2xA1xA1xU1",
		"(0,0,-1,-1,0)A2xA1xA1xU1",
		"(0,0,1,1,0)A2xA1xA1xU1",
		"(0,0,1,-1,0)A2xA1xA1xU1",
		"(0,0,-1,1,0)A2xA1xA1xU1",
		"(0,0,-1,-1,0)A2xA1xA1xU1",
		"(1,-2,1,1,0)A2xA1xA1xU1",
		"(1,-2,1,-1,0)A2xA1xA1xU1",
		"(1,-2,-1,1,0)A2xA1xA1xU1",
		"(1,-2,-1,-1,0)A2xA1xA1xU1",
		"(-2,1,1,1,0)A2xA1xA1xU1",
		"(-2,1,1,-1,0)A2xA1xA1xU1",
		"(-2,1,-1,1,0)A2xA1xA1xU1",
		"(-2,1,-1,-1,0)A2xA1xA1xU1",
		"(-1,-1,1,1,0)A2xA1xA1xU1",
		"(-1,-1,1,-1,0)A2xA1xA1xU1",
		"(-1,-1,-1,1,0)A2xA1xA1xU1",
		"(-1,-1,-1,-1,0)A2xA1xA1xU1"
	]
}
