{
	"id" : "(2,0,2,0,-1)A2xA1xA1xU1",
	"Group" : "A2(A)xA1(B)xA1(C)xU1(D)[D5]",
	"GroupRank" : 5,
	"HWeight" : [
		[
			2,
			0,
			2,
			0,
			-1
		]
	],
	"dim" : 18,
	"real" : false,
	"label" : "{6, 3, 1, -1.000}",
	"nirreps" : 4,
	"Casimir" : [
		3.333333,
		2,
		0,
		1
	],
	"DynkinIndex" : [
		7.5,
		12,
		0,
		18
	],
	"hasWeights" : true,
	"Weights" : [
		"(2,0,2,0,-1)A2xA1xA1xU1",
		"(2,0,0,0,-1)A2xA1xA1xU1",
		"(2,0,-2,0,-1)A2xA1xA1xU1",
		"(0,1,2,0,-1)A2xA1xA1xU1",
		"(0,1,0,0,-1)A2xA1xA1xU1",
		"(0,1,-2,0,-1)A2xA1xA1xU1",
		"(-2,2,2,0,-1)A2xA1xA1xU1",
		"(-2,2,0,0,-1)A2xA1xA1xU1",
		"(-2,2,-2,0,-1)A2xA1xA1xU1",
		"(1,-1,2,0,-1)A2xA1xA1xU1",
		"(1,-1,0,0,-1)A2xA1xA1xU1",
		"(1,-1,-2,0,-1)A2xA1xA1xU1",
		"(-1,0,2,0,-1)A2xA1xA1xU1",
		"(-1,0,0,0,-1)A2xA1xA1xU1",
		"(-1,0,-2,0,-1)A2xA1xA1xU1",
		"(0,-2,2,0,-1)A2xA1xA1xU1",
		"(0,-2,0,0,-1)A2xA1xA1xU1",
		"(0,-2,-2,0,-1)A2xA1xA1xU1"
	]
}
