{
	"id" : "A2xU1xU1xU1",
	"rank" : 5,
	"dim" : 11,
	"label" : "SU(3)xU(1)xU(1)xU(1)",
	"simple" : false,
	"semisimple" : false,
	"ngroups" : 4,
	"nabelians" : 3,
	"Casimir" : [
		3,
		0,
		0,
		0
	],
	"repsMaxDim" : 50,
	"hasReps" : false,
	"hasSubgroups" : true,
	"Reps" : [],
	"Subgroups" : [
		"A1(AA)xU1(AB)xU1(B)xU1(C)xU1(D)[A2xU1xU1xU1]",
		"U1(AA)xU1(AB)xU1(B)xU1(C)xU1(D)[A2xU1xU1xU1]",
		"A2(A)xU1(B)xU1(C)[A2xU1xU1xU1]",
		"A2(A)xU1(B)xU1(D)[A2xU1xU1xU1]",
		"A2(A)xU1(C)xU1(D)[A2xU1xU1xU1]",
		"A1(AA)xU1(AB)xU1(B)xU1(C)[A2xU1xU1xU1]",
		"A1(AA)xU1(AB)xU1(B)xU1(D)[A2xU1xU1xU1]",
		"A1(AA)xU1(AB)xU1(C)xU1(D)[A2xU1xU1xU1]",
		"A1(AA)xU1(B)xU1(C)xU1(D)[A2xU1xU1xU1]",
		"U1(AA)xU1(B)xU1(C)xU1(D)[A2xU1xU1xU1]",
		"U1(AA)xU1(AB)xU1(B)xU1(C)[A2xU1xU1xU1]",
		"U1(AA)xU1(AB)xU1(C)xU1(D)[A2xU1xU1xU1]",
		"U1(AB)xU1(B)xU1(C)xU1(D)[A2xU1xU1xU1]",
		"U1(AA)xU1(AB)xU1(B)xU1(D)[A2xU1xU1xU1]",
		"A2(A)xU1(C)[A2xU1xU1xU1]",
		"A2(A)xU1(B)[A2xU1xU1xU1]",
		"A2(A)xU1(D)[A2xU1xU1xU1]",
		"A1(AA)xU1(B)xU1(D)[A2xU1xU1xU1]",
		"A1(AA)xU1(AB)xU1(D)[A2xU1xU1xU1]",
		"A1(AA)xU1(B)xU1(C)[A2xU1xU1xU1]",
		"A1(AA)xU1(AB)xU1(C)[A2xU1xU1xU1]",
		"A1(AA)xU1(AB)xU1(B)[A2xU1xU1xU1]",
		"A1(AA)xU1(C)xU1(D)[A2xU1xU1xU1]",
		"U1(AA)xU1(AB)xU1(B)[A2xU1xU1xU1]",
		"U1(AA)xU1(AB)xU1(C)[A2xU1xU1xU1]",
		"U1(AA)xU1(B)xU1(C)[A2xU1xU1xU1]",
		"U1(AB)xU1(B)xU1(C)[A2xU1xU1xU1]",
		"U1(AA)xU1(AB)xU1(D)[A2xU1xU1xU1]",
		"U1(AB)xU1(C)xU1(D)[A2xU1xU1xU1]",
		"U1(AA)xU1(B)xU1(D)[A2xU1xU1xU1]",
		"U1(AB)xU1(B)xU1(D)[A2xU1xU1xU1]",
		"U1(B)xU1(C)xU1(D)[A2xU1xU1xU1]",
		"U1(AA)xU1(C)xU1(D)[A2xU1xU1xU1]",
		"A2(A)[A2xU1xU1xU1]",
		"A1(AA)xU1(D)[A2xU1xU1xU1]",
		"A1(AA)xU1(C)[A2xU1xU1xU1]",
		"A1(AA)xU1(B)[A2xU1xU1xU1]",
		"A1(AA)xU1(AB)[A2xU1xU1xU1]",
		"U1(B)xU1(D)[A2xU1xU1xU1]",
		"U1(B)xU1(C)[A2xU1xU1xU1]",
		"U1(AB)xU1(D)[A2xU1xU1xU1]",
		"U1(AB)xU1(C)[A2xU1xU1xU1]",
		"U1(AA)xU1(C)[A2xU1xU1xU1]",
		"U1(AB)xU1(B)[A2xU1xU1xU1]",
		"U1(AA)xU1(B)[A2xU1xU1xU1]",
		"U1(AA)xU1(AB)[A2xU1xU1xU1]",
		"U1(C)xU1(D)[A2xU1xU1xU1]",
		"U1(AA)xU1(D)[A2xU1xU1xU1]",
		"A1(AA)[A2xU1xU1xU1]",
		"U1(C)[A2xU1xU1xU1]",
		"U1(B)[A2xU1xU1xU1]",
		"U1(AB)[A2xU1xU1xU1]",
		"U1(AA)[A2xU1xU1xU1]",
		"U1(D)[A2xU1xU1xU1]"
	]
}
