{
	"id" : "U1xU1xU1xU1xU1",
	"rank" : 5,
	"dim" : 5,
	"label" : "U(1)xU(1)xU(1)xU(1)xU(1)",
	"simple" : false,
	"semisimple" : false,
	"ngroups" : 5,
	"nabelians" : 5,
	"Casimir" : [
		0,
		0,
		0,
		0,
		0
	],
	"repsMaxDim" : 50,
	"hasReps" : false,
	"hasSubgroups" : true,
	"Reps" : [],
	"Subgroups" : [
		"U1(A)xU1(B)xU1(C)xU1(E)[U1xU1xU1xU1xU1]",
		"U1(A)xU1(B)xU1(D)xU1(E)[U1xU1xU1xU1xU1]",
		"U1(A)xU1(C)xU1(D)xU1(E)[U1xU1xU1xU1xU1]",
		"U1(B)xU1(C)xU1(D)xU1(E)[U1xU1xU1xU1xU1]",
		"U1(A)xU1(B)xU1(C)xU1(D)[U1xU1xU1xU1xU1]",
		"U1(A)xU1(B)xU1(C)[U1xU1xU1xU1xU1]",
		"U1(A)xU1(B)xU1(D)[U1xU1xU1xU1xU1]",
		"U1(A)xU1(C)xU1(D)[U1xU1xU1xU1xU1]",
		"U1(B)xU1(C)xU1(D)[U1xU1xU1xU1xU1]",
		"U1(A)xU1(B)xU1(E)[U1xU1xU1xU1xU1]",
		"U1(B)xU1(D)xU1(E)[U1xU1xU1xU1xU1]",
		"U1(A)xU1(C)xU1(E)[U1xU1xU1xU1xU1]",
		"U1(B)xU1(C)xU1(E)[U1xU1xU1xU1xU1]",
		"U1(C)xU1(D)xU1(E)[U1xU1xU1xU1xU1]",
		"U1(A)xU1(D)xU1(E)[U1xU1xU1xU1xU1]",
		"U1(D)xU1(E)[U1xU1xU1xU1xU1]",
		"U1(A)xU1(B)[U1xU1xU1xU1xU1]",
		"U1(A)xU1(C)[U1xU1xU1xU1xU1]",
		"U1(B)xU1(C)[U1xU1xU1xU1xU1]",
		"U1(A)xU1(D)[U1xU1xU1xU1xU1]",
		"U1(B)xU1(D)[U1xU1xU1xU1xU1]",
		"U1(C)xU1(D)[U1xU1xU1xU1xU1]",
		"U1(C)xU1(E)[U1xU1xU1xU1xU1]",
		"U1(A)xU1(E)[U1xU1xU1xU1xU1]",
		"U1(B)xU1(E)[U1xU1xU1xU1xU1]",
		"U1(D)[U1xU1xU1xU1xU1]",
		"U1(C)[U1xU1xU1xU1xU1]",
		"U1(B)[U1xU1xU1xU1xU1]",
		"U1(A)[U1xU1xU1xU1xU1]",
		"U1(E)[U1xU1xU1xU1xU1]"
	]
}
