{
	"rank" : 3,
	"dim" : 7,
	"label" : "SU(2)xSU(2)xU(1)",
	"simple" : false,
	"semisimple" : false,
	"ngroups" : 3,
	"nabelians" : 1,
	"Casimir" : [
		2,
		2,
		0
	],
	"repsMaxDim" : 50,
	"hasReps" : false,
	"hasSubgroups" : false,
	"Reps" : [],
	"Subgroups" : [],
	"id" : "A1(AAA)xA1(B)xU1(AB)[D5]",
	"SuperGroups" : [
		{
			"D5" : [
				{
					"A1(A)" : [
						{
							"A2(A)" : [
								{
									"A1(AAA)" : []
								},
								{
									"A1(AAB)" : []
								}
							]
						}
					]
				},
				{
					"A3(B)" : [
						{
							"A1(B)" : [
								{
									"U1(B)" : []
								}
							]
						}
					]
				}
			]
		}
	],
	"Projection" : [
		[
			0,
			0,
			0,
			1,
			0
		],
		[
			-1,
			0,
			0,
			0,
			0
		],
		[
			0,
			0,
			-0.5,
			-0.25,
			-0.75
		]
	],
	"labels" : [
		"AAA",
		"B",
		"AB"
	],
	"maximal" : false,
	"regular" : true,
	"special" : false
}
