{
	"rank" : 2,
	"dim" : 4,
	"label" : "SU(2)xU(1)",
	"simple" : false,
	"semisimple" : false,
	"ngroups" : 2,
	"nabelians" : 1,
	"Casimir" : [
		2,
		0
	],
	"repsMaxDim" : 50,
	"hasReps" : false,
	"hasSubgroups" : false,
	"Reps" : [],
	"Subgroups" : [],
	"id" : "A1(AAAA)xU1(AAAB)[D5]",
	"SuperGroups" : [
		{
			"D5" : [
				{
					"A4(A)" : [
						{
							"A3(A)" : [
								{
									"A2(AA)" : [
										{
											"A1(AAA)" : []
										},
										{
											"U1(AAB)" : []
										}
									]
								}
							]
						}
					]
				}
			]
		}
	],
	"Projection" : [
		[
			0,
			0,
			0,
			0,
			-1
		],
		[
			0,
			0,
			-0.666667,
			0,
			-0.333333
		]
	],
	"labels" : [
		"AAAA",
		"AAAB"
	],
	"maximal" : false,
	"regular" : true,
	"special" : false
}
