{
	"rank" : 2,
	"dim" : 4,
	"label" : "SU(2)xU(1)",
	"simple" : false,
	"semisimple" : false,
	"ngroups" : 2,
	"nabelians" : 1,
	"Casimir" : [
		2,
		0
	],
	"repsMaxDim" : 50,
	"hasReps" : false,
	"hasSubgroups" : false,
	"Reps" : [],
	"Subgroups" : [],
	"id" : "A1(AD)xU1(AC)[D5]",
	"SuperGroups" : [
		{
			"D5" : [
				{
					"D4(A)" : [
						{
							"A1(AA)" : [
								{
									"U1(AA)" : [
										{
											"U1(A)" : [
												{
													"A1(A)" : []
												}
											]
										}
									]
								}
							]
						},
						{
							"A1(AB)" : [
								{
									"A1(AB)" : [
										{
											"A1(B)" : [
												{
													"U1(B)" : []
												}
											]
										}
									]
								}
							]
						}
					]
				}
			]
		}
	],
	"Projection" : [
		[
			0,
			0,
			0,
			0,
			1
		],
		[
			0,
			0,
			0,
			0.5,
			0
		]
	],
	"labels" : [
		"AD",
		"AC"
	],
	"maximal" : false,
	"regular" : true,
	"special" : false
}
