{
	"rank" : 2,
	"dim" : 4,
	"label" : "SU(2)xU(1)",
	"simple" : false,
	"semisimple" : false,
	"ngroups" : 2,
	"nabelians" : 1,
	"Casimir" : [
		2,
		0
	],
	"repsMaxDim" : 50,
	"hasReps" : false,
	"hasSubgroups" : false,
	"Reps" : [],
	"Subgroups" : [],
	"id" : "A1(AA)xU1(AC)[D5]",
	"SuperGroups" : [
		{
			"D5" : [
				{
					"A3(A)" : [
						{
							"A1(AA)" : []
						},
						{
							"U1(AB)" : []
						}
					]
				}
			]
		}
	],
	"Projection" : [
		[
			0,
			0,
			0,
			0,
			1
		],
		[
			0,
			0,
			1,
			0.5,
			0.5
		]
	],
	"labels" : [
		"AA",
		"AC"
	],
	"maximal" : false,
	"regular" : true,
	"special" : false
}
