{
	"rank" : 2,
	"dim" : 4,
	"label" : "SU(2)xU(1)",
	"simple" : false,
	"semisimple" : false,
	"ngroups" : 2,
	"nabelians" : 1,
	"Casimir" : [
		2,
		0
	],
	"repsMaxDim" : 50,
	"hasReps" : false,
	"hasSubgroups" : false,
	"Reps" : [],
	"Subgroups" : [],
	"id" : "A1(AB)xU1(AAB)[D5]",
	"SuperGroups" : [
		{
			"D5" : [
				{
					"A4(A)" : [
						{
							"A2(AA)" : [
								{
									"A1(AA)" : []
								}
							]
						},
						{
							"A1(AB)" : [
								{
									"U1(AB)" : []
								}
							]
						}
					]
				}
			]
		}
	],
	"Projection" : [
		[
			-1,
			0,
			0,
			0,
			0
		],
		[
			0,
			0,
			0.666667,
			0,
			0.333333
		]
	],
	"labels" : [
		"AB",
		"AAB"
	],
	"maximal" : false,
	"regular" : true,
	"special" : false
}
