{
	"rank" : 2,
	"dim" : 4,
	"label" : "SU(2)xU(1)",
	"simple" : false,
	"semisimple" : false,
	"ngroups" : 2,
	"nabelians" : 1,
	"Casimir" : [
		2,
		0
	],
	"repsMaxDim" : 50,
	"hasReps" : false,
	"hasSubgroups" : false,
	"Reps" : [],
	"Subgroups" : [],
	"id" : "A1(AAA)xU1(AC)[D5]",
	"SuperGroups" : [
		{
			"D5" : [
				{
					"A4(A)" : [
						{
							"A2(AA)" : [
								{
									"A1(A)" : []
								}
							]
						},
						{
							"U1(AB)" : [
								{
									"U1(C)" : []
								}
							]
						}
					]
				}
			]
		}
	],
	"Projection" : [
		[
			0,
			0,
			0,
			0,
			1
		],
		[
			-0.6,
			-1.2,
			-0.8,
			0,
			-0.4
		]
	],
	"labels" : [
		"AAA",
		"AC"
	],
	"maximal" : false,
	"regular" : true,
	"special" : false
}
