{
	"rank" : 4,
	"dim" : 6,
	"label" : "SU(2)xU(1)xU(1)xU(1)",
	"simple" : false,
	"semisimple" : false,
	"ngroups" : 4,
	"nabelians" : 3,
	"Casimir" : [
		2,
		0,
		0,
		0
	],
	"repsMaxDim" : 50,
	"hasReps" : false,
	"hasSubgroups" : false,
	"Reps" : [],
	"Subgroups" : [],
	"id" : "A1(AA)xU1(AB)xU1(AD)xU1(B)[D5]",
	"SuperGroups" : [
		{
			"D5" : [
				{
					"D4(A)" : [
						{
							"A1(AA)" : [
								{
									"A1(AA)" : [
										{
											"A1(A)" : [
												{
													"A1(A)" : []
												}
											]
										}
									]
								}
							]
						},
						{
							"A1(AB)" : [
								{
									"U1(AB)" : [
										{
											"U1(B)" : [
												{
													"U1(B)" : []
												}
											]
										}
									]
								}
							]
						},
						{
							"A1(AC)" : [
								{
									"A1(AD)" : [
										{
											"U1(D)" : [
												{
													"U1(D)" : []
												}
											]
										}
									]
								}
							]
						}
					]
				},
				{
					"U1(B)" : [
						{
							"U1(B)" : [
								{
									"U1(B)" : [
										{
											"U1(E)" : [
												{
													"U1(E)" : []
												}
											]
										}
									]
								}
							]
						}
					]
				}
			]
		}
	],
	"Projection" : [
		[
			0,
			-1,
			-2,
			-1,
			-1
		],
		[
			0,
			0.5,
			0,
			0,
			0
		],
		[
			0,
			0,
			0,
			0,
			0.5
		],
		[
			1,
			1,
			1,
			0.5,
			0.5
		]
	],
	"labels" : [
		"AA",
		"AB",
		"AD",
		"B"
	],
	"maximal" : false,
	"regular" : true,
	"special" : false
}
