{
	"rank" : 4,
	"dim" : 6,
	"label" : "SU(2)xU(1)xU(1)xU(1)",
	"simple" : false,
	"semisimple" : false,
	"ngroups" : 4,
	"nabelians" : 3,
	"Casimir" : [
		2,
		0,
		0,
		0
	],
	"repsMaxDim" : 50,
	"hasReps" : false,
	"hasSubgroups" : false,
	"Reps" : [],
	"Subgroups" : [],
	"id" : "A1(AAAA)xU1(AAAB)xU1(AAB)xU1(AB)[D5]",
	"SuperGroups" : [
		{
			"D5" : [
				{
					"A4(A)" : [
						{
							"A3(AA)" : [
								{
									"A2(AAA)" : [
										{
											"A1(AAA)" : []
										},
										{
											"U1(AAB)" : []
										}
									]
								},
								{
									"U1(AAB)" : [
										{
											"U1(AB)" : []
										}
									]
								}
							]
						},
						{
							"U1(AB)" : [
								{
									"U1(AB)" : [
										{
											"U1(B)" : []
										}
									]
								}
							]
						}
					]
				}
			]
		}
	],
	"Projection" : [
		[
			0,
			0,
			0,
			0,
			-1
		],
		[
			0,
			0,
			-0.666667,
			0,
			-0.333333
		],
		[
			0,
			0.75,
			0.5,
			0,
			0.25
		],
		[
			0.8,
			0.6,
			0.4,
			0,
			0.2
		]
	],
	"labels" : [
		"AAAA",
		"AAAB",
		"AAB",
		"AB"
	],
	"maximal" : false,
	"regular" : true,
	"special" : false
}
