{
	"rank" : 4,
	"dim" : 8,
	"label" : "SU(2)xSU(2)xU(1)xU(1)",
	"simple" : false,
	"semisimple" : false,
	"ngroups" : 4,
	"nabelians" : 2,
	"Casimir" : [
		2,
		2,
		0,
		0
	],
	"repsMaxDim" : 50,
	"hasReps" : false,
	"hasSubgroups" : false,
	"Reps" : [],
	"Subgroups" : [],
	"id" : "A1(AAA)xA1(C)xU1(AAB)xU1(B)[D5]",
	"SuperGroups" : [
		{
			"D5" : [
				{
					"A3(A)" : [
						{
							"A2(AA)" : [
								{
									"A1(AAA)" : []
								},
								{
									"A1(AAB)" : []
								}
							]
						},
						{
							"U1(AB)" : [
								{
									"U1(AB)" : []
								}
							]
						}
					]
				},
				{
					"A1(C)" : [
						{
							"U1(C)" : [
								{
									"U1(C)" : []
								}
							]
						}
					]
				}
			]
		}
	],
	"Projection" : [
		[
			0,
			0,
			0,
			-1,
			0
		],
		[
			-1,
			-2,
			-2,
			-1,
			-1
		],
		[
			0,
			0,
			-0.666667,
			-0.333333,
			0
		],
		[
			0.5,
			0,
			0,
			0,
			0
		]
	],
	"labels" : [
		"AAA",
		"C",
		"AAB",
		"B"
	],
	"maximal" : false,
	"regular" : true,
	"special" : false
}
