{
	"rank" : 4,
	"dim" : 8,
	"label" : "SU(2)xSU(2)xU(1)xU(1)",
	"simple" : false,
	"semisimple" : false,
	"ngroups" : 4,
	"nabelians" : 2,
	"Casimir" : [
		2,
		2,
		0,
		0
	],
	"repsMaxDim" : 50,
	"hasReps" : false,
	"hasSubgroups" : false,
	"Reps" : [],
	"Subgroups" : [],
	"id" : "A1(AA)xA1(C)xU1(AB)xU1(D)[D5]",
	"SuperGroups" : [
		{
			"D5" : [
				{
					"A2(A)" : [
						{
							"A2(A)" : [
								{
									"A1(AA)" : []
								},
								{
									"A1(AB)" : []
								}
							]
						}
					]
				},
				{
					"A1(B)" : [
						{
							"U1(B)" : [
								{
									"U1(B)" : []
								}
							]
						}
					]
				},
				{
					"U1(D)" : [
						{
							"U1(D)" : [
								{
									"U1(D)" : []
								}
							]
						}
					]
				}
			]
		}
	],
	"Projection" : [
		[
			0,
			-1,
			0,
			0,
			0
		],
		[
			0,
			0,
			0,
			0,
			1
		],
		[
			-0.666667,
			-0.333333,
			0,
			0,
			0
		],
		[
			1,
			2,
			3,
			1.5,
			1.5
		]
	],
	"labels" : [
		"AA",
		"C",
		"AB",
		"D"
	],
	"maximal" : false,
	"regular" : true,
	"special" : false
}
