{
	"rank" : 3,
	"dim" : 7,
	"label" : "SU(2)xSU(2)xU(1)",
	"simple" : false,
	"semisimple" : false,
	"ngroups" : 3,
	"nabelians" : 1,
	"Casimir" : [
		2,
		2,
		0
	],
	"repsMaxDim" : 50,
	"hasReps" : false,
	"hasSubgroups" : false,
	"Reps" : [],
	"Subgroups" : [],
	"id" : "A1(AB)xA1(B)xU1(AA)[D5]",
	"SuperGroups" : [
		{
			"D5" : [
				{
					"A1(A)" : [
						{
							"A1(AA)" : [
								{
									"A1(AA)" : []
								}
							]
						},
						{
							"A1(AB)" : [
								{
									"A1(AB)" : []
								}
							]
						},
						{
							"U1(AC)" : [
								{
									"U1(AC)" : []
								}
							]
						}
					]
				}
			]
		}
	],
	"Projection" : [
		[
			0,
			0,
			0,
			1,
			0
		],
		[
			-1,
			0,
			0,
			0,
			0
		],
		[
			0,
			0,
			0,
			0,
			0.5
		]
	],
	"labels" : [
		"AB",
		"B",
		"AA"
	],
	"maximal" : false,
	"regular" : true,
	"special" : false
}
