{
	"rank" : 5,
	"dim" : 11,
	"label" : "SU(2)xSU(2)xSU(2)xU(1)xU(1)",
	"simple" : false,
	"semisimple" : false,
	"ngroups" : 5,
	"nabelians" : 2,
	"Casimir" : [
		2,
		2,
		2,
		0,
		0
	],
	"repsMaxDim" : 50,
	"hasReps" : false,
	"hasSubgroups" : false,
	"Reps" : [],
	"Subgroups" : [],
	"id" : "A1(AA)xA1(AB)xA1(B)xU1(AC)xU1(C)[D5]",
	"SuperGroups" : [
		{
			"D5" : [
				{
					"A1(A)" : [
						{
							"A1(AA)" : []
						},
						{
							"A1(AB)" : []
						},
						{
							"U1(AC)" : []
						}
					]
				},
				{
					"A3(B)" : [
						{
							"A1(B)" : []
						}
					]
				},
				{
					"U1(C)" : [
						{
							"U1(C)" : []
						}
					]
				}
			]
		}
	],
	"Projection" : [
		[
			0,
			0,
			0,
			0,
			1
		],
		[
			0,
			0,
			0,
			1,
			0
		],
		[
			-1,
			0,
			0,
			0,
			0
		],
		[
			0,
			0,
			1,
			0.5,
			0.5
		],
		[
			-1,
			-2,
			-2,
			-1,
			-1
		]
	],
	"labels" : [
		"AA",
		"AB",
		"B",
		"AC",
		"C"
	],
	"maximal" : false,
	"regular" : false,
	"special" : false
}
