{
	"rank" : 2,
	"dim" : 6,
	"label" : "SU(2)xSU(2)",
	"simple" : false,
	"semisimple" : true,
	"ngroups" : 2,
	"nabelians" : 0,
	"Casimir" : [
		2,
		2
	],
	"repsMaxDim" : 50,
	"hasReps" : false,
	"hasSubgroups" : false,
	"Reps" : [],
	"Subgroups" : [],
	"id" : "A1(AAA)xA1(B)[D5]",
	"SuperGroups" : [
		{
			"D5" : [
				{
					"A1(A)" : [
						{
							"A2(A)" : [
								{
									"A1(AAA)" : []
								},
								{
									"A1(AAB)" : []
								}
							]
						}
					]
				}
			]
		}
	],
	"Projection" : [
		[
			0,
			0,
			0,
			1,
			0
		],
		[
			-1,
			0,
			0,
			0,
			0
		]
	],
	"labels" : [
		"AAA",
		"B"
	],
	"maximal" : false,
	"regular" : true,
	"special" : false
}
