{
	"rank" : 3,
	"dim" : 7,
	"label" : "SU(2)xSU(2)xU(1)",
	"simple" : false,
	"semisimple" : false,
	"ngroups" : 3,
	"nabelians" : 1,
	"Casimir" : [
		2,
		2,
		0
	],
	"repsMaxDim" : 50,
	"hasReps" : false,
	"hasSubgroups" : false,
	"Reps" : [],
	"Subgroups" : [],
	"id" : "A1(AAA)xA1(B)xU1(C)[D5]",
	"SuperGroups" : [
		{
			"D5" : [
				{
					"A1(A)" : [
						{
							"A2(A)" : [
								{
									"A1(AAA)" : []
								},
								{
									"A1(AAB)" : []
								}
							]
						}
					]
				},
				{
					"U1(C)" : [
						{
							"U1(C)" : [
								{
									"U1(C)" : []
								}
							]
						}
					]
				}
			]
		}
	],
	"Projection" : [
		[
			0,
			0,
			0,
			1,
			0
		],
		[
			-1,
			0,
			0,
			0,
			0
		],
		[
			-1,
			-2,
			-2,
			-1,
			-1
		]
	],
	"labels" : [
		"AAA",
		"B",
		"C"
	],
	"maximal" : false,
	"regular" : true,
	"special" : false
}
