{
	"rank" : 4,
	"dim" : 10,
	"label" : "SU(2)xSU(2)xSU(2)xU(1)",
	"simple" : false,
	"semisimple" : false,
	"ngroups" : 4,
	"nabelians" : 1,
	"Casimir" : [
		2,
		2,
		2,
		0
	],
	"repsMaxDim" : 50,
	"hasReps" : false,
	"hasSubgroups" : false,
	"Reps" : [],
	"Subgroups" : [],
	"id" : "A1(AA)xA1(AB)xA1(C)xU1(B)[D5]",
	"SuperGroups" : [
		{
			"D5" : [
				{
					"A3(A)" : [
						{
							"A1(AA)" : []
						},
						{
							"A1(AB)" : []
						},
						{
							"A1(AC)" : []
						}
					]
				},
				{
					"A1(C)" : [
						{
							"U1(C)" : []
						}
					]
				}
			]
		}
	],
	"Projection" : [
		[
			0,
			0,
			0,
			0,
			-1
		],
		[
			0,
			0,
			0,
			-1,
			0
		],
		[
			-1,
			-2,
			-2,
			-1,
			-1
		],
		[
			0.5,
			0,
			0,
			0,
			0
		]
	],
	"labels" : [
		"AA",
		"AB",
		"C",
		"B"
	],
	"maximal" : false,
	"regular" : true,
	"special" : false
}
