{
	"rank" : 3,
	"dim" : 5,
	"label" : "SU(2)xU(1)xU(1)",
	"simple" : false,
	"semisimple" : false,
	"ngroups" : 3,
	"nabelians" : 2,
	"Casimir" : [
		2,
		0,
		0
	],
	"repsMaxDim" : 50,
	"hasReps" : false,
	"hasSubgroups" : false,
	"Reps" : [],
	"Subgroups" : [],
	"id" : "A1(AB)xU1(AAA)xU1(AC)[D5]",
	"SuperGroups" : [
		{
			"D5" : [
				{
					"A4(A)" : [
						{
							"A2(AA)" : [
								{
									"A1(AAA)" : [
										{
											"A1(AA)" : []
										}
									]
								},
								{
									"U1(AAB)" : [
										{
											"U1(AB)" : []
										}
									]
								}
							]
						},
						{
							"U1(AB)" : [
								{
									"U1(AC)" : [
										{
											"U1(C)" : []
										}
									]
								}
							]
						}
					]
				}
			]
		}
	],
	"Projection" : [
		[
			-1,
			0,
			0,
			0,
			0
		],
		[
			0,
			0,
			0,
			0,
			0.5
		],
		[
			-0.6,
			-1.2,
			-0.8,
			0,
			-0.4
		]
	],
	"labels" : [
		"AB",
		"AAA",
		"AC"
	],
	"maximal" : false,
	"regular" : true,
	"special" : false
}
