{
	"rank" : 3,
	"dim" : 5,
	"label" : "SU(2)xU(1)xU(1)",
	"simple" : false,
	"semisimple" : false,
	"ngroups" : 3,
	"nabelians" : 2,
	"Casimir" : [
		2,
		0,
		0
	],
	"repsMaxDim" : 50,
	"hasReps" : false,
	"hasSubgroups" : false,
	"Reps" : [],
	"Subgroups" : [],
	"id" : "A1(AA)xU1(B)xU1(D)[D5]",
	"SuperGroups" : [
		{
			"D5" : [
				{
					"A2(A)" : [
						{
							"A2(A)" : [
								{
									"A1(A)" : []
								}
							]
						}
					]
				},
				{
					"A1(C)" : [
						{
							"U1(C)" : [
								{
									"U1(C)" : []
								}
							]
						}
					]
				},
				{
					"U1(D)" : [
						{
							"U1(D)" : [
								{
									"U1(D)" : []
								}
							]
						}
					]
				}
			]
		}
	],
	"Projection" : [
		[
			0,
			-1,
			0,
			0,
			0
		],
		[
			0,
			0,
			0,
			0.5,
			0
		],
		[
			1,
			2,
			3,
			1.5,
			1.5
		]
	],
	"labels" : [
		"AA",
		"B",
		"D"
	],
	"maximal" : false,
	"regular" : true,
	"special" : false
}
