{
	"rank" : 4,
	"dim" : 8,
	"label" : "SU(2)xSU(2)xU(1)xU(1)",
	"simple" : false,
	"semisimple" : false,
	"ngroups" : 4,
	"nabelians" : 2,
	"Casimir" : [
		2,
		2,
		0,
		0
	],
	"repsMaxDim" : 50,
	"hasReps" : false,
	"hasSubgroups" : false,
	"Reps" : [],
	"Subgroups" : [],
	"id" : "A1(B)xA1(C)xU1(AB)xU1(AC)[D5]",
	"SuperGroups" : [
		{
			"D5" : [
				{
					"A1(A)" : [
						{
							"A1(AA)" : [
								{
									"U1(AA)" : [
										{
											"A1(A)" : []
										}
									]
								}
							]
						},
						{
							"A1(AB)" : [
								{
									"A1(AB)" : [
										{
											"A1(B)" : []
										}
									]
								}
							]
						},
						{
							"U1(AC)" : [
								{
									"A1(AC)" : [
										{
											"U1(C)" : []
										}
									]
								}
							]
						}
					]
				},
				{
					"A3(C)" : [
						{
							"A1(C)" : [
								{
									"U1(C)" : [
										{
											"U1(E)" : []
										}
									]
								}
							]
						}
					]
				}
			]
		}
	],
	"Projection" : [
		[
			1,
			0,
			0,
			0,
			0
		],
		[
			-1,
			-2,
			-2,
			-1,
			-1
		],
		[
			0,
			0,
			0,
			-0.5,
			0
		],
		[
			0,
			0,
			-1,
			-0.5,
			-0.5
		]
	],
	"labels" : [
		"B",
		"C",
		"AB",
		"AC"
	],
	"maximal" : false,
	"regular" : true,
	"special" : false
}
