{
	"rank" : 1,
	"type" : "A",
	"dim" : 3,
	"order" : 2,
	"label" : "SU(2)",
	"abelian" : false,
	"Cartan" : [
		[
			2
		]
	],
	"G" : [
		[
			0.5
		]
	],
	"Casimir" : 2,
	"repsMaxDim" : 50,
	"hasReps" : false,
	"hasSubgroups" : false,
	"Reps" : [],
	"Subgroups" : [],
	"id" : "A1(C)[D5]",
	"SuperGroups" : [
		{
			"D5" : [
				{
					"A2(A)" : [
						{
							"A1(A)" : []
						}
					]
				}
			]
		}
	],
	"Projection" : [
		[
			0,
			0,
			0,
			0,
			1
		]
	],
	"labels" : [
		"C"
	],
	"maximal" : false,
	"regular" : true,
	"special" : false
}
