{
	"rank" : 4,
	"dim" : 14,
	"label" : "SU(3)xSU(2)xSU(2)",
	"simple" : false,
	"semisimple" : true,
	"ngroups" : 3,
	"nabelians" : 0,
	"Casimir" : [
		3,
		2,
		2
	],
	"repsMaxDim" : 50,
	"hasReps" : false,
	"hasSubgroups" : false,
	"Reps" : [],
	"Subgroups" : [],
	"id" : "A2(AA)xA1(B)xA1(C)[D5]",
	"SuperGroups" : [
		{
			"D5" : [
				{
					"A1(A)" : [
						{
							"A2(AA)" : []
						},
						{
							"A1(AB)" : []
						}
					]
				},
				{
					"A1(B)" : [
						{
							"A1(B)" : []
						}
					]
				}
			]
		}
	],
	"Projection" : [
		[
			0,
			0,
			1,
			0,
			0
		],
		[
			0,
			0,
			0,
			1,
			0
		],
		[
			1,
			0,
			0,
			0,
			0
		],
		[
			-1,
			-2,
			-2,
			-1,
			-1
		]
	],
	"labels" : [
		"AA",
		"B",
		"C"
	],
	"maximal" : false,
	"regular" : true,
	"special" : false
}
