{
	"rank" : 3,
	"dim" : 9,
	"label" : "SU(3)xU(1)",
	"simple" : false,
	"semisimple" : false,
	"ngroups" : 2,
	"nabelians" : 1,
	"Casimir" : [
		3,
		0
	],
	"repsMaxDim" : 50,
	"hasReps" : false,
	"hasSubgroups" : false,
	"Reps" : [],
	"Subgroups" : [],
	"id" : "A2(A)xU1(C)[D5]",
	"SuperGroups" : [
		{
			"D5" : [
				{
					"A2(A)" : [
						{
							"A2(A)" : [
								{
									"A2(A)" : []
								}
							]
						}
					]
				},
				{
					"A1(B)" : [
						{
							"U1(B)" : [
								{
									"U1(B)" : []
								}
							]
						}
					]
				}
			]
		}
	],
	"Projection" : [
		[
			1,
			0,
			0,
			0,
			0
		],
		[
			0,
			1,
			0,
			0,
			0
		],
		[
			0,
			0,
			0,
			0,
			0.5
		]
	],
	"labels" : [
		"A",
		"C"
	],
	"maximal" : false,
	"regular" : true,
	"special" : false
}
