{
	"rank" : 4,
	"dim" : 10,
	"label" : "SU(3)xU(1)xU(1)",
	"simple" : false,
	"semisimple" : false,
	"ngroups" : 3,
	"nabelians" : 2,
	"Casimir" : [
		3,
		0,
		0
	],
	"repsMaxDim" : 50,
	"hasReps" : false,
	"hasSubgroups" : false,
	"Reps" : [],
	"Subgroups" : [],
	"id" : "A2(AAA)xU1(AAB)xU1(AB)[D5]",
	"SuperGroups" : [
		{
			"D5" : [
				{
					"A4(A)" : [
						{
							"A3(AA)" : [
								{
									"A2(AAA)" : []
								},
								{
									"U1(AAB)" : []
								}
							]
						},
						{
							"U1(AB)" : [
								{
									"U1(AB)" : []
								}
							]
						}
					]
				}
			]
		}
	],
	"Projection" : [
		[
			0,
			0,
			1,
			0,
			0
		],
		[
			0,
			0,
			0,
			0,
			1
		],
		[
			0,
			0.75,
			0.5,
			0,
			0.25
		],
		[
			0.8,
			0.6,
			0.4,
			0,
			0.2
		]
	],
	"labels" : [
		"AAA",
		"AAB",
		"AB"
	],
	"maximal" : false,
	"regular" : true,
	"special" : false
}
