{
	"rank" : 5,
	"dim" : 13,
	"label" : "SU(3)xSU(2)xU(1)xU(1)",
	"simple" : false,
	"semisimple" : false,
	"ngroups" : 4,
	"nabelians" : 2,
	"Casimir" : [
		3,
		2,
		0,
		0
	],
	"repsMaxDim" : 50,
	"hasReps" : false,
	"hasSubgroups" : false,
	"Reps" : [],
	"Subgroups" : [],
	"id" : "A2(A)xA1(B)xU1(C)xU1(D)[D5]",
	"SuperGroups" : [
		{
			"D5" : [
				{
					"A2(A)" : [
						{
							"A2(A)" : []
						}
					]
				},
				{
					"A1(B)" : [
						{
							"A1(B)" : []
						}
					]
				},
				{
					"A1(C)" : [
						{
							"U1(C)" : []
						}
					]
				},
				{
					"U1(D)" : [
						{
							"U1(D)" : []
						}
					]
				}
			]
		}
	],
	"Projection" : [
		[
			1,
			0,
			0,
			0,
			0
		],
		[
			0,
			1,
			0,
			0,
			0
		],
		[
			0,
			0,
			0,
			1,
			0
		],
		[
			0,
			0,
			0,
			0,
			0.5
		],
		[
			1,
			2,
			3,
			1.5,
			1.5
		]
	],
	"labels" : [
		"A",
		"B",
		"C",
		"D"
	],
	"maximal" : false,
	"regular" : false,
	"special" : false
}
