{
	"rank" : 4,
	"dim" : 12,
	"label" : "SU(3)xSU(2)xU(1)",
	"simple" : false,
	"semisimple" : false,
	"ngroups" : 3,
	"nabelians" : 1,
	"Casimir" : [
		3,
		2,
		0
	],
	"repsMaxDim" : 50,
	"hasReps" : false,
	"hasSubgroups" : false,
	"Reps" : [],
	"Subgroups" : [],
	"id" : "A2(AA)xA1(C)xU1(B)[D5]",
	"SuperGroups" : [
		{
			"D5" : [
				{
					"A1(A)" : [
						{
							"A3(A)" : [
								{
									"A2(AA)" : []
								},
								{
									"A1(AB)" : []
								}
							]
						}
					]
				},
				{
					"A3(C)" : [
						{
							"A1(C)" : [
								{
									"U1(C)" : []
								}
							]
						}
					]
				}
			]
		}
	],
	"Projection" : [
		[
			0,
			0,
			1,
			0,
			0
		],
		[
			0,
			0,
			0,
			1,
			0
		],
		[
			-1,
			-2,
			-2,
			-1,
			-1
		],
		[
			0.5,
			0,
			0,
			0,
			0
		]
	],
	"labels" : [
		"AA",
		"C",
		"B"
	],
	"maximal" : false,
	"regular" : true,
	"special" : false
}
