{
	"rank" : 5,
	"dim" : 13,
	"label" : "SU(3)xSU(2)xU(1)xU(1)",
	"simple" : false,
	"semisimple" : false,
	"ngroups" : 4,
	"nabelians" : 2,
	"Casimir" : [
		3,
		2,
		0,
		0
	],
	"repsMaxDim" : 50,
	"hasReps" : false,
	"hasSubgroups" : false,
	"Reps" : [],
	"Subgroups" : [],
	"id" : "A2(AA)xA1(C)xU1(AB)xU1(B)[D5]",
	"SuperGroups" : [
		{
			"D5" : [
				{
					"A1(A)" : [
						{
							"A2(AA)" : []
						},
						{
							"U1(AB)" : []
						}
					]
				},
				{
					"A1(B)" : [
						{
							"U1(B)" : []
						}
					]
				},
				{
					"A3(C)" : [
						{
							"A1(C)" : []
						}
					]
				}
			]
		}
	],
	"Projection" : [
		[
			0,
			0,
			1,
			0,
			0
		],
		[
			0,
			0,
			0,
			1,
			0
		],
		[
			-1,
			-2,
			-2,
			-1,
			-1
		],
		[
			0,
			0,
			0.5,
			0.25,
			0.75
		],
		[
			0.5,
			0,
			0,
			0,
			0
		]
	],
	"labels" : [
		"AA",
		"C",
		"AB",
		"B"
	],
	"maximal" : false,
	"regular" : false,
	"special" : false
}
