{
	"rank" : 5,
	"dim" : 13,
	"label" : "SU(3)xSU(2)xU(1)xU(1)",
	"simple" : false,
	"semisimple" : false,
	"ngroups" : 4,
	"nabelians" : 2,
	"Casimir" : [
		3,
		2,
		0,
		0
	],
	"repsMaxDim" : 50,
	"hasReps" : false,
	"hasSubgroups" : false,
	"Reps" : [],
	"Subgroups" : [],
	"id" : "A2(AA)xA1(AB)xU1(AC)xU1(B)[D5]",
	"SuperGroups" : [
		{
			"D5" : [
				{
					"A4(A)" : [
						{
							"A2(AA)" : []
						},
						{
							"A1(AB)" : []
						},
						{
							"U1(AC)" : []
						}
					]
				},
				{
					"U1(B)" : [
						{
							"U1(B)" : []
						}
					]
				}
			]
		}
	],
	"Projection" : [
		[
			0,
			0,
			-1,
			0,
			0
		],
		[
			0,
			0,
			0,
			0,
			-1
		],
		[
			-1,
			0,
			0,
			0,
			0
		],
		[
			-0.6,
			-1.2,
			-0.8,
			0,
			-0.4
		],
		[
			-0.5,
			-1,
			-1.5,
			-1.25,
			-0.75
		]
	],
	"labels" : [
		"AA",
		"AB",
		"AC",
		"B"
	],
	"maximal" : false,
	"regular" : false,
	"special" : false
}
