{
	"rank" : 5,
	"dim" : 15,
	"label" : "SU(3)xSU(2)xSU(2)xU(1)",
	"simple" : false,
	"semisimple" : false,
	"ngroups" : 4,
	"nabelians" : 1,
	"Casimir" : [
		3,
		2,
		2,
		0
	],
	"repsMaxDim" : 50,
	"hasReps" : false,
	"hasSubgroups" : false,
	"Reps" : [],
	"Subgroups" : [],
	"id" : "A2(A)xA1(B)xA1(C)xU1(D)[D5]",
	"SuperGroups" : [
		{
			"D5" : [
				{
					"A2(A)" : []
				},
				{
					"A1(B)" : []
				},
				{
					"A1(C)" : []
				},
				{
					"U1(D)" : []
				}
			]
		}
	],
	"Projection" : [
		[
			1,
			0,
			0,
			0,
			0
		],
		[
			0,
			1,
			0,
			0,
			0
		],
		[
			0,
			0,
			0,
			1,
			0
		],
		[
			0,
			0,
			0,
			0,
			1
		],
		[
			1,
			2,
			3,
			1.5,
			1.5
		]
	],
	"labels" : [
		"A",
		"B",
		"C",
		"D"
	],
	"maximal" : true,
	"regular" : true,
	"special" : false
}
