{
	"rank" : 3,
	"dim" : 9,
	"label" : "SU(3)xU(1)",
	"simple" : false,
	"semisimple" : false,
	"ngroups" : 2,
	"nabelians" : 1,
	"Casimir" : [
		3,
		0
	],
	"repsMaxDim" : 50,
	"hasReps" : false,
	"hasSubgroups" : false,
	"Reps" : [],
	"Subgroups" : [],
	"id" : "A2(AA)xU1(AB)[D5]",
	"SuperGroups" : [
		{
			"D5" : [
				{
					"A4(A)" : [
						{
							"A2(AA)" : [
								{
									"A2(AA)" : []
								}
							]
						},
						{
							"A1(AB)" : [
								{
									"U1(AB)" : []
								}
							]
						}
					]
				}
			]
		}
	],
	"Projection" : [
		[
			0,
			0,
			-1,
			0,
			0
		],
		[
			0,
			0,
			0,
			0,
			-1
		],
		[
			-0.5,
			0,
			0,
			0,
			0
		]
	],
	"labels" : [
		"AA",
		"AB"
	],
	"maximal" : false,
	"regular" : true,
	"special" : false
}
