{
	"rank" : 4,
	"dim" : 16,
	"label" : "SU(4)xU(1)",
	"simple" : false,
	"semisimple" : false,
	"ngroups" : 2,
	"nabelians" : 1,
	"Casimir" : [
		4,
		0
	],
	"repsMaxDim" : 50,
	"hasReps" : false,
	"hasSubgroups" : false,
	"Reps" : [],
	"Subgroups" : [],
	"id" : "A3(AA)xU1(B)[D5]",
	"SuperGroups" : [
		{
			"D5" : [
				{
					"A4(A)" : [
						{
							"A3(A)" : []
						}
					]
				},
				{
					"U1(B)" : [
						{
							"U1(B)" : []
						}
					]
				}
			]
		}
	],
	"Projection" : [
		[
			0,
			1,
			0,
			0,
			0
		],
		[
			0,
			0,
			1,
			0,
			0
		],
		[
			0,
			0,
			0,
			0,
			1
		],
		[
			-0.5,
			-1,
			-1.5,
			-1.25,
			-0.75
		]
	],
	"labels" : [
		"AA",
		"B"
	],
	"maximal" : false,
	"regular" : true,
	"special" : false
}
