{
	"rank" : 5,
	"dim" : 19,
	"label" : "SU(4)xSU(2)xU(1)",
	"simple" : false,
	"semisimple" : false,
	"ngroups" : 3,
	"nabelians" : 1,
	"Casimir" : [
		4,
		2,
		0
	],
	"repsMaxDim" : 50,
	"hasReps" : false,
	"hasSubgroups" : false,
	"Reps" : [],
	"Subgroups" : [],
	"id" : "A3(A)xA1(B)xU1(C)[D5]",
	"SuperGroups" : [
		{
			"D5" : [
				{
					"A1(A)" : []
				},
				{
					"A3(B)" : []
				},
				{
					"U1(C)" : []
				}
			]
		}
	],
	"Projection" : [
		[
			0,
			0,
			0,
			0,
			-1
		],
		[
			0,
			0,
			-1,
			0,
			0
		],
		[
			0,
			0,
			0,
			-1,
			0
		],
		[
			-1,
			0,
			0,
			0,
			0
		],
		[
			-1,
			-2,
			-2,
			-1,
			-1
		]
	],
	"labels" : [
		"A",
		"B",
		"C"
	],
	"maximal" : true,
	"regular" : true,
	"special" : false
}
