{
	"rank" : 4,
	"type" : "D",
	"dim" : 28,
	"order" : 8,
	"label" : "SO(8)",
	"abelian" : false,
	"Cartan" : [
		[
			2,
			-1,
			0,
			0
		],
		[
			-1,
			2,
			-1,
			-1
		],
		[
			0,
			-1,
			2,
			0
		],
		[
			0,
			-1,
			0,
			2
		]
	],
	"G" : [
		[
			1,
			1,
			0.5,
			0.5
		],
		[
			1,
			2,
			1,
			1
		],
		[
			0.5,
			1,
			1,
			0.5
		],
		[
			0.5,
			1,
			0.5,
			1
		]
	],
	"Casimir" : 6,
	"repsMaxDim" : 50,
	"hasReps" : false,
	"hasSubgroups" : false,
	"Reps" : [],
	"Subgroups" : [],
	"id" : "D4(A)[D5]",
	"SuperGroups" : [
		{
			"D5" : [
				{
					"D4(A)" : []
				}
			]
		}
	],
	"Projection" : [
		[
			0,
			1,
			0,
			0,
			0
		],
		[
			0,
			0,
			1,
			0,
			0
		],
		[
			0,
			0,
			0,
			1,
			0
		],
		[
			0,
			0,
			0,
			0,
			1
		]
	],
	"labels" : [
		"A"
	],
	"maximal" : true,
	"regular" : true,
	"special" : false
}
