{
	"rank" : 5,
	"type" : "D",
	"dim" : 45,
	"order" : 10,
	"label" : "SO(10)",
	"abelian" : false,
	"Cartan" : [
		[
			2,
			-1,
			0,
			0,
			0
		],
		[
			-1,
			2,
			-1,
			0,
			0
		],
		[
			0,
			-1,
			2,
			-1,
			-1
		],
		[
			0,
			0,
			-1,
			2,
			0
		],
		[
			0,
			0,
			-1,
			0,
			2
		]
	],
	"G" : [
		[
			1,
			1,
			1,
			0.5,
			0.5
		],
		[
			1,
			2,
			2,
			1,
			1
		],
		[
			1,
			2,
			3,
			1.5,
			1.5
		],
		[
			0.5,
			1,
			1.5,
			1.25,
			0.75
		],
		[
			0.5,
			1,
			1.5,
			0.75,
			1.25
		]
	],
	"Casimir" : 8,
	"repsMaxDim" : 50,
	"hasReps" : false,
	"hasSubgroups" : false,
	"Reps" : [],
	"Subgroups" : [],
	"id" : "D5(A)[D5]",
	"SuperGroups" : [
		{
			"D5(A)" : [
				{
					"D5(A)" : []
				}
			]
		}
	],
	"Projection" : [
		[
			1,
			0,
			0,
			0,
			0
		],
		[
			0,
			1,
			0,
			0,
			0
		],
		[
			0,
			0,
			1,
			0,
			0
		],
		[
			0,
			0,
			0,
			1,
			0
		],
		[
			0,
			0,
			0,
			0,
			1
		]
	],
	"labels" : [
		"A"
	],
	"maximal" : true,
	"regular" : true,
	"special" : false
}
