{
	"rank" : 3,
	"dim" : 3,
	"label" : "U(1)xU(1)xU(1)",
	"simple" : false,
	"semisimple" : false,
	"ngroups" : 3,
	"nabelians" : 3,
	"Casimir" : [
		0,
		0,
		0
	],
	"repsMaxDim" : 50,
	"hasReps" : false,
	"hasSubgroups" : false,
	"Reps" : [],
	"Subgroups" : [],
	"id" : "U1(AA)xU1(AB)xU1(D)[D5]",
	"SuperGroups" : [
		{
			"D5" : [
				{
					"A2(A)" : [
						{
							"A1(AA)" : [
								{
									"U1(AA)" : []
								}
							]
						},
						{
							"U1(AB)" : [
								{
									"U1(AB)" : []
								}
							]
						}
					]
				},
				{
					"U1(D)" : [
						{
							"U1(D)" : [
								{
									"U1(D)" : []
								}
							]
						}
					]
				}
			]
		}
	],
	"Projection" : [
		[
			0,
			-0.5,
			0,
			0,
			0
		],
		[
			-0.666667,
			-0.333333,
			0,
			0,
			0
		],
		[
			1,
			2,
			3,
			1.5,
			1.5
		]
	],
	"labels" : [
		"AA",
		"AB",
		"D"
	],
	"maximal" : false,
	"regular" : true,
	"special" : false
}
