{
	"rank" : 2,
	"dim" : 2,
	"label" : "U(1)xU(1)",
	"simple" : false,
	"semisimple" : false,
	"ngroups" : 2,
	"nabelians" : 2,
	"Casimir" : [
		0,
		0
	],
	"repsMaxDim" : 50,
	"hasReps" : false,
	"hasSubgroups" : false,
	"Reps" : [],
	"Subgroups" : [],
	"id" : "U1(AC)xU1(C)[D5]",
	"SuperGroups" : [
		{
			"D5" : [
				{
					"A3(A)" : [
						{
							"U1(A)" : []
						}
					]
				},
				{
					"U1(C)" : [
						{
							"U1(C)" : []
						}
					]
				}
			]
		}
	],
	"Projection" : [
		[
			0,
			0,
			1,
			0.5,
			0.5
		],
		[
			-1,
			-2,
			-2,
			-1,
			-1
		]
	],
	"labels" : [
		"AC",
		"C"
	],
	"maximal" : false,
	"regular" : true,
	"special" : false
}
