{
	"rank" : 2,
	"dim" : 2,
	"label" : "U(1)xU(1)",
	"simple" : false,
	"semisimple" : false,
	"ngroups" : 2,
	"nabelians" : 2,
	"Casimir" : [
		0,
		0
	],
	"repsMaxDim" : 50,
	"hasReps" : false,
	"hasSubgroups" : false,
	"Reps" : [],
	"Subgroups" : [],
	"id" : "U1(AAAA)xU1(AAB)[D5]",
	"SuperGroups" : [
		{
			"D5" : [
				{
					"A4(A)" : [
						{
							"A3(A)" : [
								{
									"A2(AAA)" : [
										{
											"A1(AA)" : [
												{
													"U1(AA)" : []
												}
											]
										}
									]
								},
								{
									"U1(AAB)" : [
										{
											"U1(AB)" : [
												{
													"U1(B)" : []
												}
											]
										}
									]
								}
							]
						}
					]
				}
			]
		}
	],
	"Projection" : [
		[
			0,
			0,
			0,
			0,
			-0.5
		],
		[
			0,
			0.75,
			0.5,
			0,
			0.25
		]
	],
	"labels" : [
		"AAAA",
		"AAB"
	],
	"maximal" : false,
	"regular" : true,
	"special" : false
}
