{
	"rank" : 3,
	"dim" : 3,
	"label" : "U(1)xU(1)xU(1)",
	"simple" : false,
	"semisimple" : false,
	"ngroups" : 3,
	"nabelians" : 3,
	"Casimir" : [
		0,
		0,
		0
	],
	"repsMaxDim" : 50,
	"hasReps" : false,
	"hasSubgroups" : false,
	"Reps" : [],
	"Subgroups" : [],
	"id" : "U1(AB)xU1(AC)xU1(AD)[D5]",
	"SuperGroups" : [
		{
			"D5" : [
				{
					"D4(A)" : [
						{
							"A1(AA)" : [
								{
									"U1(AA)" : [
										{
											"U1(A)" : [
												{
													"U1(A)" : [
														{
															"U1(A)" : []
														}
													]
												}
											]
										}
									]
								}
							]
						},
						{
							"A1(AB)" : [
								{
									"A1(AB)" : [
										{
											"A1(B)" : [
												{
													"A1(B)" : [
														{
															"U1(B)" : []
														}
													]
												}
											]
										}
									]
								}
							]
						},
						{
							"A1(AC)" : [
								{
									"A1(AC)" : [
										{
											"A1(C)" : [
												{
													"U1(C)" : [
														{
															"U1(C)" : []
														}
													]
												}
											]
										}
									]
								}
							]
						}
					]
				}
			]
		}
	],
	"Projection" : [
		[
			0,
			0.5,
			0,
			0,
			0
		],
		[
			0,
			0,
			0,
			0.5,
			0
		],
		[
			0,
			0,
			0,
			0,
			0.5
		]
	],
	"labels" : [
		"AB",
		"AC",
		"AD"
	],
	"maximal" : false,
	"regular" : true,
	"special" : false
}
