{
	"rank" : 3,
	"dim" : 3,
	"label" : "U(1)xU(1)xU(1)",
	"simple" : false,
	"semisimple" : false,
	"ngroups" : 3,
	"nabelians" : 3,
	"Casimir" : [
		0,
		0,
		0
	],
	"repsMaxDim" : 50,
	"hasReps" : false,
	"hasSubgroups" : false,
	"Reps" : [],
	"Subgroups" : [],
	"id" : "U1(AAB)xU1(AB)xU1(B)[D5]",
	"SuperGroups" : [
		{
			"D5" : [
				{
					"A4(A)" : [
						{
							"A3(AA)" : [
								{
									"U1(AA)" : []
								}
							]
						},
						{
							"U1(AB)" : [
								{
									"U1(AB)" : []
								}
							]
						}
					]
				},
				{
					"U1(B)" : [
						{
							"U1(B)" : [
								{
									"U1(B)" : []
								}
							]
						}
					]
				}
			]
		}
	],
	"Projection" : [
		[
			0,
			0.75,
			0.5,
			0,
			0.25
		],
		[
			0.8,
			0.6,
			0.4,
			0,
			0.2
		],
		[
			-0.5,
			-1,
			-1.5,
			-1.25,
			-0.75
		]
	],
	"labels" : [
		"AAB",
		"AB",
		"B"
	],
	"maximal" : false,
	"regular" : true,
	"special" : false
}
