{
	"rank" : 1,
	"type" : "U",
	"dim" : 1,
	"order" : 1,
	"label" : "U(1)",
	"abelian" : true,
	"Cartan" : [
		[
			1
		]
	],
	"G" : [
		[
			1
		]
	],
	"Casimir" : 0,
	"repsMaxDim" : 50,
	"hasReps" : false,
	"hasSubgroups" : false,
	"Reps" : [],
	"Subgroups" : [],
	"id" : "U1(AD)[D5]",
	"SuperGroups" : [
		{
			"D5" : [
				{
					"D4(A)" : [
						{
							"A1(A)" : [
								{
									"U1(AA)" : [
										{
											"U1(A)" : [
												{
													"U1(A)" : [
														{
															"U1(A)" : []
														}
													]
												}
											]
										}
									]
								}
							]
						}
					]
				}
			]
		}
	],
	"Projection" : [
		[
			0,
			0,
			0,
			0,
			0.5
		]
	],
	"labels" : [
		"AD"
	],
	"maximal" : false,
	"regular" : true,
	"special" : false
}
