{
	"rank" : 2,
	"dim" : 2,
	"label" : "U(1)xU(1)",
	"simple" : false,
	"semisimple" : false,
	"ngroups" : 2,
	"nabelians" : 2,
	"Casimir" : [
		0,
		0
	],
	"repsMaxDim" : 50,
	"hasReps" : false,
	"hasSubgroups" : false,
	"Reps" : [],
	"Subgroups" : [],
	"id" : "U1(AB)xU1(D)[D5]",
	"SuperGroups" : [
		{
			"D5" : [
				{
					"A2(A)" : [
						{
							"U1(A)" : []
						}
					]
				},
				{
					"U1(D)" : [
						{
							"U1(D)" : []
						}
					]
				}
			]
		}
	],
	"Projection" : [
		[
			-0.666667,
			-0.333333,
			0,
			0,
			0
		],
		[
			1,
			2,
			3,
			1.5,
			1.5
		]
	],
	"labels" : [
		"AB",
		"D"
	],
	"maximal" : false,
	"regular" : true,
	"special" : false
}
