{
	"rank" : 2,
	"dim" : 2,
	"label" : "U(1)xU(1)",
	"simple" : false,
	"semisimple" : false,
	"ngroups" : 2,
	"nabelians" : 2,
	"Casimir" : [
		0,
		0
	],
	"repsMaxDim" : 50,
	"hasReps" : false,
	"hasSubgroups" : false,
	"Reps" : [],
	"Subgroups" : [],
	"id" : "U1(AAB)xU1(AC)[D5]",
	"SuperGroups" : [
		{
			"D5" : [
				{
					"A4(A)" : [
						{
							"A2(AA)" : [
								{
									"U1(A)" : []
								}
							]
						},
						{
							"U1(AB)" : [
								{
									"U1(C)" : []
								}
							]
						}
					]
				}
			]
		}
	],
	"Projection" : [
		[
			0,
			0,
			0.666667,
			0,
			0.333333
		],
		[
			-0.6,
			-1.2,
			-0.8,
			0,
			-0.4
		]
	],
	"labels" : [
		"AAB",
		"AC"
	],
	"maximal" : false,
	"regular" : true,
	"special" : false
}
