{
	"rank" : 4,
	"dim" : 4,
	"label" : "U(1)xU(1)xU(1)xU(1)",
	"simple" : false,
	"semisimple" : false,
	"ngroups" : 4,
	"nabelians" : 4,
	"Casimir" : [
		0,
		0,
		0,
		0
	],
	"repsMaxDim" : 50,
	"hasReps" : false,
	"hasSubgroups" : false,
	"Reps" : [],
	"Subgroups" : [],
	"id" : "U1(AAA)xU1(AAB)xU1(B)xU1(C)[D5]",
	"SuperGroups" : [
		{
			"D5" : [
				{
					"A1(A)" : [
						{
							"A3(A)" : [
								{
									"A2(A)" : [
										{
											"A1(AAA)" : [
												{
													"U1(AA)" : []
												}
											]
										},
										{
											"U1(AAB)" : [
												{
													"U1(AB)" : []
												}
											]
										}
									]
								}
							]
						}
					]
				},
				{
					"A3(B)" : [
						{
							"U1(B)" : [
								{
									"U1(B)" : [
										{
											"U1(B)" : [
												{
													"U1(C)" : []
												}
											]
										}
									]
								}
							]
						}
					]
				},
				{
					"U1(C)" : [
						{
							"U1(C)" : [
								{
									"U1(C)" : [
										{
											"U1(C)" : [
												{
													"U1(D)" : []
												}
											]
										}
									]
								}
							]
						}
					]
				}
			]
		}
	],
	"Projection" : [
		[
			0,
			0,
			0,
			0.5,
			0
		],
		[
			0,
			0,
			0.666667,
			0.333333,
			0
		],
		[
			-0.5,
			0,
			0,
			0,
			0
		],
		[
			-1,
			-2,
			-2,
			-1,
			-1
		]
	],
	"labels" : [
		"AAA",
		"AAB",
		"B",
		"C"
	],
	"maximal" : false,
	"regular" : true,
	"special" : false
}
