{
	"rank" : 3,
	"dim" : 3,
	"label" : "U(1)xU(1)xU(1)",
	"simple" : false,
	"semisimple" : false,
	"ngroups" : 3,
	"nabelians" : 3,
	"Casimir" : [
		0,
		0,
		0
	],
	"repsMaxDim" : 50,
	"hasReps" : false,
	"hasSubgroups" : false,
	"Reps" : [],
	"Subgroups" : [],
	"id" : "U1(AAA)xU1(AB)xU1(C)[D5]",
	"SuperGroups" : [
		{
			"D5" : [
				{
					"A1(A)" : [
						{
							"A3(A)" : [
								{
									"A2(AA)" : [
										{
											"A1(AA)" : [
												{
													"U1(AA)" : []
												}
											]
										}
									]
								},
								{
									"U1(AB)" : [
										{
											"U1(AB)" : [
												{
													"U1(B)" : []
												}
											]
										}
									]
								}
							]
						}
					]
				},
				{
					"U1(C)" : [
						{
							"U1(C)" : [
								{
									"U1(C)" : [
										{
											"U1(C)" : [
												{
													"U1(D)" : []
												}
											]
										}
									]
								}
							]
						}
					]
				}
			]
		}
	],
	"Projection" : [
		[
			0,
			0,
			0,
			0.5,
			0
		],
		[
			0,
			0,
			-0.5,
			-0.25,
			-0.75
		],
		[
			-1,
			-2,
			-2,
			-1,
			-1
		]
	],
	"labels" : [
		"AAA",
		"AB",
		"C"
	],
	"maximal" : false,
	"regular" : true,
	"special" : false
}
