{
	"rank" : 2,
	"dim" : 2,
	"label" : "U(1)xU(1)",
	"simple" : false,
	"semisimple" : false,
	"ngroups" : 2,
	"nabelians" : 2,
	"Casimir" : [
		0,
		0
	],
	"repsMaxDim" : 50,
	"hasReps" : false,
	"hasSubgroups" : false,
	"Reps" : [],
	"Subgroups" : [],
	"id" : "U1(AA)xU1(AC)[D5]",
	"SuperGroups" : [
		{
			"D5" : [
				{
					"A3(A)" : [
						{
							"A1(AA)" : [
								{
									"U1(AB)" : []
								}
							]
						},
						{
							"U1(AB)" : [
								{
									"U1(AC)" : []
								}
							]
						}
					]
				}
			]
		}
	],
	"Projection" : [
		[
			0,
			0,
			0,
			0,
			0.5
		],
		[
			0,
			0,
			1,
			0.5,
			0.5
		]
	],
	"labels" : [
		"AA",
		"AC"
	],
	"maximal" : false,
	"regular" : true,
	"special" : false
}
