{
	"rank" : 4,
	"dim" : 4,
	"label" : "U(1)xU(1)xU(1)xU(1)",
	"simple" : false,
	"semisimple" : false,
	"ngroups" : 4,
	"nabelians" : 4,
	"Casimir" : [
		0,
		0,
		0,
		0
	],
	"repsMaxDim" : 50,
	"hasReps" : false,
	"hasSubgroups" : false,
	"Reps" : [],
	"Subgroups" : [],
	"id" : "U1(AA)xU1(AC)xU1(B)xU1(C)[D5]",
	"SuperGroups" : [
		{
			"D5" : [
				{
					"A1(A)" : [
						{
							"A3(A)" : [
								{
									"A1(AA)" : [
										{
											"U1(AB)" : []
										}
									]
								},
								{
									"U1(AB)" : [
										{
											"U1(AC)" : []
										}
									]
								}
							]
						}
					]
				},
				{
					"A3(B)" : [
						{
							"U1(B)" : [
								{
									"U1(B)" : [
										{
											"U1(B)" : []
										}
									]
								}
							]
						}
					]
				},
				{
					"U1(C)" : [
						{
							"U1(C)" : [
								{
									"U1(C)" : [
										{
											"U1(C)" : []
										}
									]
								}
							]
						}
					]
				}
			]
		}
	],
	"Projection" : [
		[
			0,
			0,
			0,
			0,
			0.5
		],
		[
			0,
			0,
			1,
			0.5,
			0.5
		],
		[
			-0.5,
			0,
			0,
			0,
			0
		],
		[
			-1,
			-2,
			-2,
			-1,
			-1
		]
	],
	"labels" : [
		"AA",
		"AC",
		"B",
		"C"
	],
	"maximal" : false,
	"regular" : true,
	"special" : false
}
