{
	"rank" : 4,
	"dim" : 4,
	"label" : "U(1)xU(1)xU(1)xU(1)",
	"simple" : false,
	"semisimple" : false,
	"ngroups" : 4,
	"nabelians" : 4,
	"Casimir" : [
		0,
		0,
		0,
		0
	],
	"repsMaxDim" : 50,
	"hasReps" : false,
	"hasSubgroups" : false,
	"Reps" : [],
	"Subgroups" : [],
	"id" : "U1(AAA)xU1(AAB)xU1(AC)xU1(B)[D5]",
	"SuperGroups" : [
		{
			"D5" : [
				{
					"A4(A)" : [
						{
							"A2(AA)" : [
								{
									"A2(AA)" : [
										{
											"A1(AA)" : [
												{
													"U1(AA)" : []
												}
											]
										},
										{
											"U1(AB)" : [
												{
													"U1(AB)" : []
												}
											]
										}
									]
								}
							]
						},
						{
							"U1(AB)" : [
								{
									"U1(AC)" : [
										{
											"U1(C)" : [
												{
													"U1(C)" : []
												}
											]
										}
									]
								}
							]
						}
					]
				},
				{
					"U1(B)" : [
						{
							"U1(B)" : [
								{
									"U1(B)" : [
										{
											"U1(D)" : [
												{
													"U1(D)" : []
												}
											]
										}
									]
								}
							]
						}
					]
				}
			]
		}
	],
	"Projection" : [
		[
			0,
			0,
			0,
			0,
			0.5
		],
		[
			0,
			0,
			0.666667,
			0,
			0.333333
		],
		[
			-0.6,
			-1.2,
			-0.8,
			0,
			-0.4
		],
		[
			-0.5,
			-1,
			-1.5,
			-1.25,
			-0.75
		]
	],
	"labels" : [
		"AAA",
		"AAB",
		"AC",
		"B"
	],
	"maximal" : false,
	"regular" : true,
	"special" : false
}
