{
	"rank" : 1,
	"type" : "U",
	"dim" : 1,
	"order" : 1,
	"label" : "U(1)",
	"abelian" : true,
	"Cartan" : [
		[
			1
		]
	],
	"G" : [
		[
			1
		]
	],
	"Casimir" : 0,
	"repsMaxDim" : 50,
	"hasReps" : false,
	"hasSubgroups" : false,
	"Reps" : [],
	"Subgroups" : [],
	"id" : "U1(AB)[D5]",
	"SuperGroups" : [
		{
			"D5" : [
				{
					"A4(A)" : [
						{
							"U1(A)" : []
						}
					]
				}
			]
		}
	],
	"Projection" : [
		[
			0.8,
			0.6,
			0.4,
			0,
			0.2
		]
	],
	"labels" : [
		"AB"
	],
	"maximal" : false,
	"regular" : true,
	"special" : false
}
