{
	"rank" : 3,
	"dim" : 3,
	"label" : "U(1)xU(1)xU(1)",
	"simple" : false,
	"semisimple" : false,
	"ngroups" : 3,
	"nabelians" : 3,
	"Casimir" : [
		0,
		0,
		0
	],
	"repsMaxDim" : 50,
	"hasReps" : false,
	"hasSubgroups" : false,
	"Reps" : [],
	"Subgroups" : [],
	"id" : "U1(AB)xU1(B)xU1(C)[D5]",
	"SuperGroups" : [
		{
			"D5" : [
				{
					"A2(A)" : [
						{
							"A2(A)" : [
								{
									"A2(A)" : [
										{
											"U1(A)" : []
										}
									]
								}
							]
						}
					]
				},
				{
					"A1(B)" : [
						{
							"U1(B)" : [
								{
									"U1(B)" : [
										{
											"U1(B)" : []
										}
									]
								}
							]
						}
					]
				},
				{
					"A1(C)" : [
						{
							"A1(C)" : [
								{
									"U1(C)" : [
										{
											"U1(C)" : []
										}
									]
								}
							]
						}
					]
				}
			]
		}
	],
	"Projection" : [
		[
			-0.666667,
			-0.333333,
			0,
			0,
			0
		],
		[
			0,
			0,
			0,
			0.5,
			0
		],
		[
			0,
			0,
			0,
			0,
			0.5
		]
	],
	"labels" : [
		"AB",
		"B",
		"C"
	],
	"maximal" : false,
	"regular" : true,
	"special" : false
}
