{
	"rank" : 2,
	"dim" : 2,
	"label" : "U(1)xU(1)",
	"simple" : false,
	"semisimple" : false,
	"ngroups" : 2,
	"nabelians" : 2,
	"Casimir" : [
		0,
		0
	],
	"repsMaxDim" : 50,
	"hasReps" : false,
	"hasSubgroups" : false,
	"Reps" : [],
	"Subgroups" : [],
	"id" : "U1(AAC)xU1(AB)[D5]",
	"SuperGroups" : [
		{
			"D5" : [
				{
					"A4(A)" : [
						{
							"A3(AA)" : [
								{
									"U1(AA)" : []
								}
							]
						},
						{
							"U1(AB)" : [
								{
									"U1(AB)" : []
								}
							]
						}
					]
				}
			]
		}
	],
	"Projection" : [
		[
			0,
			-0.5,
			-1,
			0,
			-0.5
		],
		[
			0.8,
			0.6,
			0.4,
			0,
			0.2
		]
	],
	"labels" : [
		"AAC",
		"AB"
	],
	"maximal" : false,
	"regular" : true,
	"special" : false
}
