{
	"rank" : 2,
	"dim" : 2,
	"label" : "U(1)xU(1)",
	"simple" : false,
	"semisimple" : false,
	"ngroups" : 2,
	"nabelians" : 2,
	"Casimir" : [
		0,
		0
	],
	"repsMaxDim" : 50,
	"hasReps" : false,
	"hasSubgroups" : false,
	"Reps" : [],
	"Subgroups" : [],
	"id" : "U1(C)xU1(D)[D5]",
	"SuperGroups" : [
		{
			"D5" : [
				{
					"A1(B)" : [
						{
							"U1(B)" : [
								{
									"U1(B)" : []
								}
							]
						}
					]
				},
				{
					"U1(D)" : [
						{
							"U1(D)" : [
								{
									"U1(D)" : []
								}
							]
						}
					]
				}
			]
		}
	],
	"Projection" : [
		[
			0,
			0,
			0,
			0,
			0.5
		],
		[
			1,
			2,
			3,
			1.5,
			1.5
		]
	],
	"labels" : [
		"C",
		"D"
	],
	"maximal" : false,
	"regular" : true,
	"special" : false
}
