{
	"rank" : 1,
	"type" : "U",
	"dim" : 1,
	"order" : 1,
	"label" : "U(1)",
	"abelian" : true,
	"Cartan" : [
		[
			1
		]
	],
	"G" : [
		[
			1
		]
	],
	"Casimir" : 0,
	"repsMaxDim" : 50,
	"hasReps" : false,
	"hasSubgroups" : false,
	"Reps" : [],
	"Subgroups" : [],
	"id" : "U1(C)[D5]",
	"SuperGroups" : [
		{
			"D5" : [
				{
					"A1(B)" : [
						{
							"U1(B)" : [
								{
									"U1(B)" : []
								}
							]
						}
					]
				}
			]
		}
	],
	"Projection" : [
		[
			0,
			0,
			0,
			0,
			0.5
		]
	],
	"labels" : [
		"C"
	],
	"maximal" : false,
	"regular" : true,
	"special" : false
}
