{
	"rank" : 1,
	"type" : "U",
	"dim" : 1,
	"order" : 1,
	"label" : "U(1)",
	"abelian" : true,
	"Cartan" : [
		[
			1
		]
	],
	"G" : [
		[
			1
		]
	],
	"Casimir" : 0,
	"repsMaxDim" : 50,
	"hasReps" : false,
	"hasSubgroups" : false,
	"Reps" : [],
	"Subgroups" : [],
	"id" : "U1(D)[D5]",
	"SuperGroups" : [
		{
			"D5" : [
				{
					"U1(D)" : []
				}
			]
		}
	],
	"Projection" : [
		[
			1,
			2,
			3,
			1.5,
			1.5
		]
	],
	"labels" : [
		"D"
	],
	"maximal" : true,
	"regular" : true,
	"special" : false
}
