{
	"id" : "(1,0,0,1)A4",
	"Group" : "A4",
	"HWeight" : [
		[
			1,
			0,
			0,
			1
		]
	],
	"dim" : 24,
	"real" : true,
	"label" : "24",
	"Casimir" : 5,
	"DynkinIndex" : 5,
	"conjugate" : 0,
	"congruency" : [
		[
			2
		]
	],
	"hasWeights" : true,
	"Weights" : [
		"(1,0,0,1)A4",
		"(-1,1,0,1)A4",
		"(1,0,1,-1)A4",
		"(0,-1,1,1)A4",
		"(-1,1,1,-1)A4",
		"(1,1,-1,0)A4",
		"(0,0,-1,2)A4",
		"(0,-1,2,-1)A4",
		"(-1,2,-1,0)A4",
		"(2,-1,0,0)A4",
		"(0,0,0,0)A4",
		"(0,0,0,0)A4",
		"(0,0,0,0)A4",
		"(0,0,0,0)A4",
		"(0,0,1,-2)A4",
		"(0,1,-2,1)A4",
		"(1,-2,1,0)A4",
		"(-2,1,0,0)A4",
		"(0,1,-1,-1)A4",
		"(1,-1,-1,1)A4",
		"(-1,-1,1,0)A4",
		"(1,-1,0,-1)A4",
		"(-1,0,-1,1)A4",
		"(-1,0,0,-1)A4"
	]
}
