{
	"rank" : 4,
	"dim" : 12,
	"label" : "SU(2)xSU(2)xSU(2)xSU(2)",
	"simple" : false,
	"semisimple" : true,
	"ngroups" : 4,
	"nabelians" : 0,
	"Casimir" : [
		2,
		2,
		2,
		2
	],
	"repsMaxDim" : 50,
	"hasReps" : false,
	"hasSubgroups" : false,
	"Reps" : [],
	"Subgroups" : [],
	"id" : "A1(AA)xA1(AB)xA1(AC)xA1(AD)[D4xU1]",
	"SuperGroups" : [
		{
			"D4(A)" : [
				{
					"A1(AA)" : []
				},
				{
					"A1(AB)" : []
				},
				{
					"A1(AC)" : []
				},
				{
					"A1(AD)" : []
				}
			]
		},
		{
			"U1(B)" : []
		}
	],
	"Projection" : [
		[
			-1,
			-2,
			-1,
			-1,
			0
		],
		[
			1,
			0,
			0,
			0,
			0
		],
		[
			0,
			0,
			1,
			0,
			0
		],
		[
			0,
			0,
			0,
			1,
			0
		]
	],
	"labels" : [
		"AA",
		"AB",
		"AC",
		"AD"
	],
	"maximal" : true,
	"regular" : true,
	"special" : false
}
