{
	"rank" : 4,
	"dim" : 8,
	"label" : "SU(2)xSU(2)xU(1)xU(1)",
	"simple" : false,
	"semisimple" : false,
	"ngroups" : 4,
	"nabelians" : 2,
	"Casimir" : [
		2,
		2,
		0,
		0
	],
	"repsMaxDim" : 50,
	"hasReps" : false,
	"hasSubgroups" : false,
	"Reps" : [],
	"Subgroups" : [],
	"id" : "A1(AB)xA1(AC)xU1(AD)xU1(B)[D4xU1]",
	"SuperGroups" : [
		{
			"D4(A)" : [
				{
					"A1(AA)" : []
				},
				{
					"A1(AB)" : []
				},
				{
					"U1(AD)" : []
				}
			]
		},
		{
			"U1(B)" : [
				{
					"U1(B)" : []
				}
			]
		}
	],
	"Projection" : [
		[
			0,
			0,
			1,
			0,
			0
		],
		[
			0,
			0,
			0,
			1,
			0
		],
		[
			1,
			2,
			1,
			1,
			0
		],
		[
			0,
			0,
			0,
			0,
			1
		]
	],
	"labels" : [
		"AB",
		"AC",
		"AD",
		"B"
	],
	"maximal" : true,
	"regular" : true,
	"special" : false
}
