{
	"rank" : 4,
	"dim" : 6,
	"label" : "SU(2)xU(1)xU(1)xU(1)",
	"simple" : false,
	"semisimple" : false,
	"ngroups" : 4,
	"nabelians" : 3,
	"Casimir" : [
		2,
		0,
		0,
		0
	],
	"repsMaxDim" : 50,
	"hasReps" : false,
	"hasSubgroups" : false,
	"Reps" : [],
	"Subgroups" : [],
	"id" : "A1(AAAA)xU1(AAAB)xU1(AB)xU1(B)[D4xU1]",
	"SuperGroups" : [
		{
			"D4(A)" : [
				{
					"A3(AA)" : [
						{
							"A2(AA)" : [
								{
									"A1(AAA)" : []
								},
								{
									"U1(AAB)" : []
								}
							]
						}
					]
				},
				{
					"U1(AB)" : [
						{
							"U1(AB)" : [
								{
									"U1(B)" : []
								}
							]
						}
					]
				}
			]
		},
		{
			"U1(B)" : [
				{
					"U1(B)" : [
						{
							"U1(B)" : [
								{
									"U1(C)" : []
								}
							]
						}
					]
				}
			]
		}
	],
	"Projection" : [
		[
			0,
			0,
			1,
			0,
			0
		],
		[
			0,
			0.666667,
			0.333333,
			0,
			0
		],
		[
			-1,
			-1,
			-0.5,
			-0.5,
			0
		],
		[
			0,
			0,
			0,
			0,
			1
		]
	],
	"labels" : [
		"AAAA",
		"AAAB",
		"AB",
		"B"
	],
	"maximal" : false,
	"regular" : true,
	"special" : false
}
