{
	"rank" : 3,
	"dim" : 9,
	"label" : "SU(3)xU(1)",
	"simple" : false,
	"semisimple" : false,
	"ngroups" : 2,
	"nabelians" : 1,
	"Casimir" : [
		3,
		0
	],
	"repsMaxDim" : 50,
	"hasReps" : false,
	"hasSubgroups" : false,
	"Reps" : [],
	"Subgroups" : [],
	"id" : "A2(AAA)xU1(AB)[D4xU1]",
	"SuperGroups" : [
		{
			"D4(A)" : [
				{
					"A3(AA)" : [
						{
							"A2(AA)" : []
						}
					]
				},
				{
					"U1(AB)" : [
						{
							"U1(AB)" : []
						}
					]
				}
			]
		},
		{
			"U1(B)" : []
		}
	],
	"Projection" : [
		[
			0,
			-1,
			0,
			0,
			0
		],
		[
			0,
			0,
			-1,
			0,
			0
		],
		[
			-1,
			-1,
			-0.5,
			-0.5,
			0
		]
	],
	"labels" : [
		"AAA",
		"AB"
	],
	"maximal" : false,
	"regular" : true,
	"special" : false
}
