{
	"rank" : 4,
	"dim" : 16,
	"label" : "SU(4)xU(1)",
	"simple" : false,
	"semisimple" : false,
	"ngroups" : 2,
	"nabelians" : 1,
	"Casimir" : [
		4,
		0
	],
	"repsMaxDim" : 50,
	"hasReps" : false,
	"hasSubgroups" : false,
	"Reps" : [],
	"Subgroups" : [],
	"id" : "A3(AA)xU1(AB)[D4xU1]",
	"SuperGroups" : [
		{
			"D4(A)" : [
				{
					"A3(AA)" : []
				},
				{
					"U1(AB)" : []
				}
			]
		},
		{
			"U1(B)" : []
		}
	],
	"Projection" : [
		[
			0,
			0,
			0,
			-1,
			0
		],
		[
			0,
			-1,
			0,
			0,
			0
		],
		[
			0,
			0,
			-1,
			0,
			0
		],
		[
			-1,
			-1,
			-0.5,
			-0.5,
			0
		]
	],
	"labels" : [
		"AA",
		"AB"
	],
	"maximal" : true,
	"regular" : true,
	"special" : false
}
