{
	"rank" : 3,
	"type" : "A",
	"dim" : 15,
	"order" : 4,
	"label" : "SU(4)",
	"abelian" : false,
	"Cartan" : [
		[
			2,
			-1,
			0
		],
		[
			-1,
			2,
			-1
		],
		[
			0,
			-1,
			2
		]
	],
	"G" : [
		[
			0.75,
			0.5,
			0.25
		],
		[
			0.5,
			1,
			0.5
		],
		[
			0.25,
			0.5,
			0.75
		]
	],
	"Casimir" : 4,
	"repsMaxDim" : 50,
	"hasReps" : false,
	"hasSubgroups" : false,
	"Reps" : [],
	"Subgroups" : [],
	"id" : "A3(AA)[D4xU1]",
	"SuperGroups" : [
		{
			"D4(A)" : [
				{
					"A3(AA)" : []
				}
			]
		},
		{
			"U1(B)" : []
		}
	],
	"Projection" : [
		[
			0,
			0,
			0,
			-1,
			0
		],
		[
			0,
			-1,
			0,
			0,
			0
		],
		[
			0,
			0,
			-1,
			0,
			0
		]
	],
	"labels" : [
		"AA"
	],
	"maximal" : true,
	"regular" : true,
	"special" : false
}
