{
	"rank" : 5,
	"dim" : 29,
	"label" : "SO(8)xU(1)",
	"simple" : false,
	"semisimple" : false,
	"ngroups" : 2,
	"nabelians" : 1,
	"Casimir" : [
		6,
		0
	],
	"repsMaxDim" : 50,
	"hasReps" : false,
	"hasSubgroups" : false,
	"Reps" : [],
	"Subgroups" : [],
	"id" : "D4(A)xU1(B)[D4xU1]",
	"SuperGroups" : [
		{
			"D4(A)" : [
				{
					"D4(A)" : []
				}
			]
		},
		{
			"U1(B)" : [
				{
					"U1(B)" : []
				}
			]
		}
	],
	"Projection" : [
		[
			1,
			0,
			0,
			0,
			0
		],
		[
			0,
			1,
			0,
			0,
			0
		],
		[
			0,
			0,
			1,
			0,
			0
		],
		[
			0,
			0,
			0,
			1,
			0
		],
		[
			0,
			0,
			0,
			0,
			1
		]
	],
	"labels" : [
		"A",
		"B"
	],
	"maximal" : true,
	"regular" : true,
	"special" : false
}
