{
	"rank" : 2,
	"dim" : 2,
	"label" : "U(1)xU(1)",
	"simple" : false,
	"semisimple" : false,
	"ngroups" : 2,
	"nabelians" : 2,
	"Casimir" : [
		0,
		0
	],
	"repsMaxDim" : 50,
	"hasReps" : false,
	"hasSubgroups" : false,
	"Reps" : [],
	"Subgroups" : [],
	"id" : "U1(AAB)xU1(AAC)[D4xU1]",
	"SuperGroups" : [
		{
			"D4(A)" : [
				{
					"A3(AA)" : [
						{
							"A1(AAA)" : [
								{
									"U1(AA)" : [
										{
											"U1(A)" : []
										}
									]
								}
							]
						},
						{
							"U1(AAB)" : [
								{
									"U1(AC)" : [
										{
											"U1(C)" : []
										}
									]
								}
							]
						}
					]
				}
			]
		},
		{
			"U1(B)" : []
		}
	],
	"Projection" : [
		[
			0,
			0,
			0.5,
			0,
			0
		],
		[
			0,
			1,
			0.5,
			0.5,
			0
		]
	],
	"labels" : [
		"AAB",
		"AAC"
	],
	"maximal" : false,
	"regular" : true,
	"special" : false
}
