{
	"rank" : 1,
	"type" : "U",
	"dim" : 1,
	"order" : 1,
	"label" : "U(1)",
	"abelian" : true,
	"Cartan" : [
		[
			1
		]
	],
	"G" : [
		[
			1
		]
	],
	"Casimir" : 0,
	"repsMaxDim" : 50,
	"hasReps" : false,
	"hasSubgroups" : false,
	"Reps" : [],
	"Subgroups" : [],
	"id" : "U1(AD)[D4xU1]",
	"SuperGroups" : [
		{
			"D4(A)" : [
				{
					"U1(AD)" : []
				}
			]
		},
		{
			"U1(B)" : []
		}
	],
	"Projection" : [
		[
			1,
			2,
			1,
			1,
			0
		]
	],
	"labels" : [
		"AD"
	],
	"maximal" : true,
	"regular" : true,
	"special" : false
}
