{
	"rank" : 3,
	"dim" : 3,
	"label" : "U(1)xU(1)xU(1)",
	"simple" : false,
	"semisimple" : false,
	"ngroups" : 3,
	"nabelians" : 3,
	"Casimir" : [
		0,
		0,
		0
	],
	"repsMaxDim" : 50,
	"hasReps" : false,
	"hasSubgroups" : false,
	"Reps" : [],
	"Subgroups" : [],
	"id" : "U1(AB)xU1(AC)xU1(AD)[D4xU1]",
	"SuperGroups" : [
		{
			"D4(A)" : [
				{
					"A1(AA)" : [
						{
							"U1(AA)" : [
								{
									"U1(A)" : [
										{
											"U1(A)" : []
										}
									]
								}
							]
						}
					]
				},
				{
					"A1(AB)" : [
						{
							"A1(AB)" : [
								{
									"A1(B)" : [
										{
											"U1(B)" : []
										}
									]
								}
							]
						}
					]
				},
				{
					"U1(AD)" : [
						{
							"U1(AD)" : [
								{
									"U1(D)" : [
										{
											"U1(D)" : []
										}
									]
								}
							]
						}
					]
				}
			]
		},
		{
			"U1(B)" : []
		}
	],
	"Projection" : [
		[
			0,
			0,
			0.5,
			0,
			0
		],
		[
			0,
			0,
			0,
			0.5,
			0
		],
		[
			1,
			2,
			1,
			1,
			0
		]
	],
	"labels" : [
		"AB",
		"AC",
		"AD"
	],
	"maximal" : false,
	"regular" : true,
	"special" : false
}
