{
	"id" : "A3xA1xA1",
	"rank" : 5,
	"dim" : 21,
	"label" : "SU(4)xSU(2)xSU(2)",
	"simple" : false,
	"semisimple" : true,
	"ngroups" : 3,
	"nabelians" : 0,
	"Casimir" : [
		4,
		2,
		2
	],
	"repsMaxDim" : 50,
	"hasReps" : false,
	"hasSubgroups" : true,
	"Reps" : [],
	"Subgroups" : [
		"A3(A)xA1(C)xU1(B)[A3xA1xA1]",
		"A3(A)xA1(B)xU1(C)[A3xA1xA1]",
		"A3(A)xU1(B)xU1(C)[A3xA1xA1]",
		"A2(AA)xA1(B)xA1(C)xU1(AB)[A3xA1xA1]",
		"A2(AA)xA1(B)xU1(AB)xU1(C)[A3xA1xA1]",
		"A2(AA)xA1(C)xU1(AB)xU1(B)[A3xA1xA1]",
		"A1(AA)xA1(AB)xA1(B)xA1(C)xU1(AC)[A3xA1xA1]",
		"A1(AA)xA1(AB)xA1(B)xU1(AC)xU1(C)[A3xA1xA1]",
		"A1(AA)xA1(AB)xA1(C)xU1(AC)xU1(B)[A3xA1xA1]",
		"A1(AAA)xA1(B)xA1(C)xU1(AAB)xU1(AB)[A3xA1xA1]",
		"A1(AA)xA1(B)xA1(C)xU1(AB)xU1(AC)[A3xA1xA1]",
		"A1(AB)xA1(B)xA1(C)xU1(AA)xU1(AC)[A3xA1xA1]",
		"A2(AA)xU1(AB)xU1(B)xU1(C)[A3xA1xA1]",
		"A1(AAA)xA1(C)xU1(AAB)xU1(AB)xU1(B)[A3xA1xA1]",
		"A1(AA)xA1(C)xU1(AB)xU1(AC)xU1(B)[A3xA1xA1]",
		"A1(AB)xA1(C)xU1(AA)xU1(AC)xU1(B)[A3xA1xA1]",
		"A1(AA)xA1(AB)xU1(AC)xU1(B)xU1(C)[A3xA1xA1]",
		"A1(B)xA1(C)xU1(AA)xU1(AB)xU1(AC)[A3xA1xA1]",
		"A1(AB)xA1(B)xU1(AA)xU1(AC)xU1(C)[A3xA1xA1]",
		"A1(AA)xA1(B)xU1(AB)xU1(AC)xU1(C)[A3xA1xA1]",
		"A1(AAA)xA1(B)xU1(AAB)xU1(AB)xU1(C)[A3xA1xA1]",
		"A1(B)xA1(C)xU1(AAA)xU1(AAB)xU1(AB)[A3xA1xA1]",
		"A1(AAA)xU1(AAB)xU1(AB)xU1(B)xU1(C)[A3xA1xA1]",
		"A1(AA)xU1(AB)xU1(AC)xU1(B)xU1(C)[A3xA1xA1]",
		"A1(AB)xU1(AA)xU1(AC)xU1(B)xU1(C)[A3xA1xA1]",
		"A1(C)xU1(AAA)xU1(AAB)xU1(AB)xU1(B)[A3xA1xA1]",
		"A1(C)xU1(AA)xU1(AB)xU1(AC)xU1(B)[A3xA1xA1]",
		"A1(B)xU1(AA)xU1(AB)xU1(AC)xU1(C)[A3xA1xA1]",
		"A1(B)xU1(AAA)xU1(AAB)xU1(AB)xU1(C)[A3xA1xA1]",
		"U1(AAA)xU1(AAB)xU1(AB)xU1(B)xU1(C)[A3xA1xA1]",
		"U1(AA)xU1(AB)xU1(AC)xU1(B)xU1(C)[A3xA1xA1]",
		"A3(A)xA1(C)[A3xA1xA1]",
		"A3(A)xA1(B)[A3xA1xA1]",
		"A3(A)xU1(C)[A3xA1xA1]",
		"A3(A)xU1(B)[A3xA1xA1]",
		"A2(AA)xA1(B)xA1(C)[A3xA1xA1]",
		"A2(AA)xA1(B)xU1(C)[A3xA1xA1]",
		"A2(AA)xA1(C)xU1(B)[A3xA1xA1]",
		"A2(AA)xA1(C)xU1(AB)[A3xA1xA1]",
		"A1(AA)xA1(AB)xA1(B)xA1(C)[A3xA1xA1]",
		"A2(AA)xA1(B)xU1(AB)[A3xA1xA1]",
		"A2(AA)xU1(AB)xU1(C)[A3xA1xA1]",
		"A2(AA)xU1(AB)xU1(B)[A3xA1xA1]",
		"A2(AA)xU1(B)xU1(C)[A3xA1xA1]",
		"A1(AA)xA1(AB)xA1(B)xU1(C)[A3xA1xA1]",
		"A1(AA)xA1(AB)xA1(C)xU1(B)[A3xA1xA1]",
		"A1(AA)xA1(AB)xA1(C)xU1(AC)[A3xA1xA1]",
		"A1(AA)xA1(AB)xA1(B)xU1(AC)[A3xA1xA1]",
		"A1(AAA)xA1(B)xA1(C)xU1(AB)[A3xA1xA1]",
		"A1(AAA)xA1(B)xA1(C)xU1(AAB)[A3xA1xA1]",
		"A1(AA)xA1(B)xA1(C)xU1(AB)[A3xA1xA1]",
		"A1(AA)xA1(B)xA1(C)xU1(AC)[A3xA1xA1]",
		"A1(AB)xA1(B)xA1(C)xU1(AA)[A3xA1xA1]",
		"A1(AB)xA1(B)xA1(C)xU1(AC)[A3xA1xA1]",
		"A1(AA)xA1(C)xU1(AB)xU1(B)[A3xA1xA1]",
		"A1(AB)xA1(C)xU1(AC)xU1(B)[A3xA1xA1]",
		"A1(AB)xA1(B)xU1(AC)xU1(C)[A3xA1xA1]",
		"A1(AB)xA1(B)xU1(AA)xU1(AC)[A3xA1xA1]",
		"A1(AA)xA1(B)xU1(AB)xU1(C)[A3xA1xA1]",
		"A1(AB)xA1(B)xU1(AA)xU1(C)[A3xA1xA1]",
		"A1(AA)xA1(B)xU1(AB)xU1(AC)[A3xA1xA1]",
		"A1(AA)xA1(B)xU1(AC)xU1(C)[A3xA1xA1]",
		"A1(AAA)xA1(B)xU1(AB)xU1(C)[A3xA1xA1]",
		"A1(AAA)xA1(B)xU1(AAB)xU1(AB)[A3xA1xA1]",
		"A1(AAA)xA1(B)xU1(AAB)xU1(C)[A3xA1xA1]",
		"A1(AA)xA1(C)xU1(AB)xU1(AC)[A3xA1xA1]",
		"A1(AB)xA1(C)xU1(AA)xU1(B)[A3xA1xA1]",
		"A1(AB)xA1(C)xU1(AA)xU1(AC)[A3xA1xA1]",
		"A1(B)xA1(C)xU1(AA)xU1(AB)[A3xA1xA1]",
		"A1(B)xA1(C)xU1(AA)xU1(AC)[A3xA1xA1]",
		"A1(B)xA1(C)xU1(AB)xU1(AC)[A3xA1xA1]",
		"A1(B)xA1(C)xU1(AAA)xU1(AB)[A3xA1xA1]",
		"A1(B)xA1(C)xU1(AAA)xU1(AAB)[A3xA1xA1]",
		"A1(B)xA1(C)xU1(AAB)xU1(AB)[A3xA1xA1]",
		"A1(AAA)xA1(C)xU1(AAB)xU1(B)[A3xA1xA1]",
		"A1(AAA)xA1(C)xU1(AAB)xU1(AB)[A3xA1xA1]",
		"A1(AAA)xA1(C)xU1(AB)xU1(B)[A3xA1xA1]",
		"A1(AA)xA1(C)xU1(AC)xU1(B)[A3xA1xA1]",
		"A1(AA)xA1(AB)xU1(AC)xU1(B)[A3xA1xA1]",
		"A1(AA)xA1(AB)xU1(AC)xU1(C)[A3xA1xA1]",
		"A1(AA)xA1(AB)xU1(B)xU1(C)[A3xA1xA1]",
		"A1(AA)xU1(AC)xU1(B)xU1(C)[A3xA1xA1]",
		"A1(AAA)xU1(AAB)xU1(AB)xU1(C)[A3xA1xA1]",
		"A1(C)xU1(AAA)xU1(AAB)xU1(AB)[A3xA1xA1]",
		"A1(AA)xU1(AB)xU1(AC)xU1(B)[A3xA1xA1]",
		"A1(C)xU1(AAA)xU1(AB)xU1(B)[A3xA1xA1]",
		"A1(C)xU1(AA)xU1(AC)xU1(B)[A3xA1xA1]",
		"A1(C)xU1(AB)xU1(AC)xU1(B)[A3xA1xA1]",
		"A1(C)xU1(AA)xU1(AB)xU1(B)[A3xA1xA1]",
		"A1(C)xU1(AA)xU1(AB)xU1(AC)[A3xA1xA1]",
		"A1(C)xU1(AAA)xU1(AAB)xU1(B)[A3xA1xA1]",
		"A1(AAA)xU1(AAB)xU1(B)xU1(C)[A3xA1xA1]",
		"A1(AA)xU1(AB)xU1(B)xU1(C)[A3xA1xA1]",
		"A1(AAA)xU1(AB)xU1(B)xU1(C)[A3xA1xA1]",
		"A1(AA)xU1(AB)xU1(AC)xU1(C)[A3xA1xA1]",
		"A1(AB)xU1(AC)xU1(B)xU1(C)[A3xA1xA1]",
		"A1(AB)xU1(AA)xU1(B)xU1(C)[A3xA1xA1]",
		"A1(AB)xU1(AA)xU1(AC)xU1(C)[A3xA1xA1]",
		"A1(AB)xU1(AA)xU1(AC)xU1(B)[A3xA1xA1]",
		"A1(AAA)xU1(AAB)xU1(AB)xU1(B)[A3xA1xA1]",
		"A1(C)xU1(AAB)xU1(AB)xU1(B)[A3xA1xA1]",
		"A1(B)xU1(AA)xU1(AB)xU1(C)[A3xA1xA1]",
		"A1(B)xU1(AA)xU1(AB)xU1(AC)[A3xA1xA1]",
		"A1(B)xU1(AA)xU1(AC)xU1(C)[A3xA1xA1]",
		"A1(B)xU1(AAA)xU1(AAB)xU1(C)[A3xA1xA1]",
		"A1(B)xU1(AAA)xU1(AB)xU1(C)[A3xA1xA1]",
		"A1(B)xU1(AAB)xU1(AB)xU1(C)[A3xA1xA1]",
		"A1(B)xU1(AAA)xU1(AAB)xU1(AB)[A3xA1xA1]",
		"A1(B)xU1(AB)xU1(AC)xU1(C)[A3xA1xA1]",
		"U1(AAA)xU1(AAB)xU1(B)xU1(C)[A3xA1xA1]",
		"U1(AAA)xU1(AAB)xU1(AB)xU1(B)[A3xA1xA1]",
		"U1(AA)xU1(AB)xU1(AC)xU1(B)[A3xA1xA1]",
		"U1(AAA)xU1(AAB)xU1(AB)xU1(C)[A3xA1xA1]",
		"U1(AAB)xU1(AB)xU1(B)xU1(C)[A3xA1xA1]",
		"U1(AB)xU1(AC)xU1(B)xU1(C)[A3xA1xA1]",
		"U1(AA)xU1(AB)xU1(AC)xU1(C)[A3xA1xA1]",
		"U1(AA)xU1(AB)xU1(B)xU1(C)[A3xA1xA1]",
		"U1(AA)xU1(AC)xU1(B)xU1(C)[A3xA1xA1]",
		"U1(AAA)xU1(AB)xU1(B)xU1(C)[A3xA1xA1]",
		"A3(A)[A3xA1xA1]",
		"A2(AA)xA1(B)[A3xA1xA1]",
		"A2(AA)xA1(C)[A3xA1xA1]",
		"A1(AB)xA1(B)xA1(C)[A3xA1xA1]",
		"A1(AA)xA1(B)xA1(C)[A3xA1xA1]",
		"A1(AAA)xA1(B)xA1(C)[A3xA1xA1]",
		"A1(AA)xA1(AB)xA1(B)[A3xA1xA1]",
		"A1(AA)xA1(AB)xA1(C)[A3xA1xA1]",
		"A2(AA)xU1(B)[A3xA1xA1]",
		"A2(AA)xU1(AB)[A3xA1xA1]",
		"A2(AA)xU1(C)[A3xA1xA1]",
		"A1(AB)xA1(C)xU1(AA)[A3xA1xA1]",
		"A1(AA)xA1(C)xU1(AB)[A3xA1xA1]",
		"A1(AA)xA1(C)xU1(B)[A3xA1xA1]",
		"A1(AAA)xA1(C)xU1(B)[A3xA1xA1]",
		"A1(AAA)xA1(C)xU1(AAB)[A3xA1xA1]",
		"A1(AAA)xA1(C)xU1(AB)[A3xA1xA1]",
		"A1(AA)xA1(C)xU1(AC)[A3xA1xA1]",
		"A1(AB)xA1(C)xU1(B)[A3xA1xA1]",
		"A1(AA)xA1(AB)xU1(B)[A3xA1xA1]",
		"A1(AA)xA1(AB)xU1(AC)[A3xA1xA1]",
		"A1(AA)xA1(AB)xU1(C)[A3xA1xA1]",
		"A1(AB)xA1(C)xU1(AC)[A3xA1xA1]",
		"A1(AB)xA1(B)xU1(AA)[A3xA1xA1]",
		"A1(AB)xA1(B)xU1(C)[A3xA1xA1]",
		"A1(AA)xA1(B)xU1(AC)[A3xA1xA1]",
		"A1(AAA)xA1(B)xU1(AB)[A3xA1xA1]",
		"A1(AAA)xA1(B)xU1(AAB)[A3xA1xA1]",
		"A1(AAA)xA1(B)xU1(C)[A3xA1xA1]",
		"A1(AA)xA1(B)xU1(C)[A3xA1xA1]",
		"A1(AA)xA1(B)xU1(AB)[A3xA1xA1]",
		"A1(AB)xA1(B)xU1(AC)[A3xA1xA1]",
		"A1(B)xA1(C)xU1(AA)[A3xA1xA1]",
		"A1(B)xA1(C)xU1(AAA)[A3xA1xA1]",
		"A1(B)xA1(C)xU1(AB)[A3xA1xA1]",
		"A1(B)xA1(C)xU1(AAB)[A3xA1xA1]",
		"A1(B)xA1(C)xU1(AC)[A3xA1xA1]",
		"A1(AB)xU1(AA)xU1(AC)[A3xA1xA1]",
		"A1(AA)xU1(AC)xU1(B)[A3xA1xA1]",
		"A1(AA)xU1(AB)xU1(B)[A3xA1xA1]",
		"A1(AA)xU1(B)xU1(C)[A3xA1xA1]",
		"A1(AA)xU1(AB)xU1(AC)[A3xA1xA1]",
		"A1(AB)xU1(AC)xU1(C)[A3xA1xA1]",
		"A1(AB)xU1(AA)xU1(B)[A3xA1xA1]",
		"A1(AB)xU1(AA)xU1(C)[A3xA1xA1]",
		"A1(AA)xU1(AC)xU1(C)[A3xA1xA1]",
		"A1(AB)xU1(AC)xU1(B)[A3xA1xA1]",
		"A1(AAA)xU1(AAB)xU1(AB)[A3xA1xA1]",
		"A1(B)xU1(AB)xU1(C)[A3xA1xA1]",
		"A1(B)xU1(AAA)xU1(AAB)[A3xA1xA1]",
		"A1(B)xU1(AAA)xU1(AB)[A3xA1xA1]",
		"A1(B)xU1(AAB)xU1(AB)[A3xA1xA1]",
		"A1(B)xU1(AAA)xU1(C)[A3xA1xA1]",
		"A1(B)xU1(AAB)xU1(C)[A3xA1xA1]",
		"A1(B)xU1(AA)xU1(C)[A3xA1xA1]",
		"A1(B)xU1(AC)xU1(C)[A3xA1xA1]",
		"A1(B)xU1(AA)xU1(AC)[A3xA1xA1]",
		"A1(B)xU1(AB)xU1(AC)[A3xA1xA1]",
		"A1(B)xU1(AA)xU1(AB)[A3xA1xA1]",
		"A1(AA)xU1(AB)xU1(C)[A3xA1xA1]",
		"A1(C)xU1(AA)xU1(B)[A3xA1xA1]",
		"A1(AAA)xU1(AB)xU1(C)[A3xA1xA1]",
		"A1(AAA)xU1(AAB)xU1(C)[A3xA1xA1]",
		"A1(AAA)xU1(B)xU1(C)[A3xA1xA1]",
		"A1(C)xU1(AC)xU1(B)[A3xA1xA1]",
		"A1(AAA)xU1(AAB)xU1(B)[A3xA1xA1]",
		"A1(C)xU1(AAA)xU1(B)[A3xA1xA1]",
		"A1(C)xU1(AAB)xU1(AB)[A3xA1xA1]",
		"A1(C)xU1(AAA)xU1(AB)[A3xA1xA1]",
		"A1(C)xU1(AAA)xU1(AAB)[A3xA1xA1]",
		"A1(C)xU1(AB)xU1(B)[A3xA1xA1]",
		"A1(AAA)xU1(AB)xU1(B)[A3xA1xA1]",
		"A1(C)xU1(AB)xU1(AC)[A3xA1xA1]",
		"A1(AB)xU1(B)xU1(C)[A3xA1xA1]",
		"A1(C)xU1(AA)xU1(AC)[A3xA1xA1]",
		"A1(C)xU1(AAB)xU1(B)[A3xA1xA1]",
		"A1(C)xU1(AA)xU1(AB)[A3xA1xA1]",
		"U1(AAA)xU1(AAB)xU1(B)[A3xA1xA1]",
		"U1(AAA)xU1(AB)xU1(B)[A3xA1xA1]",
		"U1(AAB)xU1(AB)xU1(B)[A3xA1xA1]",
		"U1(AB)xU1(B)xU1(C)[A3xA1xA1]",
		"U1(AAA)xU1(B)xU1(C)[A3xA1xA1]",
		"U1(AAA)xU1(AAB)xU1(C)[A3xA1xA1]",
		"U1(AA)xU1(B)xU1(C)[A3xA1xA1]",
		"U1(AA)xU1(AB)xU1(B)[A3xA1xA1]",
		"U1(AA)xU1(AC)xU1(C)[A3xA1xA1]",
		"U1(AAA)xU1(AB)xU1(C)[A3xA1xA1]",
		"U1(AAB)xU1(AB)xU1(C)[A3xA1xA1]",
		"U1(AAA)xU1(AAB)xU1(AB)[A3xA1xA1]",
		"U1(AAB)xU1(B)xU1(C)[A3xA1xA1]",
		"U1(AB)xU1(AC)xU1(C)[A3xA1xA1]",
		"U1(AC)xU1(B)xU1(C)[A3xA1xA1]",
		"U1(AA)xU1(AC)xU1(B)[A3xA1xA1]",
		"U1(AB)xU1(AC)xU1(B)[A3xA1xA1]",
		"U1(AA)xU1(AB)xU1(AC)[A3xA1xA1]",
		"U1(AA)xU1(AB)xU1(C)[A3xA1xA1]",
		"A2(AA)[A3xA1xA1]",
		"A1(AB)xA1(B)[A3xA1xA1]",
		"A1(AA)xA1(B)[A3xA1xA1]",
		"A1(AAA)xA1(B)[A3xA1xA1]",
		"A1(B)xA1(C)[A3xA1xA1]",
		"A1(AA)xA1(AB)[A3xA1xA1]",
		"A1(AB)xA1(C)[A3xA1xA1]",
		"A1(AA)xA1(C)[A3xA1xA1]",
		"A1(AAA)xA1(C)[A3xA1xA1]",
		"A1(B)xU1(AA)[A3xA1xA1]",
		"A1(B)xU1(AC)[A3xA1xA1]",
		"A1(B)xU1(C)[A3xA1xA1]",
		"A1(B)xU1(AAA)[A3xA1xA1]",
		"A1(B)xU1(AAB)[A3xA1xA1]",
		"A1(B)xU1(AB)[A3xA1xA1]",
		"A1(AAA)xU1(B)[A3xA1xA1]",
		"A1(C)xU1(AAA)[A3xA1xA1]",
		"A1(C)xU1(AAB)[A3xA1xA1]",
		"A1(C)xU1(AB)[A3xA1xA1]",
		"A1(AAA)xU1(C)[A3xA1xA1]",
		"A1(AB)xU1(AA)[A3xA1xA1]",
		"A1(AB)xU1(AC)[A3xA1xA1]",
		"A1(AB)xU1(C)[A3xA1xA1]",
		"A1(AB)xU1(B)[A3xA1xA1]",
		"A1(AA)xU1(AC)[A3xA1xA1]",
		"A1(AA)xU1(C)[A3xA1xA1]",
		"A1(AA)xU1(B)[A3xA1xA1]",
		"A1(C)xU1(B)[A3xA1xA1]",
		"A1(C)xU1(AA)[A3xA1xA1]",
		"A1(AAA)xU1(AAB)[A3xA1xA1]",
		"A1(AA)xU1(AB)[A3xA1xA1]",
		"A1(AAA)xU1(AB)[A3xA1xA1]",
		"A1(C)xU1(AC)[A3xA1xA1]",
		"U1(AB)xU1(C)[A3xA1xA1]",
		"U1(AB)xU1(AC)[A3xA1xA1]",
		"U1(AA)xU1(AC)[A3xA1xA1]",
		"U1(AC)xU1(C)[A3xA1xA1]",
		"U1(AC)xU1(B)[A3xA1xA1]",
		"U1(AA)xU1(B)[A3xA1xA1]",
		"U1(AB)xU1(B)[A3xA1xA1]",
		"U1(AA)xU1(C)[A3xA1xA1]",
		"U1(AA)xU1(AB)[A3xA1xA1]",
		"U1(AAB)xU1(B)[A3xA1xA1]",
		"U1(AAB)xU1(C)[A3xA1xA1]",
		"U1(AAA)xU1(C)[A3xA1xA1]",
		"U1(AAB)xU1(AB)[A3xA1xA1]",
		"U1(AAA)xU1(AAB)[A3xA1xA1]",
		"U1(B)xU1(C)[A3xA1xA1]",
		"U1(AAA)xU1(B)[A3xA1xA1]",
		"U1(AAA)xU1(AB)[A3xA1xA1]",
		"A1(B)[A3xA1xA1]",
		"A1(AA)[A3xA1xA1]",
		"A1(C)[A3xA1xA1]",
		"A1(AAA)[A3xA1xA1]",
		"A1(AB)[A3xA1xA1]",
		"U1(AC)[A3xA1xA1]",
		"U1(AA)[A3xA1xA1]",
		"U1(B)[A3xA1xA1]",
		"U1(AAA)[A3xA1xA1]",
		"U1(AAB)[A3xA1xA1]",
		"U1(AB)[A3xA1xA1]",
		"U1(C)[A3xA1xA1]"
	]
}
