{
	"id" : "(0,0,0,2,0)D5",
	"Group" : "D5",
	"HWeight" : [
		[
			0,
			0,
			0,
			2,
			0
		]
	],
	"dim" : 126,
	"real" : false,
	"label" : "126",
	"Casimir" : 12.5,
	"DynkinIndex" : 35,
	"conjugate" : 0,
	"congruency" : [
		[
			0,
			2
		]
	],
	"hasWeights" : true,
	"Weights" : [
		"(0,0,0,2,0)D5",
		"(0,0,1,0,0)D5",
		"(0,0,2,-2,0)D5",
		"(0,1,-1,1,1)D5",
		"(0,1,0,-1,1)D5",
		"(1,-1,0,1,1)D5",
		"(0,1,0,1,-1)D5",
		"(0,2,-2,0,2)D5",
		"(1,-1,1,-1,1)D5",
		"(0,1,1,-1,-1)D5",
		"(-1,0,0,1,1)D5",
		"(1,-1,1,1,-1)D5",
		"(-1,0,1,1,-1)D5",
		"(1,0,-1,2,0)D5",
		"(1,-1,2,-1,-1)D5",
		"(-1,0,1,-1,1)D5",
		"(0,2,-1,0,0)D5",
		"(1,0,-1,0,2)D5",
		"(-1,1,-1,2,0)D5",
		"(-1,0,2,-1,-1)D5",
		"(-1,1,-1,0,2)D5",
		"(1,0,0,0,0)D5",
		"(1,0,0,0,0)D5",
		"(1,0,0,0,0)D5",
		"(0,2,0,0,-2)D5",
		"(2,-2,0,0,2)D5",
		"(0,-1,0,0,2)D5",
		"(2,-2,1,0,0)D5",
		"(0,-1,0,2,0)D5",
		"(1,0,1,0,-2)D5",
		"(1,1,-2,1,1)D5",
		"(-1,1,0,0,0)D5",
		"(-1,1,0,0,0)D5",
		"(-1,1,0,0,0)D5",
		"(1,0,1,-2,0)D5",
		"(-1,1,1,-2,0)D5",
		"(1,1,-1,1,-1)D5",
		"(1,1,-1,-1,1)D5",
		"(-1,2,-2,1,1)D5",
		"(2,-1,-1,1,1)D5",
		"(-1,1,1,0,-2)D5",
		"(2,-2,2,0,-2)D5",
		"(0,-1,1,0,0)D5",
		"(0,-1,1,0,0)D5",
		"(0,-1,1,0,0)D5",
		"(-2,0,0,0,2)D5",
		"(1,1,0,-1,-1)D5",
		"(2,-1,0,-1,1)D5",
		"(0,-1,2,-2,0)D5",
		"(-1,2,-1,-1,1)D5",
		"(0,0,-1,1,1)D5",
		"(0,0,-1,1,1)D5",
		"(0,0,-1,1,1)D5",
		"(-1,2,-1,1,-1)D5",
		"(0,-1,2,0,-2)D5",
		"(-2,0,1,0,0)D5",
		"(2,-1,0,1,-1)D5",
		"(0,0,0,-1,1)D5",
		"(0,0,0,-1,1)D5",
		"(0,0,0,-1,1)D5",
		"(1,-2,0,1,1)D5",
		"(-1,2,0,-1,-1)D5",
		"(-2,0,2,0,-2)D5",
		"(2,-1,1,-1,-1)D5",
		"(-2,1,-1,1,1)D5",
		"(0,0,0,1,-1)D5",
		"(0,0,0,1,-1)D5",
		"(0,0,0,1,-1)D5",
		"(2,0,-2,2,0)D5",
		"(-2,1,0,-1,1)D5",
		"(1,-2,1,-1,1)D5",
		"(0,1,-2,0,2)D5",
		"(-1,-1,0,1,1)D5",
		"(2,0,-1,0,0)D5",
		"(0,1,-2,2,0)D5",
		"(0,0,1,-1,-1)D5",
		"(0,0,1,-1,-1)D5",
		"(0,0,1,-1,-1)D5",
		"(1,-2,1,1,-1)D5",
		"(-2,1,0,1,-1)D5",
		"(1,-1,-1,2,0)D5",
		"(1,-1,-1,0,2)D5",
		"(-1,-1,1,-1,1)D5",
		"(1,-2,2,-1,-1)D5",
		"(-2,2,-2,2,0)D5",
		"(0,1,-1,0,0)D5",
		"(0,1,-1,0,0)D5",
		"(0,1,-1,0,0)D5",
		"(-2,1,1,-1,-1)D5",
		"(-1,-1,1,1,-1)D5",
		"(2,0,0,-2,0)D5",
		"(-2,2,-1,0,0)D5",
		"(0,1,0,0,-2)D5",
		"(-1,0,-1,0,2)D5",
		"(0,1,0,-2,0)D5",
		"(-1,-1,2,-1,-1)D5",
		"(1,-1,0,0,0)D5",
		"(1,-1,0,0,0)D5",
		"(1,-1,0,0,0)D5",
		"(-1,0,-1,2,0)D5",
		"(-1,0,0,0,0)D5",
		"(-1,0,0,0,0)D5",
		"(-1,0,0,0,0)D5",
		"(1,-1,1,0,-2)D5",
		"(0,-2,0,2,0)D5",
		"(-2,2,0,-2,0)D5",
		"(1,0,-2,1,1)D5",
		"(1,-1,1,-2,0)D5",
		"(1,0,-1,-1,1)D5",
		"(0,-2,1,0,0)D5",
		"(-1,1,-2,1,1)D5",
		"(-1,0,1,0,-2)D5",
		"(1,0,-1,1,-1)D5",
		"(-1,0,1,-2,0)D5",
		"(0,-2,2,-2,0)D5",
		"(-1,1,-1,1,-1)D5",
		"(1,0,0,-1,-1)D5",
		"(0,-1,-1,1,1)D5",
		"(-1,1,-1,-1,1)D5",
		"(0,-1,0,-1,1)D5",
		"(-1,1,0,-1,-1)D5",
		"(0,-1,0,1,-1)D5",
		"(0,0,-2,0,2)D5",
		"(0,-1,1,-1,-1)D5",
		"(0,0,-1,0,0)D5",
		"(0,0,0,0,-2)D5"
	]
}
