{
	"id" : "(0,0,0,0,1)D5",
	"Group" : "D5",
	"HWeight" : [
		[
			0,
			0,
			0,
			0,
			1
		]
	],
	"dim" : 16,
	"real" : false,
	"label" : "16*",
	"Casimir" : 5.625,
	"DynkinIndex" : 2,
	"conjugate" : 1,
	"congruency" : [
		[
			1,
			1
		]
	],
	"hasWeights" : true,
	"Weights" : [
		"(0,0,0,0,1)D5",
		"(0,0,1,0,-1)D5",
		"(0,1,-1,1,0)D5",
		"(1,-1,0,1,0)D5",
		"(0,1,0,-1,0)D5",
		"(-1,0,0,1,0)D5",
		"(1,-1,1,-1,0)D5",
		"(-1,0,1,-1,0)D5",
		"(1,0,-1,0,1)D5",
		"(-1,1,-1,0,1)D5",
		"(1,0,0,0,-1)D5",
		"(0,-1,0,0,1)D5",
		"(-1,1,0,0,-1)D5",
		"(0,-1,1,0,-1)D5",
		"(0,0,-1,1,0)D5",
		"(0,0,0,-1,0)D5"
	]
}
