{
	"id" : "(0,1,0,0,0)D5",
	"Group" : "D5",
	"GroupRank" : 5,
	"HWeight" : [
		[
			0,
			1,
			0,
			0,
			0
		]
	],
	"nirreps" : 1,
	"dim" : 45,
	"real" : true,
	"label" : "45",
	"Casimir" : 8,
	"DynkinIndex" : 8,
	"conjugate" : 0,
	"congruency" : [
		[
			0,
			2
		]
	],
	"hasWeights" : true,
	"Weights" : [
		"(0,1,0,0,0)D5",
		"(1,-1,1,0,0)D5",
		"(1,0,-1,1,1)D5",
		"(-1,0,1,0,0)D5",
		"(-1,1,-1,1,1)D5",
		"(1,0,0,-1,1)D5",
		"(1,0,0,1,-1)D5",
		"(0,-1,0,1,1)D5",
		"(-1,1,0,-1,1)D5",
		"(-1,1,0,1,-1)D5",
		"(1,0,1,-1,-1)D5",
		"(0,-1,1,-1,1)D5",
		"(1,1,-1,0,0)D5",
		"(-1,1,1,-1,-1)D5",
		"(0,-1,1,1,-1)D5",
		"(0,0,-1,0,2)D5",
		"(0,-1,2,-1,-1)D5",
		"(0,0,-1,2,0)D5",
		"(-1,2,-1,0,0)D5",
		"(2,-1,0,0,0)D5",
		"(0,0,0,0,0)D5",
		"(0,0,0,0,0)D5",
		"(0,0,0,0,0)D5",
		"(0,0,0,0,0)D5",
		"(0,0,0,0,0)D5",
		"(0,1,-2,1,1)D5",
		"(0,0,1,-2,0)D5",
		"(1,-2,1,0,0)D5",
		"(-2,1,0,0,0)D5",
		"(0,0,1,0,-2)D5",
		"(0,1,-1,1,-1)D5",
		"(1,-1,-1,1,1)D5",
		"(0,1,-1,-1,1)D5",
		"(-1,-1,1,0,0)D5",
		"(0,1,0,-1,-1)D5",
		"(1,-1,0,-1,1)D5",
		"(-1,0,-1,1,1)D5",
		"(1,-1,0,1,-1)D5",
		"(-1,0,0,1,-1)D5",
		"(1,-1,1,-1,-1)D5",
		"(-1,0,0,-1,1)D5",
		"(-1,0,1,-1,-1)D5",
		"(1,0,-1,0,0)D5",
		"(-1,1,-1,0,0)D5",
		"(0,-1,0,0,0)D5"
	]
}
