{
	"id" : "(0,0,1,0,-1)A4xU1",
	"Group" : "A4(A)xU1(B)[D5]",
	"GroupRank" : 5,
	"HWeight" : [
		[
			0,
			0,
			1,
			0,
			-1
		]
	],
	"dim" : 10,
	"real" : false,
	"label" : "{10*, -1.000}",
	"nirreps" : 2,
	"Casimir" : [
		3.6,
		1
	],
	"DynkinIndex" : [
		1.5,
		10
	],
	"hasWeights" : true,
	"Weights" : [
		"(0,0,1,0,-1)A4xU1",
		"(0,1,-1,1,-1)A4xU1",
		"(1,-1,0,1,-1)A4xU1",
		"(0,1,0,-1,-1)A4xU1",
		"(-1,0,0,1,-1)A4xU1",
		"(1,-1,1,-1,-1)A4xU1",
		"(-1,0,1,-1,-1)A4xU1",
		"(1,0,-1,0,-1)A4xU1",
		"(-1,1,-1,0,-1)A4xU1",
		"(0,-1,0,0,-1)A4xU1"
	]
}
