{
	"id" : "(0,0,1,0,0.25)A4xU1",
	"Group" : "A4(A)xU1(B)[D5]",
	"GroupRank" : 5,
	"HWeight" : [
		[
			0,
			0,
			1,
			0,
			0.25
		]
	],
	"dim" : 10,
	"real" : false,
	"label" : "{10*, 0.250}",
	"nirreps" : 2,
	"Casimir" : [
		3.6,
		0.0625
	],
	"DynkinIndex" : [
		1.5,
		0.625
	],
	"hasWeights" : true,
	"Weights" : [
		"(0,0,1,0,0.25)A4xU1",
		"(0,1,-1,1,0.25)A4xU1",
		"(1,-1,0,1,0.25)A4xU1",
		"(0,1,0,-1,0.25)A4xU1",
		"(-1,0,0,1,0.25)A4xU1",
		"(1,-1,1,-1,0.25)A4xU1",
		"(-1,0,1,-1,0.25)A4xU1",
		"(1,0,-1,0,0.25)A4xU1",
		"(-1,1,-1,0,0.25)A4xU1",
		"(0,-1,0,0,0.25)A4xU1"
	]
}
