{
	"id" : "(1,0,0,1,0)A4xU1",
	"Group" : "A4xU1",
	"HWeight" : [
		[
			1,
			0,
			0,
			1,
			0
		]
	],
	"dim" : 24,
	"real" : true,
	"label" : "{24, 0.000}",
	"nirreps" : 2,
	"Casimir" : [
		5,
		0
	],
	"DynkinIndex" : [
		5,
		0
	],
	"hasWeights" : true,
	"Weights" : [
		"(1,0,0,1,0)A4xU1",
		"(-1,1,0,1,0)A4xU1",
		"(1,0,1,-1,0)A4xU1",
		"(0,-1,1,1,0)A4xU1",
		"(-1,1,1,-1,0)A4xU1",
		"(1,1,-1,0,0)A4xU1",
		"(0,0,-1,2,0)A4xU1",
		"(0,-1,2,-1,0)A4xU1",
		"(-1,2,-1,0,0)A4xU1",
		"(2,-1,0,0,0)A4xU1",
		"(0,0,0,0,0)A4xU1",
		"(0,0,0,0,0)A4xU1",
		"(0,0,0,0,0)A4xU1",
		"(0,0,0,0,0)A4xU1",
		"(0,0,1,-2,0)A4xU1",
		"(0,1,-2,1,0)A4xU1",
		"(1,-2,1,0,0)A4xU1",
		"(-2,1,0,0,0)A4xU1",
		"(0,1,-1,-1,0)A4xU1",
		"(1,-1,-1,1,0)A4xU1",
		"(-1,-1,1,0,0)A4xU1",
		"(1,-1,0,-1,0)A4xU1",
		"(-1,0,-1,1,0)A4xU1",
		"(-1,0,0,-1,0)A4xU1"
	]
}
