{
	"rank" : 4,
	"dim" : 8,
	"label" : "SU(2)xSU(2)xU(1)xU(1)",
	"simple" : false,
	"semisimple" : false,
	"ngroups" : 4,
	"nabelians" : 2,
	"Casimir" : [
		2,
		2,
		0,
		0
	],
	"repsMaxDim" : 50,
	"hasReps" : false,
	"hasSubgroups" : false,
	"Reps" : [],
	"Subgroups" : [],
	"id" : "A1(A)xA1(B)xU1(C)xU1(E)[A1xA1xU1xU1xU1]",
	"SuperGroups" : [
		{
			"A1(A)" : [
				{
					"A1(A)" : []
				}
			]
		},
		{
			"A1(B)" : [
				{
					"A1(B)" : []
				}
			]
		},
		{
			"U1(C)" : [
				{
					"U1(C)" : []
				}
			]
		},
		{
			"U1(D)" : []
		},
		{
			"U1(E)" : [
				{
					"U1(E)" : []
				}
			]
		}
	],
	"Projection" : [
		[
			1,
			0,
			0,
			0,
			0
		],
		[
			0,
			1,
			0,
			0,
			0
		],
		[
			0,
			0,
			1,
			0,
			0
		],
		[
			0,
			0,
			0,
			0,
			1
		]
	],
	"labels" : [
		"A",
		"B",
		"C",
		"E"
	],
	"maximal" : false,
	"regular" : true,
	"special" : false
}
