{
	"id" : "A4xU1",
	"rank" : 5,
	"dim" : 25,
	"label" : "SU(5)xU(1)",
	"simple" : false,
	"semisimple" : false,
	"ngroups" : 2,
	"nabelians" : 1,
	"Casimir" : [
		5,
		0
	],
	"repsMaxDim" : 50,
	"hasReps" : false,
	"hasSubgroups" : true,
	"Reps" : [],
	"Subgroups" : [
		"A3(AA)xU1(AB)xU1(B)[A4xU1]",
		"A2(AA)xA1(AB)xU1(AC)xU1(B)[A4xU1]",
		"A2(AAA)xU1(AAB)xU1(AB)xU1(B)[A4xU1]",
		"A2(AA)xU1(AB)xU1(AC)xU1(B)[A4xU1]",
		"A1(AAA)xA1(AAB)xU1(AAC)xU1(AB)xU1(B)[A4xU1]",
		"A1(AAA)xA1(AB)xU1(AAB)xU1(AC)xU1(B)[A4xU1]",
		"A1(AAAA)xU1(AAAB)xU1(AAB)xU1(AB)xU1(B)[A4xU1]",
		"A1(AAA)xU1(AAB)xU1(AAC)xU1(AB)xU1(B)[A4xU1]",
		"A1(AAB)xU1(AAA)xU1(AAC)xU1(AB)xU1(B)[A4xU1]",
		"A1(AAA)xU1(AAB)xU1(AB)xU1(AC)xU1(B)[A4xU1]",
		"A1(AB)xU1(AAA)xU1(AAB)xU1(AC)xU1(B)[A4xU1]",
		"U1(AAAA)xU1(AAAB)xU1(AAB)xU1(AB)xU1(B)[A4xU1]",
		"U1(AAA)xU1(AAB)xU1(AAC)xU1(AB)xU1(B)[A4xU1]",
		"U1(AAA)xU1(AAB)xU1(AB)xU1(AC)xU1(B)[A4xU1]",
		"A4(A)[A4xU1]",
		"A3(AA)xU1(AB)[A4xU1]",
		"A3(AA)xU1(B)[A4xU1]",
		"A2(AA)xA1(AB)xU1(B)[A4xU1]",
		"A2(AA)xA1(AB)xU1(AC)[A4xU1]",
		"A2(AA)xU1(AC)xU1(B)[A4xU1]",
		"A2(AA)xU1(AB)xU1(AC)[A4xU1]",
		"A2(AAA)xU1(AB)xU1(B)[A4xU1]",
		"A2(AAA)xU1(AAB)xU1(B)[A4xU1]",
		"A2(AAA)xU1(AAB)xU1(AB)[A4xU1]",
		"A2(AA)xU1(AB)xU1(B)[A4xU1]",
		"A1(AAA)xA1(AAB)xU1(AAC)xU1(B)[A4xU1]",
		"A1(AAA)xA1(AAB)xU1(AB)xU1(B)[A4xU1]",
		"A1(AAA)xA1(AAB)xU1(AAC)xU1(AB)[A4xU1]",
		"A1(AAA)xA1(AB)xU1(AC)xU1(B)[A4xU1]",
		"A1(AAA)xA1(AB)xU1(AAB)xU1(AC)[A4xU1]",
		"A1(AAA)xA1(AB)xU1(AAB)xU1(B)[A4xU1]",
		"A1(AAB)xU1(AAA)xU1(AB)xU1(B)[A4xU1]",
		"A1(AAB)xU1(AAC)xU1(AB)xU1(B)[A4xU1]",
		"A1(AAA)xU1(AAB)xU1(AAC)xU1(AB)[A4xU1]",
		"A1(AAAA)xU1(AAB)xU1(AB)xU1(B)[A4xU1]",
		"A1(AAA)xU1(AAB)xU1(AB)xU1(B)[A4xU1]",
		"A1(AAB)xU1(AAA)xU1(AAC)xU1(B)[A4xU1]",
		"A1(AAB)xU1(AAA)xU1(AAC)xU1(AB)[A4xU1]",
		"A1(AAAA)xU1(AAAB)xU1(AAB)xU1(B)[A4xU1]",
		"A1(AAAA)xU1(AAAB)xU1(AAB)xU1(AB)[A4xU1]",
		"A1(AAAA)xU1(AAAB)xU1(AB)xU1(B)[A4xU1]",
		"A1(AAA)xU1(AAB)xU1(AAC)xU1(B)[A4xU1]",
		"A1(AAA)xU1(AAC)xU1(AB)xU1(B)[A4xU1]",
		"A1(AB)xU1(AAA)xU1(AAB)xU1(B)[A4xU1]",
		"A1(AB)xU1(AAA)xU1(AC)xU1(B)[A4xU1]",
		"A1(AB)xU1(AAB)xU1(AC)xU1(B)[A4xU1]",
		"A1(AAA)xU1(AAB)xU1(AB)xU1(AC)[A4xU1]",
		"A1(AB)xU1(AAA)xU1(AAB)xU1(AC)[A4xU1]",
		"A1(AAA)xU1(AB)xU1(AC)xU1(B)[A4xU1]",
		"A1(AAA)xU1(AAB)xU1(AC)xU1(B)[A4xU1]",
		"U1(AAAA)xU1(AAAB)xU1(AAB)xU1(AB)[A4xU1]",
		"U1(AAAA)xU1(AAAB)xU1(AB)xU1(B)[A4xU1]",
		"U1(AAAB)xU1(AAB)xU1(AB)xU1(B)[A4xU1]",
		"U1(AAAA)xU1(AAAB)xU1(AAB)xU1(B)[A4xU1]",
		"U1(AAA)xU1(AAB)xU1(AAC)xU1(B)[A4xU1]",
		"U1(AAA)xU1(AAC)xU1(AB)xU1(B)[A4xU1]",
		"U1(AAA)xU1(AAB)xU1(AB)xU1(B)[A4xU1]",
		"U1(AAB)xU1(AAC)xU1(AB)xU1(B)[A4xU1]",
		"U1(AAAA)xU1(AAB)xU1(AB)xU1(B)[A4xU1]",
		"U1(AAA)xU1(AAB)xU1(AAC)xU1(AB)[A4xU1]",
		"U1(AAA)xU1(AB)xU1(AC)xU1(B)[A4xU1]",
		"U1(AAA)xU1(AAB)xU1(AB)xU1(AC)[A4xU1]",
		"U1(AAA)xU1(AAB)xU1(AC)xU1(B)[A4xU1]",
		"U1(AAB)xU1(AB)xU1(AC)xU1(B)[A4xU1]",
		"A3(AA)[A4xU1]",
		"A2(AA)xA1(AB)[A4xU1]",
		"A2(AAA)xU1(AAB)[A4xU1]",
		"A2(AAA)xU1(AB)[A4xU1]",
		"A2(AA)xU1(B)[A4xU1]",
		"A2(AA)xU1(AB)[A4xU1]",
		"A2(AA)xU1(AC)[A4xU1]",
		"A2(AAA)xU1(B)[A4xU1]",
		"A1(AAA)xA1(AAB)xU1(B)[A4xU1]",
		"A1(AAA)xA1(AAB)xU1(AAC)[A4xU1]",
		"A1(AAA)xA1(AAB)xU1(AB)[A4xU1]",
		"A1(AAA)xA1(AB)xU1(AAB)[A4xU1]",
		"A1(AAA)xA1(AB)xU1(AC)[A4xU1]",
		"A1(AAA)xA1(AB)xU1(B)[A4xU1]",
		"A1(AAA)xU1(AB)xU1(B)[A4xU1]",
		"A1(AAB)xU1(AAA)xU1(AB)[A4xU1]",
		"A1(AAB)xU1(AB)xU1(B)[A4xU1]",
		"A1(AAB)xU1(AAC)xU1(AB)[A4xU1]",
		"A1(AAB)xU1(AAA)xU1(B)[A4xU1]",
		"A1(AAB)xU1(AAC)xU1(B)[A4xU1]",
		"A1(AAA)xU1(AAC)xU1(AB)[A4xU1]",
		"A1(AAA)xU1(AAB)xU1(AB)[A4xU1]",
		"A1(AAA)xU1(AAB)xU1(AAC)[A4xU1]",
		"A1(AAA)xU1(AAC)xU1(B)[A4xU1]",
		"A1(AAAA)xU1(AB)xU1(B)[A4xU1]",
		"A1(AAAA)xU1(AAAB)xU1(AB)[A4xU1]",
		"A1(AAAA)xU1(AAB)xU1(AB)[A4xU1]",
		"A1(AAAA)xU1(AAAB)xU1(B)[A4xU1]",
		"A1(AAAA)xU1(AAB)xU1(B)[A4xU1]",
		"A1(AAAA)xU1(AAAB)xU1(AAB)[A4xU1]",
		"A1(AAB)xU1(AAA)xU1(AAC)[A4xU1]",
		"A1(AAA)xU1(AAB)xU1(B)[A4xU1]",
		"A1(AAA)xU1(AC)xU1(B)[A4xU1]",
		"A1(AAA)xU1(AAB)xU1(AC)[A4xU1]",
		"A1(AB)xU1(AAB)xU1(B)[A4xU1]",
		"A1(AAA)xU1(AB)xU1(AC)[A4xU1]",
		"A1(AB)xU1(AC)xU1(B)[A4xU1]",
		"A1(AB)xU1(AAA)xU1(AAB)[A4xU1]",
		"A1(AB)xU1(AAA)xU1(AC)[A4xU1]",
		"A1(AB)xU1(AAB)xU1(AC)[A4xU1]",
		"A1(AB)xU1(AAA)xU1(B)[A4xU1]",
		"U1(AAAA)xU1(AAAB)xU1(AB)[A4xU1]",
		"U1(AAC)xU1(AB)xU1(B)[A4xU1]",
		"U1(AAA)xU1(AAC)xU1(B)[A4xU1]",
		"U1(AAB)xU1(AAC)xU1(B)[A4xU1]",
		"U1(AAA)xU1(AAB)xU1(AAC)[A4xU1]",
		"U1(AAA)xU1(AAB)xU1(AB)[A4xU1]",
		"U1(AAA)xU1(AAC)xU1(AB)[A4xU1]",
		"U1(AAA)xU1(AAB)xU1(B)[A4xU1]",
		"U1(AAA)xU1(AB)xU1(B)[A4xU1]",
		"U1(AAAA)xU1(AB)xU1(B)[A4xU1]",
		"U1(AAB)xU1(AB)xU1(B)[A4xU1]",
		"U1(AAAB)xU1(AAB)xU1(B)[A4xU1]",
		"U1(AAAA)xU1(AAB)xU1(B)[A4xU1]",
		"U1(AAAA)xU1(AAAB)xU1(B)[A4xU1]",
		"U1(AAAB)xU1(AAB)xU1(AB)[A4xU1]",
		"U1(AAAA)xU1(AAB)xU1(AB)[A4xU1]",
		"U1(AAAA)xU1(AAAB)xU1(AAB)[A4xU1]",
		"U1(AAAB)xU1(AB)xU1(B)[A4xU1]",
		"U1(AAB)xU1(AAC)xU1(AB)[A4xU1]",
		"U1(AB)xU1(AC)xU1(B)[A4xU1]",
		"U1(AAB)xU1(AC)xU1(B)[A4xU1]",
		"U1(AAB)xU1(AB)xU1(AC)[A4xU1]",
		"U1(AAA)xU1(AB)xU1(AC)[A4xU1]",
		"U1(AAA)xU1(AAB)xU1(AC)[A4xU1]",
		"U1(AAA)xU1(AC)xU1(B)[A4xU1]",
		"A2(AAA)[A4xU1]",
		"A2(AA)[A4xU1]",
		"A1(AAA)xA1(AB)[A4xU1]",
		"A1(AAA)xA1(AAB)[A4xU1]",
		"A1(AAB)xU1(AAC)[A4xU1]",
		"A1(AAB)xU1(AB)[A4xU1]",
		"A1(AAB)xU1(B)[A4xU1]",
		"A1(AAA)xU1(AAB)[A4xU1]",
		"A1(AAA)xU1(AAC)[A4xU1]",
		"A1(AAA)xU1(AB)[A4xU1]",
		"A1(AAA)xU1(B)[A4xU1]",
		"A1(AAAA)xU1(B)[A4xU1]",
		"A1(AAAA)xU1(AB)[A4xU1]",
		"A1(AB)xU1(AC)[A4xU1]",
		"A1(AB)xU1(AAB)[A4xU1]",
		"A1(AB)xU1(AAA)[A4xU1]",
		"A1(AAA)xU1(AC)[A4xU1]",
		"A1(AB)xU1(B)[A4xU1]",
		"A1(AAAA)xU1(AAAB)[A4xU1]",
		"A1(AAB)xU1(AAA)[A4xU1]",
		"A1(AAAA)xU1(AAB)[A4xU1]",
		"U1(AAB)xU1(B)[A4xU1]",
		"U1(AAC)xU1(B)[A4xU1]",
		"U1(AB)xU1(AC)[A4xU1]",
		"U1(AC)xU1(B)[A4xU1]",
		"U1(AAA)xU1(AC)[A4xU1]",
		"U1(AAB)xU1(AC)[A4xU1]",
		"U1(AAA)xU1(B)[A4xU1]",
		"U1(AAAA)xU1(B)[A4xU1]",
		"U1(AB)xU1(B)[A4xU1]",
		"U1(AAAA)xU1(AAAB)[A4xU1]",
		"U1(AAAA)xU1(AAB)[A4xU1]",
		"U1(AAAB)xU1(AAB)[A4xU1]",
		"U1(AAAA)xU1(AB)[A4xU1]",
		"U1(AAAB)xU1(AB)[A4xU1]",
		"U1(AAAB)xU1(B)[A4xU1]",
		"U1(AAB)xU1(AB)[A4xU1]",
		"U1(AAA)xU1(AAB)[A4xU1]",
		"U1(AAB)xU1(AAC)[A4xU1]",
		"U1(AAA)xU1(AB)[A4xU1]",
		"U1(AAA)xU1(AAC)[A4xU1]",
		"U1(AAC)xU1(AB)[A4xU1]",
		"A1(AAB)[A4xU1]",
		"A1(AAAA)[A4xU1]",
		"A1(AAA)[A4xU1]",
		"A1(AB)[A4xU1]",
		"U1(AB)[A4xU1]",
		"U1(AAC)[A4xU1]",
		"U1(AAA)[A4xU1]",
		"U1(B)[A4xU1]",
		"U1(AAAA)[A4xU1]",
		"U1(AAAB)[A4xU1]",
		"U1(AC)[A4xU1]",
		"U1(AAB)[A4xU1]"
	]
}
