{
	"id" : "(1,0,1)A3",
	"Group" : "A3",
	"GroupRank" : 3,
	"HWeight" : [
		[
			1,
			0,
			1
		]
	],
	"nirreps" : 1,
	"dim" : 15,
	"real" : false,
	"label" : "15*",
	"Casimir" : 4,
	"DynkinIndex" : 4,
	"conjugate" : 1,
	"congruency" : [
		[
			1
		]
	],
	"hasWeights" : true,
	"Weights" : [
		"(1,0,1)A3",
		"(-1,1,1)A3",
		"(1,1,-1)A3",
		"(0,-1,2)A3",
		"(-1,2,-1)A3",
		"(2,-1,0)A3",
		"(0,0,0)A3",
		"(0,0,0)A3",
		"(0,0,0)A3",
		"(0,1,-2)A3",
		"(1,-2,1)A3",
		"(-2,1,0)A3",
		"(1,-1,-1)A3",
		"(-1,-1,1)A3",
		"(-1,0,-1)A3"
	]
}
