{
	"rank" : 4,
	"dim" : 6,
	"label" : "SU(2)xU(1)xU(1)xU(1)",
	"simple" : false,
	"semisimple" : false,
	"ngroups" : 4,
	"nabelians" : 3,
	"Casimir" : [
		2,
		0,
		0,
		0
	],
	"repsMaxDim" : 50,
	"hasReps" : false,
	"hasSubgroups" : false,
	"Reps" : [],
	"Subgroups" : [],
	"id" : "A1(AB)xU1(AC)xU1(B)xU1(C)[A3xA1xU1]",
	"SuperGroups" : [
		{
			"A3(A)" : [
				{
					"A1(AA)" : []
				},
				{
					"U1(AC)" : []
				}
			]
		},
		{
			"A1(B)" : [
				{
					"U1(B)" : []
				}
			]
		},
		{
			"U1(C)" : [
				{
					"U1(C)" : []
				}
			]
		}
	],
	"Projection" : [
		[
			0,
			0,
			-1,
			0,
			0
		],
		[
			-0.5,
			-1,
			-0.5,
			0,
			0
		],
		[
			0,
			0,
			0,
			0.5,
			0
		],
		[
			0,
			0,
			0,
			0,
			1
		]
	],
	"labels" : [
		"AB",
		"AC",
		"B",
		"C"
	],
	"maximal" : true,
	"regular" : true,
	"special" : false
}
