{
	"rank" : 3,
	"dim" : 9,
	"label" : "SU(3)xU(1)",
	"simple" : false,
	"semisimple" : false,
	"ngroups" : 2,
	"nabelians" : 1,
	"Casimir" : [
		3,
		0
	],
	"repsMaxDim" : 50,
	"hasReps" : false,
	"hasSubgroups" : false,
	"Reps" : [],
	"Subgroups" : [],
	"id" : "A2(AA)xU1(C)[A3xA1xU1]",
	"SuperGroups" : [
		{
			"A3(A)" : [
				{
					"A2(AA)" : []
				}
			]
		},
		{
			"A1(B)" : []
		},
		{
			"U1(C)" : [
				{
					"U1(C)" : []
				}
			]
		}
	],
	"Projection" : [
		[
			0,
			1,
			0,
			0,
			0
		],
		[
			0,
			0,
			1,
			0,
			0
		],
		[
			0,
			0,
			0,
			0,
			1
		]
	],
	"labels" : [
		"AA",
		"C"
	],
	"maximal" : true,
	"regular" : true,
	"special" : false
}
