{
	"rank" : 2,
	"dim" : 2,
	"label" : "U(1)xU(1)",
	"simple" : false,
	"semisimple" : false,
	"ngroups" : 2,
	"nabelians" : 2,
	"Casimir" : [
		0,
		0
	],
	"repsMaxDim" : 50,
	"hasReps" : false,
	"hasSubgroups" : false,
	"Reps" : [],
	"Subgroups" : [],
	"id" : "U1(AC)xU1(B)[A3xA1xU1]",
	"SuperGroups" : [
		{
			"A3(A)" : [
				{
					"U1(AC)" : []
				}
			]
		},
		{
			"A1(B)" : [
				{
					"U1(B)" : []
				}
			]
		},
		{
			"U1(C)" : []
		}
	],
	"Projection" : [
		[
			-0.5,
			-1,
			-0.5,
			0,
			0
		],
		[
			0,
			0,
			0,
			0.5,
			0
		]
	],
	"labels" : [
		"AC",
		"B"
	],
	"maximal" : true,
	"regular" : true,
	"special" : false
}
