{
	"rank" : 2,
	"dim" : 2,
	"label" : "U(1)xU(1)",
	"simple" : false,
	"semisimple" : false,
	"ngroups" : 2,
	"nabelians" : 2,
	"Casimir" : [
		0,
		0
	],
	"repsMaxDim" : 50,
	"hasReps" : false,
	"hasSubgroups" : false,
	"Reps" : [],
	"Subgroups" : [],
	"id" : "U1(AB)xU1(B)[A3xA1xU1]",
	"SuperGroups" : [
		{
			"A3(A)" : [
				{
					"A1(AA)" : [
						{
							"U1(AA)" : [
								{
									"U1(A)" : []
								}
							]
						}
					]
				}
			]
		},
		{
			"A1(B)" : [
				{
					"U1(B)" : [
						{
							"U1(B)" : [
								{
									"U1(D)" : []
								}
							]
						}
					]
				}
			]
		},
		{
			"U1(C)" : []
		}
	],
	"Projection" : [
		[
			0,
			0,
			-0.5,
			0,
			0
		],
		[
			0,
			0,
			0,
			0.5,
			0
		]
	],
	"labels" : [
		"AB",
		"B"
	],
	"maximal" : false,
	"regular" : true,
	"special" : false
}
