{
	"rank" : 3,
	"dim" : 5,
	"label" : "SU(2)xU(1)xU(1)",
	"simple" : false,
	"semisimple" : false,
	"ngroups" : 3,
	"nabelians" : 2,
	"Casimir" : [
		2,
		0,
		0
	],
	"repsMaxDim" : 50,
	"hasReps" : false,
	"hasSubgroups" : false,
	"Reps" : [],
	"Subgroups" : [],
	"id" : "A1(B)xU1(C)xU1(D)[A1xA1xA1xA1xU1]",
	"SuperGroups" : [
		{
			"A1(A)" : [
				{
					"A1(A)" : []
				}
			]
		},
		{
			"A1(B)" : []
		},
		{
			"A1(C)" : [
				{
					"U1(C)" : []
				}
			]
		},
		{
			"A1(D)" : [
				{
					"U1(D)" : []
				}
			]
		},
		{
			"U1(E)" : []
		}
	],
	"Projection" : [
		[
			0,
			1,
			0,
			0,
			0
		],
		[
			0,
			0,
			0.5,
			0,
			0
		],
		[
			0,
			0,
			0,
			0.5,
			0
		]
	],
	"labels" : [
		"B",
		"C",
		"D"
	],
	"maximal" : true,
	"regular" : true,
	"special" : false
}
