{
	"rank" : 1,
	"type" : "A",
	"dim" : 3,
	"order" : 2,
	"label" : "SU(2)",
	"abelian" : false,
	"Cartan" : [
		[
			2
		]
	],
	"G" : [
		[
			0.5
		]
	],
	"Casimir" : 2,
	"repsMaxDim" : 50,
	"hasReps" : false,
	"hasSubgroups" : false,
	"Reps" : [],
	"Subgroups" : [],
	"id" : "A1(B)[A1xA1xA1xA1xU1]",
	"SuperGroups" : [
		{
			"A1(A)" : [
				{
					"A1(A)" : []
				}
			]
		},
		{
			"A1(B)" : []
		},
		{
			"A1(C)" : []
		},
		{
			"A1(D)" : []
		},
		{
			"U1(E)" : []
		}
	],
	"Projection" : [
		[
			0,
			1,
			0,
			0,
			0
		]
	],
	"labels" : [
		"B"
	],
	"maximal" : true,
	"regular" : true,
	"special" : false
}
