{
	"rank" : 1,
	"type" : "U",
	"dim" : 1,
	"order" : 1,
	"label" : "U(1)",
	"abelian" : true,
	"Cartan" : [
		[
			1
		]
	],
	"G" : [
		[
			1
		]
	],
	"Casimir" : 0,
	"repsMaxDim" : 50,
	"hasReps" : false,
	"hasSubgroups" : false,
	"Reps" : [],
	"Subgroups" : [],
	"id" : "U1(A)[A1xA1xA1xA1xU1]",
	"SuperGroups" : [
		{
			"A1(A)" : [
				{
					"U1(A)" : []
				}
			]
		},
		{
			"A1(B)" : []
		},
		{
			"A1(C)" : []
		},
		{
			"A1(D)" : []
		},
		{
			"U1(E)" : []
		}
	],
	"Projection" : [
		[
			0.5,
			0,
			0,
			0,
			0
		]
	],
	"labels" : [
		"A"
	],
	"maximal" : true,
	"regular" : true,
	"special" : false
}
