{
	"rank" : 2,
	"dim" : 2,
	"label" : "U(1)xU(1)",
	"simple" : false,
	"semisimple" : false,
	"ngroups" : 2,
	"nabelians" : 2,
	"Casimir" : [
		0,
		0
	],
	"repsMaxDim" : 50,
	"hasReps" : false,
	"hasSubgroups" : false,
	"Reps" : [],
	"Subgroups" : [],
	"id" : "U1(C)xU1(E)[A1xA1xA1xA1xU1]",
	"SuperGroups" : [
		{
			"A1(A)" : []
		},
		{
			"A1(B)" : []
		},
		{
			"A1(C)" : [
				{
					"U1(C)" : []
				}
			]
		},
		{
			"A1(D)" : []
		},
		{
			"U1(E)" : [
				{
					"U1(E)" : []
				}
			]
		}
	],
	"Projection" : [
		[
			0,
			0,
			0.5,
			0,
			0
		],
		[
			0,
			0,
			0,
			0,
			1
		]
	],
	"labels" : [
		"C",
		"E"
	],
	"maximal" : true,
	"regular" : true,
	"special" : false
}
