{
	"rank" : 3,
	"dim" : 9,
	"label" : "SU(2)xSU(2)xSU(2)",
	"simple" : false,
	"semisimple" : true,
	"ngroups" : 3,
	"nabelians" : 0,
	"Casimir" : [
		2,
		2,
		2
	],
	"repsMaxDim" : 50,
	"hasReps" : false,
	"hasSubgroups" : false,
	"Reps" : [],
	"Subgroups" : [],
	"id" : "A1(AA)xA1(B)xA1(C)[A2xA1xA1xU1]",
	"SuperGroups" : [
		{
			"A2(A)" : [
				{
					"A1(AA)" : []
				},
				{
					"A1(AB)" : []
				}
			]
		},
		{
			"A1(B)" : [
				{
					"A1(B)" : []
				}
			]
		},
		{
			"A1(C)" : []
		},
		{
			"U1(D)" : []
		}
	],
	"Projection" : [
		[
			0,
			-1,
			0,
			0,
			0
		],
		[
			0,
			0,
			1,
			0,
			0
		],
		[
			0,
			0,
			0,
			1,
			0
		]
	],
	"labels" : [
		"AA",
		"B",
		"C"
	],
	"maximal" : true,
	"regular" : true,
	"special" : false
}
