{
	"rank" : 2,
	"dim" : 4,
	"label" : "SU(2)xU(1)",
	"simple" : false,
	"semisimple" : false,
	"ngroups" : 2,
	"nabelians" : 1,
	"Casimir" : [
		2,
		0
	],
	"repsMaxDim" : 50,
	"hasReps" : false,
	"hasSubgroups" : false,
	"Reps" : [],
	"Subgroups" : [],
	"id" : "A1(B)xU1(AA)[A2xA1xA1xU1]",
	"SuperGroups" : [
		{
			"A2(A)" : [
				{
					"A1(AA)" : [
						{
							"A1(AA)" : []
						}
					]
				},
				{
					"U1(AB)" : [
						{
							"U1(AB)" : []
						}
					]
				}
			]
		},
		{
			"A1(B)" : []
		},
		{
			"A1(C)" : []
		},
		{
			"U1(D)" : []
		}
	],
	"Projection" : [
		[
			0,
			0,
			1,
			0,
			0
		],
		[
			0,
			-0.5,
			0,
			0,
			0
		]
	],
	"labels" : [
		"B",
		"AA"
	],
	"maximal" : false,
	"regular" : true,
	"special" : false
}
