{
	"rank" : 4,
	"dim" : 12,
	"label" : "SU(3)xSU(2)xU(1)",
	"simple" : false,
	"semisimple" : false,
	"ngroups" : 3,
	"nabelians" : 1,
	"Casimir" : [
		3,
		2,
		0
	],
	"repsMaxDim" : 50,
	"hasReps" : false,
	"hasSubgroups" : false,
	"Reps" : [],
	"Subgroups" : [],
	"id" : "A2(A)xA1(B)xU1(D+C)[A2xA1xA1xU1]",
	"SuperGroups" : [
		{
			"A2(A)" : [
				{
					"A2(A)" : []
				}
			]
		},
		{
			"A1(B)" : [
				{
					"A1(B)" : []
				}
			]
		},
		{
			"A1(C)" : []
		},
		{
			"U1(D)" : [
				{
					"U1(D)" : []
				}
			]
		}
	],
	"Projection" : [
		[
			1,
			0,
			0,
			0,
			0
		],
		[
			0,
			1,
			0,
			0,
			0
		],
		[
			0,
			0,
			1,
			0,
			0
		],
		[
			0,
			0,
			0,
			0,
			1
		]
	],
	"labels" : [
		"A",
		"B",
		"D+C"
	],
	"maximal" : true,
	"regular" : true,
	"special" : false
}
