{
	"rank" : 3,
	"dim" : 5,
	"label" : "SU(2)xU(1)xU(1)",
	"simple" : false,
	"semisimple" : false,
	"ngroups" : 3,
	"nabelians" : 2,
	"Casimir" : [
		2,
		0,
		0
	],
	"repsMaxDim" : 50,
	"hasReps" : false,
	"hasSubgroups" : false,
	"Reps" : [],
	"Subgroups" : [],
	"id" : "A1(AA)xU1(AB)xU1(B)[A2xU1xU1xU1]",
	"SuperGroups" : [
		{
			"A2(A)" : [
				{
					"A1(AA)" : []
				},
				{
					"U1(AB)" : []
				}
			]
		},
		{
			"U1(B)" : [
				{
					"U1(B)" : []
				}
			]
		},
		{
			"U1(C)" : []
		},
		{
			"U1(D)" : []
		}
	],
	"Projection" : [
		[
			0,
			-1,
			0,
			0,
			0
		],
		[
			-0.666667,
			-0.333333,
			0,
			0,
			0
		],
		[
			0,
			0,
			1,
			0,
			0
		]
	],
	"labels" : [
		"AA",
		"AB",
		"B"
	],
	"maximal" : true,
	"regular" : true,
	"special" : false
}
