{
	"rank" : 1,
	"type" : "U",
	"dim" : 1,
	"order" : 1,
	"label" : "U(1)",
	"abelian" : true,
	"Cartan" : [
		[
			1
		]
	],
	"G" : [
		[
			1
		]
	],
	"Casimir" : 0,
	"repsMaxDim" : 50,
	"hasReps" : false,
	"hasSubgroups" : false,
	"Reps" : [],
	"Subgroups" : [],
	"id" : "U1(AB)[A2xU1xU1xU1]",
	"SuperGroups" : [
		{
			"A2(A)" : [
				{
					"U1(AB)" : []
				}
			]
		},
		{
			"U1(B)" : []
		},
		{
			"U1(C)" : []
		},
		{
			"U1(D)" : []
		}
	],
	"Projection" : [
		[
			-0.666667,
			-0.333333,
			0,
			0,
			0
		]
	],
	"labels" : [
		"AB"
	],
	"maximal" : true,
	"regular" : true,
	"special" : false
}
