{
	"id" : "(0,1,0,0)D4",
	"Group" : "D4",
	"HWeight" : [
		[
			0,
			1,
			0,
			0
		]
	],
	"dim" : 28,
	"real" : true,
	"label" : "28",
	"Casimir" : 6,
	"DynkinIndex" : 6,
	"conjugate" : 0,
	"congruency" : [
		[
			0,
			2
		]
	],
	"hasWeights" : true,
	"Weights" : [
		"(0,1,0,0)D4",
		"(1,-1,1,1)D4",
		"(-1,0,1,1)D4",
		"(1,0,-1,1)D4",
		"(1,0,1,-1)D4",
		"(-1,1,-1,1)D4",
		"(-1,1,1,-1)D4",
		"(1,1,-1,-1)D4",
		"(0,-1,0,2)D4",
		"(-1,2,-1,-1)D4",
		"(0,-1,2,0)D4",
		"(2,-1,0,0)D4",
		"(0,0,0,0)D4",
		"(0,0,0,0)D4",
		"(0,0,0,0)D4",
		"(0,0,0,0)D4",
		"(0,1,0,-2)D4",
		"(1,-2,1,1)D4",
		"(0,1,-2,0)D4",
		"(-2,1,0,0)D4",
		"(1,-1,1,-1)D4",
		"(-1,-1,1,1)D4",
		"(1,-1,-1,1)D4",
		"(-1,0,1,-1)D4",
		"(1,0,-1,-1)D4",
		"(-1,0,-1,1)D4",
		"(-1,1,-1,-1)D4",
		"(0,-1,0,0)D4"
	]
}
