{
	"id" : "(0,0,1,0,1)A3xA1xA1",
	"Group" : "A3(A)xA1(B)xA1(C)[D5]",
	"GroupRank" : 5,
	"HWeight" : [
		[
			0,
			0,
			1,
			0,
			1
		]
	],
	"dim" : 8,
	"real" : false,
	"label" : "{4*, 1, 2}",
	"nirreps" : 3,
	"Casimir" : [
		1.875,
		0,
		0.75
	],
	"DynkinIndex" : [
		1,
		0,
		2
	],
	"hasWeights" : true,
	"Weights" : [
		"(0,0,1,0,1)A3xA1xA1",
		"(0,0,1,0,-1)A3xA1xA1",
		"(0,1,-1,0,1)A3xA1xA1",
		"(0,1,-1,0,-1)A3xA1xA1",
		"(1,-1,0,0,1)A3xA1xA1",
		"(1,-1,0,0,-1)A3xA1xA1",
		"(-1,0,0,0,1)A3xA1xA1",
		"(-1,0,0,0,-1)A3xA1xA1"
	]
}
