{
	"id" : "(0,1,0,1,1)A3xA1xA1",
	"Group" : "A3xA1xA1",
	"HWeight" : [
		[
			0,
			1,
			0,
			1,
			1
		]
	],
	"dim" : 24,
	"real" : true,
	"label" : "{6, 2, 2}",
	"nirreps" : 3,
	"Casimir" : [
		2.5,
		0.75,
		0.75
	],
	"DynkinIndex" : [
		4,
		6,
		6
	],
	"hasWeights" : true,
	"Weights" : [
		"(0,1,0,1,1)A3xA1xA1",
		"(0,1,0,1,-1)A3xA1xA1",
		"(0,1,0,-1,1)A3xA1xA1",
		"(0,1,0,-1,-1)A3xA1xA1",
		"(1,-1,1,1,1)A3xA1xA1",
		"(1,-1,1,1,-1)A3xA1xA1",
		"(1,-1,1,-1,1)A3xA1xA1",
		"(1,-1,1,-1,-1)A3xA1xA1",
		"(-1,0,1,1,1)A3xA1xA1",
		"(-1,0,1,1,-1)A3xA1xA1",
		"(-1,0,1,-1,1)A3xA1xA1",
		"(-1,0,1,-1,-1)A3xA1xA1",
		"(1,0,-1,1,1)A3xA1xA1",
		"(1,0,-1,1,-1)A3xA1xA1",
		"(1,0,-1,-1,1)A3xA1xA1",
		"(1,0,-1,-1,-1)A3xA1xA1",
		"(-1,1,-1,1,1)A3xA1xA1",
		"(-1,1,-1,1,-1)A3xA1xA1",
		"(-1,1,-1,-1,1)A3xA1xA1",
		"(-1,1,-1,-1,-1)A3xA1xA1",
		"(0,-1,0,1,1)A3xA1xA1",
		"(0,-1,0,1,-1)A3xA1xA1",
		"(0,-1,0,-1,1)A3xA1xA1",
		"(0,-1,0,-1,-1)A3xA1xA1"
	]
}
