{
	"id" : "(1,0,1,0,0)A3xA1xA1",
	"Group" : "A3xA1xA1",
	"HWeight" : [
		[
			1,
			0,
			1,
			0,
			0
		]
	],
	"dim" : 15,
	"real" : true,
	"label" : "{15, 1, 1}",
	"nirreps" : 3,
	"Casimir" : [
		4,
		0,
		0
	],
	"DynkinIndex" : [
		4,
		0,
		0
	],
	"hasWeights" : true,
	"Weights" : [
		"(1,0,1,0,0)A3xA1xA1",
		"(-1,1,1,0,0)A3xA1xA1",
		"(1,1,-1,0,0)A3xA1xA1",
		"(0,-1,2,0,0)A3xA1xA1",
		"(-1,2,-1,0,0)A3xA1xA1",
		"(2,-1,0,0,0)A3xA1xA1",
		"(0,0,0,0,0)A3xA1xA1",
		"(0,0,0,0,0)A3xA1xA1",
		"(0,0,0,0,0)A3xA1xA1",
		"(0,1,-2,0,0)A3xA1xA1",
		"(1,-2,1,0,0)A3xA1xA1",
		"(-2,1,0,0,0)A3xA1xA1",
		"(1,-1,-1,0,0)A3xA1xA1",
		"(-1,-1,1,0,0)A3xA1xA1",
		"(-1,0,-1,0,0)A3xA1xA1"
	]
}
