{
	"rank" : 3,
	"dim" : 11,
	"label" : "SU(3)xSU(2)",
	"simple" : false,
	"semisimple" : true,
	"ngroups" : 2,
	"nabelians" : 0,
	"Casimir" : [
		3,
		2
	],
	"repsMaxDim" : 50,
	"hasReps" : false,
	"hasSubgroups" : false,
	"Reps" : [],
	"Subgroups" : [],
	"id" : "A2(A)xA1(B)[A2xA1xU1]",
	"SuperGroups" : [
		{
			"A2(A)" : [
				{
					"A2(A)" : []
				}
			]
		},
		{
			"A1(B)" : [
				{
					"A1(B)" : []
				}
			]
		},
		{
			"U1(C)" : []
		}
	],
	"Projection" : [
		[
			1,
			0,
			0,
			0
		],
		[
			0,
			1,
			0,
			0
		],
		[
			0,
			0,
			1,
			0
		]
	],
	"labels" : [
		"A",
		"B"
	],
	"maximal" : false,
	"regular" : true,
	"special" : false
}
