{
	"ncouplings" : 4,
	"bSUSY" : [
		[
			69,
			10.500001,
			3.500001
		],
		[
			69,
			9,
			4.5
		],
		[
			69,
			17,
			8.9
		],
		[
			69,
			12,
			8.9
		]
	],
	"bSM" : [
		[
			3.666667,
			-2.499999,
			-4.833333
		],
		[
			3.666667,
			-0.333333,
			-1.833333
		],
		[
			3.666667,
			2.333333,
			4.966667
		],
		[
			3.666667,
			6,
			4.966667
		]
	],
	"Mixing" : [
		[
			0,
			0,
			0
		],
		[
			0,
			0,
			0
		],
		[
			0,
			-0.774597,
			0
		],
		[
			0,
			0.632456,
			0
		]
	]
}
