{
	"ncouplings" : 4,
	"bSUSY" : [
		[
			69,
			6.500002,
			0.500001
		],
		[
			69,
			4,
			2.5
		],
		[
			69,
			18,
			17.9
		],
		[
			69,
			21.5,
			17.9
		]
	],
	"bSM" : [
		[
			3.666667,
			-3.833332,
			-5.833333
		],
		[
			3.666667,
			-2,
			-2.5
		],
		[
			3.666667,
			2.666667,
			7.966667
		],
		[
			3.666667,
			9.166667,
			7.966667
		]
	],
	"Mixing" : [
		[
			0,
			0,
			0
		],
		[
			0,
			0,
			0
		],
		[
			0,
			-0.774597,
			0
		],
		[
			0,
			0.632456,
			0
		]
	]
}
