{
	"ncouplings" : 4,
	"bSUSY" : [
		[
			69,
			6.500002,
			0.500001
		],
		[
			69,
			4,
			2
		],
		[
			69,
			18,
			9.2
		],
		[
			69,
			15.5,
			9.2
		]
	],
	"bSM" : [
		[
			3.666667,
			-3.833332,
			-5.833333
		],
		[
			3.666667,
			-2,
			-2.666667
		],
		[
			3.666667,
			2.666667,
			5.066667
		],
		[
			3.666667,
			7.166667,
			5.066667
		]
	],
	"Mixing" : [
		[
			0,
			0,
			0
		],
		[
			0,
			0,
			0
		],
		[
			0,
			-0.774597,
			0
		],
		[
			0,
			0.632456,
			0
		]
	]
}
