{
	"ncouplings" : 4,
	"bSUSY" : [
		[
			69,
			0.500001,
			-1.999999
		],
		[
			69,
			4,
			0.5
		],
		[
			69,
			12,
			9.7
		],
		[
			69,
			14,
			9.7
		]
	],
	"bSM" : [
		[
			3.666667,
			-5.833333,
			-6.666666
		],
		[
			3.666667,
			-2,
			-3.166667
		],
		[
			3.666667,
			0.666667,
			5.233333
		],
		[
			3.666667,
			6.666667,
			5.233333
		]
	],
	"Mixing" : [
		[
			0,
			0,
			0
		],
		[
			0,
			0,
			0
		],
		[
			0,
			-0.774597,
			0
		],
		[
			0,
			0.632456,
			0
		]
	]
}
