{
	"ncouplings" : 4,
	"bSUSY" : [
		[
			69,
			1,
			-0.999999
		],
		[
			69,
			7,
			3.5
		],
		[
			69,
			9,
			16.1
		],
		[
			69,
			26.5,
			16.1
		]
	],
	"bSM" : [
		[
			3.666667,
			-5.666666,
			-6.333333
		],
		[
			3.666667,
			-1,
			-2.166667
		],
		[
			3.666667,
			-0.333333,
			7.366667
		],
		[
			3.666667,
			10.833333,
			7.366667
		]
	],
	"Mixing" : [
		[
			0,
			0,
			0
		],
		[
			0,
			0,
			0
		],
		[
			0,
			-0.774597,
			0
		],
		[
			0,
			0.632456,
			0
		]
	]
}
