{
	"ncouplings" : 4,
	"bSUSY" : [
		[
			69,
			6.500002,
			-1.999999
		],
		[
			69,
			16,
			2
		],
		[
			69,
			6,
			6.4
		],
		[
			69,
			21.5,
			6.4
		]
	],
	"bSM" : [
		[
			3.666667,
			-3.833332,
			-6.666666
		],
		[
			3.666667,
			2,
			-2.666667
		],
		[
			3.666667,
			-1.333333,
			4.133333
		],
		[
			3.666667,
			9.166667,
			4.133333
		]
	],
	"Mixing" : [
		[
			0,
			0,
			0
		],
		[
			0,
			0,
			0
		],
		[
			0,
			-0.774597,
			0
		],
		[
			0,
			0.632456,
			0
		]
	]
}
