{
	"ncouplings" : 4,
	"bSUSY" : [
		[
			69,
			6.500002,
			5.500002
		],
		[
			69,
			16,
			14.5
		],
		[
			69,
			6,
			10.3
		],
		[
			69,
			15.5,
			10.3
		]
	],
	"bSM" : [
		[
			3.666667,
			-3.833332,
			-4.166666
		],
		[
			3.666667,
			2,
			1.5
		],
		[
			3.666667,
			-1.333333,
			5.433333
		],
		[
			3.666667,
			7.166667,
			5.433333
		]
	],
	"Mixing" : [
		[
			0,
			0,
			0
		],
		[
			0,
			0,
			0
		],
		[
			0,
			-0.774597,
			0
		],
		[
			0,
			0.632456,
			0
		]
	]
}
