{
	"ncouplings" : 4,
	"bSUSY" : [
		[
			69,
			-0.499999,
			-1.999999
		],
		[
			69,
			1,
			0.5
		],
		[
			69,
			9,
			7.3
		],
		[
			69,
			14.5,
			7.3
		]
	],
	"bSM" : [
		[
			3.666667,
			-6.166666,
			-6.666666
		],
		[
			3.666667,
			-3,
			-3.166667
		],
		[
			3.666667,
			-0.333333,
			4.433333
		],
		[
			3.666667,
			6.833333,
			4.433333
		]
	],
	"Mixing" : [
		[
			0,
			0,
			0
		],
		[
			0,
			0,
			0
		],
		[
			0,
			-0.774597,
			0
		],
		[
			0,
			0.632456,
			0
		]
	]
}
