{
	"ncouplings" : 4,
	"bSUSY" : [
		[
			69,
			-0.999999,
			-1.999999
		],
		[
			69,
			6,
			4.5
		],
		[
			69,
			6,
			11.5
		],
		[
			69,
			18.5,
			11.5
		]
	],
	"bSM" : [
		[
			3.666667,
			-6.333333,
			-6.666666
		],
		[
			3.666667,
			-1.333333,
			-1.833333
		],
		[
			3.666667,
			-1.333333,
			5.833333
		],
		[
			3.666667,
			8.166667,
			5.833333
		]
	],
	"Mixing" : [
		[
			0,
			0,
			0
		],
		[
			0,
			0,
			0
		],
		[
			0,
			0.774597,
			0
		],
		[
			0,
			0.632456,
			0
		]
	]
}
