{
	"ncouplings" : 4,
	"bSUSY" : [
		[
			69,
			10.500001,
			9.500001
		],
		[
			69,
			9,
			8.5
		],
		[
			69,
			17,
			14.3
		],
		[
			69,
			12,
			14.3
		]
	],
	"bSM" : [
		[
			3.666667,
			-2.499999,
			-2.833333
		],
		[
			3.666667,
			-0.333333,
			-0.5
		],
		[
			3.666667,
			2.333333,
			6.766667
		],
		[
			3.666667,
			6,
			6.766667
		]
	],
	"Mixing" : [
		[
			0,
			0,
			0
		],
		[
			0,
			0,
			0
		],
		[
			0,
			-0.774597,
			0
		],
		[
			0,
			0.632456,
			0
		]
	]
}
