{
	"ncouplings" : 4,
	"bSUSY" : [
		[
			69,
			10.500001,
			-1.999999
		],
		[
			69,
			9,
			0.5
		],
		[
			69,
			17,
			9.7
		],
		[
			69,
			12,
			9.7
		]
	],
	"bSM" : [
		[
			3.666667,
			-2.499999,
			-6.666666
		],
		[
			3.666667,
			-0.333333,
			-3.166667
		],
		[
			3.666667,
			2.333333,
			5.233333
		],
		[
			3.666667,
			6,
			5.233333
		]
	],
	"Mixing" : [
		[
			0,
			0,
			0
		],
		[
			0,
			0,
			0
		],
		[
			0,
			-0.774597,
			0
		],
		[
			0,
			0.632456,
			0
		]
	]
}
