{
	"ncouplings" : 4,
	"bSUSY" : [
		[
			69,
			11,
			10
		],
		[
			69,
			12,
			10.5
		],
		[
			69,
			14,
			11.5
		],
		[
			69,
			12.5,
			11.5
		]
	],
	"bSM" : [
		[
			3.666667,
			-2.333333,
			-2.666666
		],
		[
			3.666667,
			0.666667,
			0.166667
		],
		[
			3.666667,
			1.333333,
			5.833333
		],
		[
			3.666667,
			6.166667,
			5.833333
		]
	],
	"Mixing" : [
		[
			0,
			0,
			0
		],
		[
			0,
			0,
			0
		],
		[
			0,
			-0.774597,
			0
		],
		[
			0,
			0.632456,
			0
		]
	]
}
