{
	"ncouplings" : 4,
	"bSUSY" : [
		[
			69,
			0.500001,
			-0.499999
		],
		[
			69,
			4,
			2.5
		],
		[
			69,
			12,
			10.9
		],
		[
			69,
			20,
			10.9
		]
	],
	"bSM" : [
		[
			3.666667,
			-5.833333,
			-6.166666
		],
		[
			3.666667,
			-2,
			-2.5
		],
		[
			3.666667,
			0.666667,
			5.633333
		],
		[
			3.666667,
			8.666667,
			5.633333
		]
	],
	"Mixing" : [
		[
			0,
			0,
			0
		],
		[
			0,
			0,
			0
		],
		[
			0,
			-0.774597,
			0
		],
		[
			0,
			0.632456,
			0
		]
	]
}
