{
	"ncouplings" : 4,
	"bSUSY" : [
		[
			69,
			0.500001,
			-0.999999
		],
		[
			69,
			4,
			2.5
		],
		[
			69,
			12,
			10.7
		],
		[
			69,
			20,
			10.7
		]
	],
	"bSM" : [
		[
			3.666667,
			-5.833333,
			-6.333333
		],
		[
			3.666667,
			-2,
			-2.5
		],
		[
			3.666667,
			0.666667,
			5.566667
		],
		[
			3.666667,
			8.666667,
			5.566667
		]
	],
	"Mixing" : [
		[
			0,
			0,
			0
		],
		[
			0,
			0,
			0
		],
		[
			0,
			-0.774597,
			0
		],
		[
			0,
			0.632456,
			0
		]
	]
}
