{
	"ncouplings" : 4,
	"bSUSY" : [
		[
			69,
			0.500001,
			-1.999999
		],
		[
			69,
			10,
			2
		],
		[
			69,
			6,
			6.4
		],
		[
			69,
			20,
			6.4
		]
	],
	"bSM" : [
		[
			3.666667,
			-5.833333,
			-6.666666
		],
		[
			3.666667,
			0,
			-2.666667
		],
		[
			3.666667,
			-1.333333,
			4.133333
		],
		[
			3.666667,
			8.666667,
			4.133333
		]
	],
	"Mixing" : [
		[
			0,
			0,
			0
		],
		[
			0,
			0,
			0
		],
		[
			0,
			-0.774597,
			0
		],
		[
			0,
			0.632456,
			0
		]
	]
}
