{
	"ncouplings" : 4,
	"bSUSY" : [
		[
			69,
			4.500002,
			-0.499999
		],
		[
			69,
			1,
			0.5
		],
		[
			69,
			15,
			6.7
		],
		[
			69,
			13.5,
			6.7
		]
	],
	"bSM" : [
		[
			3.666667,
			-4.499999,
			-6.166666
		],
		[
			3.666667,
			-3,
			-3.166667
		],
		[
			3.666667,
			1.666667,
			4.233333
		],
		[
			3.666667,
			6.5,
			4.233333
		]
	],
	"Mixing" : [
		[
			0,
			0,
			0
		],
		[
			0,
			0,
			0
		],
		[
			0,
			-0.774597,
			0
		],
		[
			0,
			0.632456,
			0
		]
	]
}
