{
	"ncouplings" : 4,
	"bSUSY" : [
		[
			69,
			11,
			10
		],
		[
			69,
			12,
			10.5
		],
		[
			69,
			14,
			16.3
		],
		[
			69,
			18.5,
			16.3
		]
	],
	"bSM" : [
		[
			3.666667,
			-2.333333,
			-2.666666
		],
		[
			3.666667,
			0.666667,
			0.166667
		],
		[
			3.666667,
			1.333333,
			7.433333
		],
		[
			3.666667,
			8.166667,
			7.433333
		]
	],
	"Mixing" : [
		[
			0,
			0,
			0
		],
		[
			0,
			0,
			0
		],
		[
			0,
			-0.774597,
			0
		],
		[
			0,
			0.632456,
			0
		]
	]
}
