{
	"ncouplings" : 4,
	"bSUSY" : [
		[
			69,
			-2.499999,
			-2.499999
		],
		[
			69,
			1,
			0.5
		],
		[
			69,
			3,
			7.1
		],
		[
			69,
			12.5,
			7.1
		]
	],
	"bSM" : [
		[
			3.666667,
			-6.833333,
			-6.833333
		],
		[
			3.666667,
			-3,
			-3.166667
		],
		[
			3.666667,
			-2.333333,
			4.366667
		],
		[
			3.666667,
			6.166667,
			4.366667
		]
	],
	"Mixing" : [
		[
			0,
			0,
			0
		],
		[
			0,
			0,
			0
		],
		[
			0,
			-0.774597,
			0
		],
		[
			0,
			0.632456,
			0
		]
	]
}
