{
	"ncouplings" : 4,
	"bSUSY" : [
		[
			69,
			6.500002,
			4
		],
		[
			69,
			4,
			3.5
		],
		[
			69,
			18,
			18.1
		],
		[
			69,
			21.5,
			18.1
		]
	],
	"bSM" : [
		[
			3.666667,
			-3.833332,
			-4.666666
		],
		[
			3.666667,
			-2,
			-2.166667
		],
		[
			3.666667,
			2.666667,
			8.033333
		],
		[
			3.666667,
			9.166667,
			8.033333
		]
	],
	"Mixing" : [
		[
			0,
			0,
			0
		],
		[
			0,
			0,
			0
		],
		[
			0,
			-0.774597,
			0
		],
		[
			0,
			0.632456,
			0
		]
	]
}
