{
	"ncouplings" : 4,
	"bSUSY" : [
		[
			69,
			0.500001,
			-0.999999
		],
		[
			69,
			4,
			2
		],
		[
			69,
			12,
			7.4
		],
		[
			69,
			20,
			7.4
		]
	],
	"bSM" : [
		[
			3.666667,
			-5.833333,
			-6.333333
		],
		[
			3.666667,
			-2,
			-2.666667
		],
		[
			3.666667,
			0.666667,
			4.466667
		],
		[
			3.666667,
			8.666667,
			4.466667
		]
	],
	"Mixing" : [
		[
			0,
			0,
			0
		],
		[
			0,
			0,
			0
		],
		[
			0,
			-0.774597,
			0
		],
		[
			0,
			0.632456,
			0
		]
	]
}
