{
	"ncouplings" : 4,
	"bSUSY" : [
		[
			69,
			-0.999999,
			-0.999999
		],
		[
			69,
			4,
			3.5
		],
		[
			69,
			8,
			10.1
		],
		[
			69,
			12.5,
			10.1
		]
	],
	"bSM" : [
		[
			3.666667,
			-6.333333,
			-6.333333
		],
		[
			3.666667,
			-2,
			-2.166667
		],
		[
			3.666667,
			-0.666667,
			5.366667
		],
		[
			3.666667,
			6.166667,
			5.366667
		]
	],
	"Mixing" : [
		[
			0,
			0,
			0
		],
		[
			0,
			0,
			0
		],
		[
			0,
			0.774597,
			0
		],
		[
			0,
			0.632456,
			0
		]
	]
}
