{
	"ncouplings" : 4,
	"bSUSY" : [
		[
			69,
			6.500002,
			2
		],
		[
			69,
			4,
			0.5
		],
		[
			69,
			18,
			14.3
		],
		[
			69,
			15.5,
			14.3
		]
	],
	"bSM" : [
		[
			3.666667,
			-3.833332,
			-5.333332
		],
		[
			3.666667,
			-2,
			-3.166667
		],
		[
			3.666667,
			2.666667,
			6.766667
		],
		[
			3.666667,
			7.166667,
			6.766667
		]
	],
	"Mixing" : [
		[
			0,
			0,
			0
		],
		[
			0,
			0,
			0
		],
		[
			0,
			-0.774597,
			0
		],
		[
			0,
			0.632456,
			0
		]
	]
}
