{
	"ncouplings" : 4,
	"bSUSY" : [
		[
			69,
			0.500001,
			0.500001
		],
		[
			69,
			10,
			9.5
		],
		[
			69,
			6,
			11.9
		],
		[
			69,
			20,
			11.9
		]
	],
	"bSM" : [
		[
			3.666667,
			-5.833333,
			-5.833333
		],
		[
			3.666667,
			0,
			-0.166667
		],
		[
			3.666667,
			-1.333333,
			5.966667
		],
		[
			3.666667,
			8.666667,
			5.966667
		]
	],
	"Mixing" : [
		[
			0,
			0,
			0
		],
		[
			0,
			0,
			0
		],
		[
			0,
			-0.774597,
			0
		],
		[
			0,
			0.632456,
			0
		]
	]
}
