{
	"ncouplings" : 4,
	"bSUSY" : [
		[
			69,
			-0.999999,
			-2.999999
		],
		[
			69,
			6,
			3
		],
		[
			69,
			6,
			6.6
		],
		[
			69,
			18.5,
			6.6
		]
	],
	"bSM" : [
		[
			3.666667,
			-6.333333,
			-6.999999
		],
		[
			3.666667,
			-1.333333,
			-2.333333
		],
		[
			3.666667,
			-1.333333,
			4.2
		],
		[
			3.666667,
			8.166667,
			4.2
		]
	],
	"Mixing" : [
		[
			0,
			0,
			0
		],
		[
			0,
			0,
			0
		],
		[
			0,
			0.774597,
			0
		],
		[
			0,
			0.632456,
			0
		]
	]
}
