{
	"ncouplings" : 4,
	"bSUSY" : [
		[
			69,
			0.500001,
			-0.499999
		],
		[
			69,
			10,
			8.5
		],
		[
			69,
			6,
			12.1
		],
		[
			69,
			20,
			12.1
		]
	],
	"bSM" : [
		[
			3.666667,
			-5.833333,
			-6.166666
		],
		[
			3.666667,
			0,
			-0.5
		],
		[
			3.666667,
			-1.333333,
			6.033333
		],
		[
			3.666667,
			8.666667,
			6.033333
		]
	],
	"Mixing" : [
		[
			0,
			0,
			0
		],
		[
			0,
			0,
			0
		],
		[
			0,
			-0.774597,
			0
		],
		[
			0,
			0.632456,
			0
		]
	]
}
