{
	"ncouplings" : 4,
	"bSUSY" : [
		[
			69,
			6.500002,
			5.500002
		],
		[
			69,
			16,
			14
		],
		[
			69,
			6,
			7.6
		],
		[
			69,
			21.5,
			7.6
		]
	],
	"bSM" : [
		[
			3.666667,
			-3.833332,
			-4.166666
		],
		[
			3.666667,
			2,
			1.333333
		],
		[
			3.666667,
			-1.333333,
			4.533333
		],
		[
			3.666667,
			9.166667,
			4.533333
		]
	],
	"Mixing" : [
		[
			0,
			0,
			0
		],
		[
			0,
			0,
			0
		],
		[
			0,
			-0.774597,
			0
		],
		[
			0,
			0.632456,
			0
		]
	]
}
