{
	"ncouplings" : 4,
	"bSUSY" : [
		[
			69,
			11,
			4
		],
		[
			69,
			12,
			6.5
		],
		[
			69,
			14,
			13.9
		],
		[
			69,
			18.5,
			13.9
		]
	],
	"bSM" : [
		[
			3.666667,
			-2.333333,
			-4.666666
		],
		[
			3.666667,
			0.666667,
			-1.166667
		],
		[
			3.666667,
			1.333333,
			6.633333
		],
		[
			3.666667,
			8.166667,
			6.633333
		]
	],
	"Mixing" : [
		[
			0,
			0,
			0
		],
		[
			0,
			0,
			0
		],
		[
			0,
			-0.774597,
			0
		],
		[
			0,
			0.632456,
			0
		]
	]
}
