{
	"ncouplings" : 4,
	"bSUSY" : [
		[
			69,
			11,
			-0.999999
		],
		[
			69,
			12,
			3.5
		],
		[
			69,
			14,
			8.9
		],
		[
			69,
			12.5,
			8.9
		]
	],
	"bSM" : [
		[
			3.666667,
			-2.333333,
			-6.333333
		],
		[
			3.666667,
			0.666667,
			-2.166667
		],
		[
			3.666667,
			1.333333,
			4.966667
		],
		[
			3.666667,
			6.166667,
			4.966667
		]
	],
	"Mixing" : [
		[
			0,
			0,
			0
		],
		[
			0,
			0,
			0
		],
		[
			0,
			-0.774597,
			0
		],
		[
			0,
			0.632456,
			0
		]
	]
}
