{
	"ncouplings" : 4,
	"bSUSY" : [
		[
			69,
			11,
			5
		],
		[
			69,
			12,
			7.5
		],
		[
			69,
			14,
			13.7
		],
		[
			69,
			18.5,
			13.7
		]
	],
	"bSM" : [
		[
			3.666667,
			-2.333333,
			-4.333333
		],
		[
			3.666667,
			0.666667,
			-0.833333
		],
		[
			3.666667,
			1.333333,
			6.566667
		],
		[
			3.666667,
			8.166667,
			6.566667
		]
	],
	"Mixing" : [
		[
			0,
			0,
			0
		],
		[
			0,
			0,
			0
		],
		[
			0,
			-0.774597,
			0
		],
		[
			0,
			0.632456,
			0
		]
	]
}
