{
	"ncouplings" : 4,
	"bSUSY" : [
		[
			69,
			6.500002,
			5.500002
		],
		[
			69,
			4,
			2.5
		],
		[
			69,
			18,
			15.1
		],
		[
			69,
			21.5,
			15.1
		]
	],
	"bSM" : [
		[
			3.666667,
			-3.833332,
			-4.166666
		],
		[
			3.666667,
			-2,
			-2.5
		],
		[
			3.666667,
			2.666667,
			7.033333
		],
		[
			3.666667,
			9.166667,
			7.033333
		]
	],
	"Mixing" : [
		[
			0,
			0,
			0
		],
		[
			0,
			0,
			0
		],
		[
			0,
			-0.774597,
			0
		],
		[
			0,
			0.632456,
			0
		]
	]
}
