{
	"ncouplings" : 4,
	"bSUSY" : [
		[
			69,
			0.500001,
			-0.499999
		],
		[
			69,
			10,
			8
		],
		[
			69,
			6,
			9.4
		],
		[
			69,
			14,
			9.4
		]
	],
	"bSM" : [
		[
			3.666667,
			-5.833333,
			-6.166666
		],
		[
			3.666667,
			0,
			-0.666667
		],
		[
			3.666667,
			-1.333333,
			5.133333
		],
		[
			3.666667,
			6.666667,
			5.133333
		]
	],
	"Mixing" : [
		[
			0,
			0,
			0
		],
		[
			0,
			0,
			0
		],
		[
			0,
			-0.774597,
			0
		],
		[
			0,
			0.632456,
			0
		]
	]
}
