{
	"ncouplings" : 4,
	"bSUSY" : [
		[
			69,
			11,
			11
		],
		[
			69,
			12,
			12
		],
		[
			69,
			14,
			16.4
		],
		[
			69,
			18.5,
			16.4
		]
	],
	"bSM" : [
		[
			3.666667,
			-2.333333,
			-2.333333
		],
		[
			3.666667,
			0.666667,
			0.666667
		],
		[
			3.666667,
			1.333333,
			7.466667
		],
		[
			3.666667,
			8.166667,
			7.466667
		]
	],
	"Mixing" : [
		[
			0,
			0,
			0
		],
		[
			0,
			0,
			0
		],
		[
			0,
			-0.774597,
			0
		],
		[
			0,
			0.632456,
			0
		]
	]
}
