{
	"ncouplings" : 4,
	"bSUSY" : [
		[
			69,
			0.500001,
			-0.999999
		],
		[
			69,
			4,
			3.5
		],
		[
			69,
			12,
			8.9
		],
		[
			69,
			14,
			8.9
		]
	],
	"bSM" : [
		[
			3.666667,
			-5.833333,
			-6.333333
		],
		[
			3.666667,
			-2,
			-2.166667
		],
		[
			3.666667,
			0.666667,
			4.966667
		],
		[
			3.666667,
			6.666667,
			4.966667
		]
	],
	"Mixing" : [
		[
			0,
			0,
			0
		],
		[
			0,
			0,
			0
		],
		[
			0,
			-0.774597,
			0
		],
		[
			0,
			0.632456,
			0
		]
	]
}
