{
	"ncouplings" : 4,
	"bSUSY" : [
		[
			69,
			-0.999999,
			-0.999999
		],
		[
			69,
			6,
			6
		],
		[
			69,
			6,
			11.6
		],
		[
			69,
			18.5,
			11.6
		]
	],
	"bSM" : [
		[
			3.666667,
			-6.333333,
			-6.333333
		],
		[
			3.666667,
			-1.333333,
			-1.333333
		],
		[
			3.666667,
			-1.333333,
			5.866667
		],
		[
			3.666667,
			8.166667,
			5.866667
		]
	],
	"Mixing" : [
		[
			0,
			0,
			0
		],
		[
			0,
			0,
			0
		],
		[
			0,
			0.774597,
			0
		],
		[
			0,
			0.632456,
			0
		]
	]
}
