{
	"ncouplings" : 4,
	"bSUSY" : [
		[
			69,
			6.500002,
			6.500002
		],
		[
			69,
			16,
			15.5
		],
		[
			69,
			6,
			12.5
		],
		[
			69,
			21.5,
			12.5
		]
	],
	"bSM" : [
		[
			3.666667,
			-3.833332,
			-3.833332
		],
		[
			3.666667,
			2,
			1.833333
		],
		[
			3.666667,
			-1.333333,
			6.166667
		],
		[
			3.666667,
			9.166667,
			6.166667
		]
	],
	"Mixing" : [
		[
			0,
			0,
			0
		],
		[
			0,
			0,
			0
		],
		[
			0,
			-0.774597,
			0
		],
		[
			0,
			0.632456,
			0
		]
	]
}
