{
	"ncouplings" : 4,
	"bSUSY" : [
		[
			69,
			6.500002,
			5.500002
		],
		[
			69,
			4,
			2
		],
		[
			69,
			18,
			19.6
		],
		[
			69,
			21.5,
			19.6
		]
	],
	"bSM" : [
		[
			3.666667,
			-3.833332,
			-4.166666
		],
		[
			3.666667,
			-2,
			-2.666667
		],
		[
			3.666667,
			2.666667,
			8.533333
		],
		[
			3.666667,
			9.166667,
			8.533333
		]
	],
	"Mixing" : [
		[
			0,
			0,
			0
		],
		[
			0,
			0,
			0
		],
		[
			0,
			-0.774597,
			0
		],
		[
			0,
			0.632456,
			0
		]
	]
}
