{
	"ncouplings" : 4,
	"bSUSY" : [
		[
			69,
			6.500002,
			-1.999999
		],
		[
			69,
			4,
			2
		],
		[
			69,
			18,
			6.4
		],
		[
			69,
			15.5,
			6.4
		]
	],
	"bSM" : [
		[
			3.666667,
			-3.833332,
			-6.666666
		],
		[
			3.666667,
			-2,
			-2.666667
		],
		[
			3.666667,
			2.666667,
			4.133333
		],
		[
			3.666667,
			7.166667,
			4.133333
		]
	],
	"Mixing" : [
		[
			0,
			0,
			0
		],
		[
			0,
			0,
			0
		],
		[
			0,
			-0.774597,
			0
		],
		[
			0,
			0.632456,
			0
		]
	]
}
