{
	"ncouplings" : 4,
	"bSUSY" : [
		[
			69,
			-0.999999,
			-1.999999
		],
		[
			69,
			4,
			2.5
		],
		[
			69,
			8,
			9.1
		],
		[
			69,
			12.5,
			9.1
		]
	],
	"bSM" : [
		[
			3.666667,
			-6.333333,
			-6.666666
		],
		[
			3.666667,
			-2,
			-2.5
		],
		[
			3.666667,
			-0.666667,
			5.033333
		],
		[
			3.666667,
			6.166667,
			5.033333
		]
	],
	"Mixing" : [
		[
			0,
			0,
			0
		],
		[
			0,
			0,
			0
		],
		[
			0,
			0.774597,
			0
		],
		[
			0,
			0.632456,
			0
		]
	]
}
