{
	"ncouplings" : 4,
	"bSUSY" : [
		[
			69,
			-0.499999,
			-0.999999
		],
		[
			69,
			4,
			3.5
		],
		[
			69,
			6,
			11.3
		],
		[
			69,
			19,
			11.3
		]
	],
	"bSM" : [
		[
			3.666667,
			-6.166666,
			-6.333333
		],
		[
			3.666667,
			-2,
			-2.166667
		],
		[
			3.666667,
			-1.333333,
			5.766667
		],
		[
			3.666667,
			8.333333,
			5.766667
		]
	],
	"Mixing" : [
		[
			0,
			0,
			0
		],
		[
			0,
			0,
			0
		],
		[
			0,
			-0.774597,
			0
		],
		[
			0,
			0.632456,
			0
		]
	]
}
