{
	"ncouplings" : 4,
	"bSUSY" : [
		[
			69,
			6.500002,
			-0.499999
		],
		[
			69,
			4,
			0.5
		],
		[
			69,
			18,
			6.7
		],
		[
			69,
			15.5,
			6.7
		]
	],
	"bSM" : [
		[
			3.666667,
			-3.833332,
			-6.166666
		],
		[
			3.666667,
			-2,
			-3.166667
		],
		[
			3.666667,
			2.666667,
			4.233333
		],
		[
			3.666667,
			7.166667,
			4.233333
		]
	],
	"Mixing" : [
		[
			0,
			0,
			0
		],
		[
			0,
			0,
			0
		],
		[
			0,
			-0.774597,
			0
		],
		[
			0,
			0.632456,
			0
		]
	]
}
