{
	"ncouplings" : 4,
	"bSUSY" : [
		[
			69,
			1,
			-1.999999
		],
		[
			69,
			7,
			2
		],
		[
			69,
			9,
			11.2
		],
		[
			69,
			26.5,
			11.2
		]
	],
	"bSM" : [
		[
			3.666667,
			-5.666666,
			-6.666666
		],
		[
			3.666667,
			-1,
			-2.666667
		],
		[
			3.666667,
			-0.333333,
			5.733333
		],
		[
			3.666667,
			10.833333,
			5.733333
		]
	],
	"Mixing" : [
		[
			0,
			0,
			0
		],
		[
			0,
			0,
			0
		],
		[
			0,
			-0.774597,
			0
		],
		[
			0,
			0.632456,
			0
		]
	]
}
