{
	"ncouplings" : 4,
	"bSUSY" : [
		[
			69,
			-0.499999,
			-0.999999
		],
		[
			69,
			1,
			0.5
		],
		[
			69,
			9,
			10.7
		],
		[
			69,
			14.5,
			10.7
		]
	],
	"bSM" : [
		[
			3.666667,
			-6.166666,
			-6.333333
		],
		[
			3.666667,
			-3,
			-3.166667
		],
		[
			3.666667,
			-0.333333,
			5.566667
		],
		[
			3.666667,
			6.833333,
			5.566667
		]
	],
	"Mixing" : [
		[
			0,
			0,
			0
		],
		[
			0,
			0,
			0
		],
		[
			0,
			-0.774597,
			0
		],
		[
			0,
			0.632456,
			0
		]
	]
}
